#
# There is insufficient memory for the Java Runtime Environment to continue.
# Native memory allocation (malloc) failed to allocate 968656 bytes. Error detail: Chunk::new
# Possible reasons:
#   The system is out of physical RAM or swap space
#   This process is running with CompressedOops enabled, and the Java Heap may be blocking the growth of the native heap
# Possible solutions:
#   Reduce memory load on the system
#   Increase physical memory or swap space
#   Check if swap backing store is full
#   Decrease Java heap size (-Xmx/-Xms)
#   Decrease number of Java threads
#   Decrease Java thread stack sizes (-Xss)
#   Set larger code cache with -XX:ReservedCodeCacheSize=
#   JVM is running with Unscaled Compressed Oops mode in which the Java heap is
#     placed in the first 4GB address space. The Java Heap base address is the
#     maximum limit for the native heap growth. Please use -XX:HeapBaseMinAddress
#     to set the Java Heap base and to place the Java Heap above 4GB virtual address.
# This output file may be truncated or incomplete.
#
#  Out of Memory Error (arena.cpp:168), pid=17296, tid=21768
#
# JRE version: OpenJDK Runtime Environment Temurin-21.0.6+7 (21.0.6+7) (build 21.0.6+7-LTS)
# Java VM: OpenJDK 64-Bit Server VM Temurin-21.0.6+7 (21.0.6+7-LTS, mixed mode, sharing, tiered, compressed oops, compressed class ptrs, parallel gc, windows-amd64)
# No core dump will be written. Minidumps are not enabled by default on client versions of Windows
#

---------------  S U M M A R Y ------------

Command Line: --add-modules=ALL-SYSTEM --add-opens=java.base/java.util=ALL-UNNAMED --add-opens=java.base/java.lang=ALL-UNNAMED --add-opens=java.base/sun.nio.fs=ALL-UNNAMED -Declipse.application=org.eclipse.jdt.ls.core.id1 -Dosgi.bundles.defaultStartLevel=4 -Declipse.product=org.eclipse.jdt.ls.core.product -Djava.import.generatesMetadataFilesAtProjectRoot=false -DDetectVMInstallationsJob.disabled=true -Dfile.encoding=utf8 -XX:+UseParallelGC -XX:GCTimeRatio=4 -XX:AdaptiveSizePolicyWeight=90 -Dsun.zip.disableMemoryMapping=true -Xmx1G -Xms100m -Xlog:disable -javaagent:c:\Users\ASUS\.vscode\extensions\redhat.java-1.40.0-win32-x64\lombok\lombok-1.18.36.jar -XX:+HeapDumpOnOutOfMemoryError -XX:HeapDumpPath=c:\Users\ASUS\AppData\Roaming\Code\User\workspaceStorage\b386038ac4fada495da08a274342fa16\redhat.java -Daether.dependencyCollector.impl=bf c:\Users\ASUS\.vscode\extensions\redhat.java-1.40.0-win32-x64\server\plugins\org.eclipse.equinox.launcher_1.6.1000.v20250131-0606.jar -configuration c:\Users\ASUS\AppData\Roaming\Code\User\globalStorage\redhat.java\1.40.0\config_win -data c:\Users\ASUS\AppData\Roaming\Code\User\workspaceStorage\b386038ac4fada495da08a274342fa16\redhat.java\jdt_ws --pipe=\\.\pipe\lsp-1486c08a576d6f68ea913694a5360ad9-sock

Host: 11th Gen Intel(R) Core(TM) i7-11370H @ 3.30GHz, 8 cores, 15G,  Windows 11 , 64 bit Build 22621 (10.0.22621.4974)
Time: Mon Mar 17 23:56:22 2025 Malay Peninsula Standard Time elapsed time: 5.459120 seconds (0d 0h 0m 5s)

---------------  T H R E A D  ---------------

Current thread (0x000002277686f040):  JavaThread "C2 CompilerThread2" daemon [_thread_in_native, id=21768, stack(0x0000009795700000,0x0000009795800000) (1024K)]


Current CompileTask:
C2:5459 5279   !   4       org.eclipse.osgi.internal.loader.BundleLoader::findRequiredSource (283 bytes)

Stack: [0x0000009795700000,0x0000009795800000]
Native frames: (J=compiled Java code, j=interpreted, Vv=VM code, C=native code)
V  [jvm.dll+0x6cdee9]
V  [jvm.dll+0x8a83d1]
V  [jvm.dll+0x8aa8fe]
V  [jvm.dll+0x8aafe3]
V  [jvm.dll+0x27f706]
V  [jvm.dll+0xc500d]
V  [jvm.dll+0xc5543]
V  [jvm.dll+0x2f2acd]
V  [jvm.dll+0x5f6a2a]
V  [jvm.dll+0x250bb2]
V  [jvm.dll+0x250f6f]
V  [jvm.dll+0x249834]
V  [jvm.dll+0x246ec4]
V  [jvm.dll+0x1c75ee]
V  [jvm.dll+0x25685a]
V  [jvm.dll+0x254dfa]
V  [jvm.dll+0x3f0256]
V  [jvm.dll+0x851f8b]
V  [jvm.dll+0x6cc5ed]
C  [ucrtbase.dll+0x29333]
C  [KERNEL32.DLL+0x1259d]
C  [ntdll.dll+0x5af38]


---------------  P R O C E S S  ---------------

Threads class SMR info:
_java_thread_list=0x000002277976ebe0, length=41, elements={
0x000002275af5c350, 0x000002276f30e1e0, 0x000002276f30f930, 0x000002276f312b20,
0x000002276f313b20, 0x000002276f314b20, 0x000002276f316870, 0x000002276f3197a0,
0x000002276f34c540, 0x0000022775099a80, 0x000002277530b980, 0x0000022775b733d0,
0x0000022775df4ad0, 0x0000022775dc2620, 0x0000022775d2c050, 0x0000022776599840,
0x0000022775f1b1f0, 0x00000227760ed190, 0x00000227761ddef0, 0x00000227761df2a0,
0x00000227761df930, 0x00000227761dec10, 0x0000022775eb3f40, 0x000002277686f040,
0x00000227761dd860, 0x00000227761de580, 0x00000227761dffc0, 0x00000227761dcb40,
0x00000227761dd1d0, 0x00000227782cd820, 0x00000227782cf260, 0x00000227782cdeb0,
0x00000227782cebd0, 0x00000227782cff80, 0x00000227782cf8f0, 0x00000227782d0610,
0x00000227782ce540, 0x00000227782cd190, 0x0000022778d2f0d0, 0x0000022778d31830,
0x0000022778d311a0
}

Java Threads: ( => current thread )
  0x000002275af5c350 JavaThread "main"                              [_thread_blocked, id=26800, stack(0x0000009793500000,0x0000009793600000) (1024K)]
  0x000002276f30e1e0 JavaThread "Reference Handler"          daemon [_thread_blocked, id=7112, stack(0x0000009793a00000,0x0000009793b00000) (1024K)]
  0x000002276f30f930 JavaThread "Finalizer"                  daemon [_thread_blocked, id=25304, stack(0x0000009793b00000,0x0000009793c00000) (1024K)]
  0x000002276f312b20 JavaThread "Signal Dispatcher"          daemon [_thread_blocked, id=8484, stack(0x0000009793c00000,0x0000009793d00000) (1024K)]
  0x000002276f313b20 JavaThread "Attach Listener"            daemon [_thread_blocked, id=21376, stack(0x0000009793d00000,0x0000009793e00000) (1024K)]
  0x000002276f314b20 JavaThread "Service Thread"             daemon [_thread_blocked, id=9872, stack(0x0000009793e00000,0x0000009793f00000) (1024K)]
  0x000002276f316870 JavaThread "Monitor Deflation Thread"   daemon [_thread_blocked, id=21300, stack(0x0000009793f00000,0x0000009794000000) (1024K)]
  0x000002276f3197a0 JavaThread "C2 CompilerThread0"         daemon [_thread_in_native, id=26252, stack(0x0000009794000000,0x0000009794100000) (1024K)]
  0x000002276f34c540 JavaThread "C1 CompilerThread0"         daemon [_thread_blocked, id=22924, stack(0x0000009794100000,0x0000009794200000) (1024K)]
  0x0000022775099a80 JavaThread "Common-Cleaner"             daemon [_thread_blocked, id=13660, stack(0x0000009794200000,0x0000009794300000) (1024K)]
  0x000002277530b980 JavaThread "Notification Thread"        daemon [_thread_blocked, id=23996, stack(0x0000009794400000,0x0000009794500000) (1024K)]
  0x0000022775b733d0 JavaThread "Active Thread: Equinox Container: 0fcaab62-4070-4519-b4d3-8181048ff266"        [_thread_blocked, id=16988, stack(0x0000009794c00000,0x0000009794d00000) (1024K)]
  0x0000022775df4ad0 JavaThread "Refresh Thread: Equinox Container: 0fcaab62-4070-4519-b4d3-8181048ff266" daemon [_thread_blocked, id=26124, stack(0x0000009794d00000,0x0000009794e00000) (1024K)]
  0x0000022775dc2620 JavaThread "Framework Event Dispatcher: Equinox Container: 0fcaab62-4070-4519-b4d3-8181048ff266" daemon [_thread_blocked, id=3096, stack(0x0000009794e00000,0x0000009794f00000) (1024K)]
  0x0000022775d2c050 JavaThread "Start Level: Equinox Container: 0fcaab62-4070-4519-b4d3-8181048ff266" daemon [_thread_blocked, id=26816, stack(0x0000009795000000,0x0000009795100000) (1024K)]
  0x0000022776599840 JavaThread "Bundle File Closer"         daemon [_thread_blocked, id=3920, stack(0x0000009795100000,0x0000009795200000) (1024K)]
  0x0000022775f1b1f0 JavaThread "SCR Component Actor"        daemon [_thread_blocked, id=20924, stack(0x0000009795200000,0x0000009795300000) (1024K)]
  0x00000227760ed190 JavaThread "SCR Component Registry"     daemon [_thread_blocked, id=24116, stack(0x0000009795300000,0x0000009795400000) (1024K)]
  0x00000227761ddef0 JavaThread "Worker-JM"                         [_thread_blocked, id=27840, stack(0x0000009795400000,0x0000009795500000) (1024K)]
  0x00000227761df2a0 JavaThread "JNA Cleaner"                daemon [_thread_blocked, id=19384, stack(0x0000009794500000,0x0000009794600000) (1024K)]
  0x00000227761df930 JavaThread "Worker-0: Repository registry initialization"        [_thread_in_vm, id=13844, stack(0x0000009795500000,0x0000009795600000) (1024K)]
  0x00000227761dec10 JavaThread "Worker-1: Updating Maven Dependencies"        [_thread_blocked, id=27192, stack(0x0000009795600000,0x0000009795700000) (1024K)]
  0x0000022775eb3f40 JavaThread "C2 CompilerThread1"         daemon [_thread_in_native, id=2824, stack(0x0000009794300000,0x0000009794400000) (1024K)]
=>0x000002277686f040 JavaThread "C2 CompilerThread2"         daemon [_thread_in_native, id=21768, stack(0x0000009795700000,0x0000009795800000) (1024K)]
  0x00000227761dd860 JavaThread "Java indexing"              daemon [_thread_blocked, id=3616, stack(0x0000009795800000,0x0000009795900000) (1024K)]
  0x00000227761de580 JavaThread "Worker-2: Initialize After Load"        [_thread_blocked, id=20176, stack(0x0000009795900000,0x0000009795a00000) (1024K)]
  0x00000227761dffc0 JavaThread "Worker-3"                          [_thread_blocked, id=5144, stack(0x0000009795a00000,0x0000009795b00000) (1024K)]
  0x00000227761dcb40 JavaThread "Worker-4"                          [_thread_blocked, id=11292, stack(0x0000009795b00000,0x0000009795c00000) (1024K)]
  0x00000227761dd1d0 JavaThread "Worker-5"                          [_thread_blocked, id=14732, stack(0x0000009795c00000,0x0000009795d00000) (1024K)]
  0x00000227782cd820 JavaThread "Thread-2"                   daemon [_thread_in_native, id=19416, stack(0x0000009795d00000,0x0000009795e00000) (1024K)]
  0x00000227782cf260 JavaThread "Thread-3"                   daemon [_thread_in_native, id=11792, stack(0x0000009795e00000,0x0000009795f00000) (1024K)]
  0x00000227782cdeb0 JavaThread "Thread-4"                   daemon [_thread_in_native, id=14680, stack(0x0000009795f00000,0x0000009796000000) (1024K)]
  0x00000227782cebd0 JavaThread "Thread-5"                   daemon [_thread_in_native, id=20420, stack(0x0000009796000000,0x0000009796100000) (1024K)]
  0x00000227782cff80 JavaThread "Thread-6"                   daemon [_thread_in_native, id=25712, stack(0x0000009796100000,0x0000009796200000) (1024K)]
  0x00000227782cf8f0 JavaThread "Thread-7"                   daemon [_thread_in_native, id=25056, stack(0x0000009796200000,0x0000009796300000) (1024K)]
  0x00000227782d0610 JavaThread "Thread-8"                   daemon [_thread_in_native, id=21960, stack(0x0000009796300000,0x0000009796400000) (1024K)]
  0x00000227782ce540 JavaThread "Thread-9"                   daemon [_thread_in_native, id=22116, stack(0x0000009796400000,0x0000009796500000) (1024K)]
  0x00000227782cd190 JavaThread "Thread-10"                  daemon [_thread_in_native, id=17668, stack(0x0000009796500000,0x0000009796600000) (1024K)]
  0x0000022778d2f0d0 JavaThread "pool-2-thread-1"                   [_thread_blocked, id=25496, stack(0x0000009796600000,0x0000009796700000) (1024K)]
  0x0000022778d31830 JavaThread "WorkspaceEventsHandler"            [_thread_blocked, id=23764, stack(0x0000009796700000,0x0000009796800000) (1024K)]
  0x0000022778d311a0 JavaThread "pool-1-thread-1"                   [_thread_blocked, id=27412, stack(0x0000009796800000,0x0000009796900000) (1024K)]
Total: 41

Other Threads:
  0x000002275b01e3a0 VMThread "VM Thread"                           [id=13884, stack(0x0000009793900000,0x0000009793a00000) (1024K)]
  0x000002275afc5960 WatcherThread "VM Periodic Task Thread"        [id=22476, stack(0x0000009793800000,0x0000009793900000) (1024K)]
  0x000002275af7aab0 WorkerThread "GC Thread#0"                     [id=23108, stack(0x0000009793700000,0x0000009793800000) (1024K)]
  0x0000022775710da0 WorkerThread "GC Thread#1"                     [id=4500, stack(0x0000009794600000,0x0000009794700000) (1024K)]
  0x00000227753c2cd0 WorkerThread "GC Thread#2"                     [id=25528, stack(0x0000009794700000,0x0000009794800000) (1024K)]
  0x00000227757d0d80 WorkerThread "GC Thread#3"                     [id=25240, stack(0x0000009794800000,0x0000009794900000) (1024K)]
  0x0000022775864d10 WorkerThread "GC Thread#4"                     [id=9084, stack(0x0000009794900000,0x0000009794a00000) (1024K)]
  0x00000227758650b0 WorkerThread "GC Thread#5"                     [id=21880, stack(0x0000009794a00000,0x0000009794b00000) (1024K)]
  0x0000022775865450 WorkerThread "GC Thread#6"                     [id=13572, stack(0x0000009794b00000,0x0000009794c00000) (1024K)]
  0x0000022775ef1950 WorkerThread "GC Thread#7"                     [id=16896, stack(0x0000009794f00000,0x0000009795000000) (1024K)]
Total: 10

Threads with active compile tasks:
C2 CompilerThread0  5478 5321   !   4       java.util.zip.InflaterInputStream::read (129 bytes)
C2 CompilerThread1  5478 5105   !   4       org.eclipse.osgi.internal.loader.classpath.ClasspathManager::defineClass (636 bytes)
C2 CompilerThread2  5478 5279   !   4       org.eclipse.osgi.internal.loader.BundleLoader::findRequiredSource (283 bytes)
Total: 3

VM state: not at safepoint (normal execution)

VM Mutex/Monitor currently owned by a thread: None

Heap address: 0x00000000c0000000, size: 1024 MB, Compressed Oops mode: 32-bit

CDS archive(s) mapped at: [0x0000022700000000-0x0000022700ba0000-0x0000022700ba0000), size 12189696, SharedBaseAddress: 0x0000022700000000, ArchiveRelocationMode: 1.
Compressed class space mapped at: 0x0000022701000000-0x0000022741000000, reserved size: 1073741824
Narrow klass base: 0x0000022700000000, Narrow klass shift: 0, Narrow klass range: 0x100000000

GC Precious Log:
 CardTable entry size: 512
 CPUs: 8 total, 8 available
 Memory: 16075M
 Large Page Support: Disabled
 NUMA Support: Disabled
 Compressed Oops: Enabled (32-bit)
 Alignments: Space 512K, Generation 512K, Heap 2M
 Heap Min Capacity: 100M
 Heap Initial Capacity: 100M
 Heap Max Capacity: 1G
 Pre-touch: Disabled
 Parallel Workers: 8

Heap:
 PSYoungGen      total 23552K, used 20484K [0x00000000eab00000, 0x00000000ec580000, 0x0000000100000000)
  eden space 22016K, 88% used [0x00000000eab00000,0x00000000ebe21140,0x00000000ec080000)
  from space 1536K, 58% used [0x00000000ec300000,0x00000000ec3e0000,0x00000000ec480000)
  to   space 1024K, 0% used [0x00000000ec480000,0x00000000ec480000,0x00000000ec580000)
 ParOldGen       total 68608K, used 19095K [0x00000000c0000000, 0x00000000c4300000, 0x00000000eab00000)
  object space 68608K, 27% used [0x00000000c0000000,0x00000000c12a5ec0,0x00000000c4300000)
 Metaspace       used 40817K, committed 41920K, reserved 1114112K
  class space    used 4250K, committed 4736K, reserved 1048576K

Card table byte_map: [0x000002275a900000,0x000002275ab10000] _byte_map_base: 0x000002275a300000

Marking Bits: (ParMarkBitMap*) 0x00007fffc8aa3260
 Begin Bits: [0x000002276d150000, 0x000002276e150000)
 End Bits:   [0x000002276e150000, 0x000002276f150000)

Polling page: 0x0000022758da0000

Metaspace:

Usage:
  Non-class:     35.71 MB used.
      Class:      4.15 MB used.
       Both:     39.86 MB used.

Virtual space:
  Non-class space:       64.00 MB reserved,      36.31 MB ( 57%) committed,  1 nodes.
      Class space:        1.00 GB reserved,       4.62 MB ( <1%) committed,  1 nodes.
             Both:        1.06 GB reserved,      40.94 MB (  4%) committed. 

Chunk freelists:
   Non-Class:  11.33 MB
       Class:  11.38 MB
        Both:  22.71 MB

MaxMetaspaceSize: unlimited
CompressedClassSpaceSize: 1.00 GB
Initial GC threshold: 21.00 MB
Current GC threshold: 58.38 MB
CDS: on
 - commit_granule_bytes: 65536.
 - commit_granule_words: 8192.
 - virtual_space_node_default_size: 8388608.
 - enlarge_chunks_in_place: 1.
 - use_allocation_guard: 0.


Internal statistics:

num_allocs_failed_limit: 6.
num_arena_births: 744.
num_arena_deaths: 20.
num_vsnodes_births: 2.
num_vsnodes_deaths: 0.
num_space_committed: 655.
num_space_uncommitted: 0.
num_chunks_returned_to_freelist: 28.
num_chunks_taken_from_freelist: 2509.
num_chunk_merges: 13.
num_chunk_splits: 1582.
num_chunks_enlarged: 948.
num_inconsistent_stats: 0.

CodeHeap 'non-profiled nmethods': size=120000Kb used=2491Kb max_used=2491Kb free=117508Kb
 bounds [0x0000022765c20000, 0x0000022765e90000, 0x000002276d150000]
CodeHeap 'profiled nmethods': size=120000Kb used=9871Kb max_used=9871Kb free=110128Kb
 bounds [0x000002275e150000, 0x000002275eb00000, 0x0000022765680000]
CodeHeap 'non-nmethods': size=5760Kb used=1366Kb max_used=1429Kb free=4393Kb
 bounds [0x0000022765680000, 0x00000227658f0000, 0x0000022765c20000]
 total_blobs=5406 nmethods=4753 adapters=559
 compilation: enabled
              stopped_count=0, restarted_count=0
 full_count=0

Compilation events (20 events):
Event: 5.401 Thread 0x000002276f34c540 nmethod 5311 0x000002275eaddb10 code [0x000002275eaddca0, 0x000002275eadddc0]
Event: 5.406 Thread 0x000002276f34c540 5312       3       java.lang.reflect.Proxy$ProxyBuilder::addElementTypes (33 bytes)
Event: 5.407 Thread 0x000002276f34c540 nmethod 5312 0x000002275eadde90 code [0x000002275eade0a0, 0x000002275eade5f8]
Event: 5.408 Thread 0x000002276f34c540 5313   !   3       com.google.common.cache.LocalCache$Segment::get (210 bytes)
Event: 5.410 Thread 0x000002276f34c540 nmethod 5313 0x000002275eade890 code [0x000002275eadeca0, 0x000002275eae0558]
Event: 5.412 Thread 0x000002276f34c540 5314       3       com.google.inject.spi.InjectionPoint::forInstanceMethodsAndFields (8 bytes)
Event: 5.413 Thread 0x000002276f34c540 nmethod 5314 0x000002275eae1310 code [0x000002275eae14e0, 0x000002275eae16f8]
Event: 5.413 Thread 0x000002276f34c540 5315       3       com.google.inject.spi.InjectionPoint$InjectableField::toInjectionPoint (20 bytes)
Event: 5.413 Thread 0x000002276f34c540 nmethod 5315 0x000002275eae1810 code [0x000002275eae19c0, 0x000002275eae1b80]
Event: 5.413 Thread 0x000002276f34c540 5316   !   3       com.google.inject.spi.InjectionPoint::<init> (153 bytes)
Event: 5.415 Thread 0x000002276f3197a0 5319       4       java.lang.String::codePointAt (50 bytes)
Event: 5.416 Thread 0x000002276f3197a0 nmethod 5319 0x0000022765e8e910 code [0x0000022765e8eaa0, 0x0000022765e8ebb8]
Event: 5.416 Thread 0x000002276f34c540 nmethod 5316 0x000002275eae1c90 code [0x000002275eae20e0, 0x000002275eae3f48]
Event: 5.417 Thread 0x000002276f34c540 5317       3       com.google.inject.spi.InjectionPoint::getAnnotations (34 bytes)
Event: 5.418 Thread 0x000002276f34c540 nmethod 5317 0x000002275eae4c90 code [0x000002275eae4ea0, 0x000002275eae54f8]
Event: 5.418 Thread 0x000002276f34c540 5318       3       com.google.inject.spi.InjectionPoint$$Lambda/0x0000022701435240::<init> (10 bytes)
Event: 5.418 Thread 0x000002276f34c540 nmethod 5318 0x000002275eae5710 code [0x000002275eae58c0, 0x000002275eae5a48]
Event: 5.432 Thread 0x000002276f34c540 5320       3       sun.invoke.util.VerifyAccess::isModuleAccessible (97 bytes)
Event: 5.434 Thread 0x000002276f34c540 nmethod 5320 0x000002275eae5b10 code [0x000002275eae5de0, 0x000002275eae6a50]
Event: 5.442 Thread 0x000002276f3197a0 5321   !   4       java.util.zip.InflaterInputStream::read (129 bytes)

GC Heap History (20 events):
Event: 3.214 GC heap before
{Heap before GC invocations=8 (full 1):
 PSYoungGen      total 29696K, used 4905K [0x00000000eab00000, 0x00000000ecd00000, 0x0000000100000000)
  eden space 24576K, 0% used [0x00000000eab00000,0x00000000eab00000,0x00000000ec300000)
  from space 5120K, 95% used [0x00000000ec400000,0x00000000ec8ca5b8,0x00000000ec900000)
  to   space 4096K, 0% used [0x00000000ec900000,0x00000000ec900000,0x00000000ecd00000)
 ParOldGen       total 68608K, used 9273K [0x00000000c0000000, 0x00000000c4300000, 0x00000000eab00000)
  object space 68608K, 13% used [0x00000000c0000000,0x00000000c090e5d8,0x00000000c4300000)
 Metaspace       used 20718K, committed 21504K, reserved 1114112K
  class space    used 2090K, committed 2432K, reserved 1048576K
}
Event: 3.245 GC heap after
{Heap after GC invocations=8 (full 1):
 PSYoungGen      total 29696K, used 0K [0x00000000eab00000, 0x00000000ecd00000, 0x0000000100000000)
  eden space 24576K, 0% used [0x00000000eab00000,0x00000000eab00000,0x00000000ec300000)
  from space 5120K, 0% used [0x00000000ec400000,0x00000000ec400000,0x00000000ec900000)
  to   space 4096K, 0% used [0x00000000ec900000,0x00000000ec900000,0x00000000ecd00000)
 ParOldGen       total 68608K, used 13099K [0x00000000c0000000, 0x00000000c4300000, 0x00000000eab00000)
  object space 68608K, 19% used [0x00000000c0000000,0x00000000c0ccad80,0x00000000c4300000)
 Metaspace       used 20705K, committed 21504K, reserved 1114112K
  class space    used 2086K, committed 2432K, reserved 1048576K
}
Event: 3.459 GC heap before
{Heap before GC invocations=9 (full 1):
 PSYoungGen      total 29696K, used 24576K [0x00000000eab00000, 0x00000000ecd00000, 0x0000000100000000)
  eden space 24576K, 100% used [0x00000000eab00000,0x00000000ec300000,0x00000000ec300000)
  from space 5120K, 0% used [0x00000000ec400000,0x00000000ec400000,0x00000000ec900000)
  to   space 4096K, 0% used [0x00000000ec900000,0x00000000ec900000,0x00000000ecd00000)
 ParOldGen       total 68608K, used 13099K [0x00000000c0000000, 0x00000000c4300000, 0x00000000eab00000)
  object space 68608K, 19% used [0x00000000c0000000,0x00000000c0ccad80,0x00000000c4300000)
 Metaspace       used 23464K, committed 24320K, reserved 1114112K
  class space    used 2257K, committed 2624K, reserved 1048576K
}
Event: 3.462 GC heap after
{Heap after GC invocations=9 (full 1):
 PSYoungGen      total 24576K, used 373K [0x00000000eab00000, 0x00000000ec980000, 0x0000000100000000)
  eden space 24064K, 0% used [0x00000000eab00000,0x00000000eab00000,0x00000000ec280000)
  from space 512K, 72% used [0x00000000ec900000,0x00000000ec95d450,0x00000000ec980000)
  to   space 2560K, 0% used [0x00000000ec480000,0x00000000ec480000,0x00000000ec700000)
 ParOldGen       total 68608K, used 13099K [0x00000000c0000000, 0x00000000c4300000, 0x00000000eab00000)
  object space 68608K, 19% used [0x00000000c0000000,0x00000000c0ccad80,0x00000000c4300000)
 Metaspace       used 23464K, committed 24320K, reserved 1114112K
  class space    used 2257K, committed 2624K, reserved 1048576K
}
Event: 3.706 GC heap before
{Heap before GC invocations=10 (full 1):
 PSYoungGen      total 24576K, used 24437K [0x00000000eab00000, 0x00000000ec980000, 0x0000000100000000)
  eden space 24064K, 100% used [0x00000000eab00000,0x00000000ec280000,0x00000000ec280000)
  from space 512K, 72% used [0x00000000ec900000,0x00000000ec95d450,0x00000000ec980000)
  to   space 2560K, 0% used [0x00000000ec480000,0x00000000ec480000,0x00000000ec700000)
 ParOldGen       total 68608K, used 13099K [0x00000000c0000000, 0x00000000c4300000, 0x00000000eab00000)
  object space 68608K, 19% used [0x00000000c0000000,0x00000000c0ccad80,0x00000000c4300000)
 Metaspace       used 25978K, committed 26816K, reserved 1114112K
  class space    used 2464K, committed 2816K, reserved 1048576K
}
Event: 3.708 GC heap after
{Heap after GC invocations=10 (full 1):
 PSYoungGen      total 26112K, used 2152K [0x00000000eab00000, 0x00000000ec980000, 0x0000000100000000)
  eden space 23552K, 0% used [0x00000000eab00000,0x00000000eab00000,0x00000000ec200000)
  from space 2560K, 84% used [0x00000000ec480000,0x00000000ec69a2b0,0x00000000ec700000)
  to   space 2560K, 0% used [0x00000000ec700000,0x00000000ec700000,0x00000000ec980000)
 ParOldGen       total 68608K, used 13099K [0x00000000c0000000, 0x00000000c4300000, 0x00000000eab00000)
  object space 68608K, 19% used [0x00000000c0000000,0x00000000c0ccad80,0x00000000c4300000)
 Metaspace       used 25978K, committed 26816K, reserved 1114112K
  class space    used 2464K, committed 2816K, reserved 1048576K
}
Event: 4.229 GC heap before
{Heap before GC invocations=11 (full 1):
 PSYoungGen      total 26112K, used 25704K [0x00000000eab00000, 0x00000000ec980000, 0x0000000100000000)
  eden space 23552K, 100% used [0x00000000eab00000,0x00000000ec200000,0x00000000ec200000)
  from space 2560K, 84% used [0x00000000ec480000,0x00000000ec69a2b0,0x00000000ec700000)
  to   space 2560K, 0% used [0x00000000ec700000,0x00000000ec700000,0x00000000ec980000)
 ParOldGen       total 68608K, used 13099K [0x00000000c0000000, 0x00000000c4300000, 0x00000000eab00000)
  object space 68608K, 19% used [0x00000000c0000000,0x00000000c0ccad80,0x00000000c4300000)
 Metaspace       used 28783K, committed 29696K, reserved 1114112K
  class space    used 2724K, committed 3136K, reserved 1048576K
}
Event: 4.231 GC heap after
{Heap after GC invocations=11 (full 1):
 PSYoungGen      total 25600K, used 2526K [0x00000000eab00000, 0x00000000ec980000, 0x0000000100000000)
  eden space 23040K, 0% used [0x00000000eab00000,0x00000000eab00000,0x00000000ec180000)
  from space 2560K, 98% used [0x00000000ec700000,0x00000000ec9778f0,0x00000000ec980000)
  to   space 3072K, 0% used [0x00000000ec380000,0x00000000ec380000,0x00000000ec680000)
 ParOldGen       total 68608K, used 13980K [0x00000000c0000000, 0x00000000c4300000, 0x00000000eab00000)
  object space 68608K, 20% used [0x00000000c0000000,0x00000000c0da7348,0x00000000c4300000)
 Metaspace       used 28783K, committed 29696K, reserved 1114112K
  class space    used 2724K, committed 3136K, reserved 1048576K
}
Event: 4.436 GC heap before
{Heap before GC invocations=12 (full 1):
 PSYoungGen      total 25600K, used 25555K [0x00000000eab00000, 0x00000000ec980000, 0x0000000100000000)
  eden space 23040K, 99% used [0x00000000eab00000,0x00000000ec17d6a8,0x00000000ec180000)
  from space 2560K, 98% used [0x00000000ec700000,0x00000000ec9778f0,0x00000000ec980000)
  to   space 3072K, 0% used [0x00000000ec380000,0x00000000ec380000,0x00000000ec680000)
 ParOldGen       total 68608K, used 13980K [0x00000000c0000000, 0x00000000c4300000, 0x00000000eab00000)
  object space 68608K, 20% used [0x00000000c0000000,0x00000000c0da7348,0x00000000c4300000)
 Metaspace       used 31782K, committed 32768K, reserved 1114112K
  class space    used 3117K, committed 3520K, reserved 1048576K
}
Event: 4.439 GC heap after
{Heap after GC invocations=12 (full 1):
 PSYoungGen      total 24064K, used 1384K [0x00000000eab00000, 0x00000000ec780000, 0x0000000100000000)
  eden space 22528K, 0% used [0x00000000eab00000,0x00000000eab00000,0x00000000ec100000)
  from space 1536K, 90% used [0x00000000ec380000,0x00000000ec4da0c8,0x00000000ec500000)
  to   space 2048K, 0% used [0x00000000ec580000,0x00000000ec580000,0x00000000ec780000)
 ParOldGen       total 68608K, used 16310K [0x00000000c0000000, 0x00000000c4300000, 0x00000000eab00000)
  object space 68608K, 23% used [0x00000000c0000000,0x00000000c0feda78,0x00000000c4300000)
 Metaspace       used 31782K, committed 32768K, reserved 1114112K
  class space    used 3117K, committed 3520K, reserved 1048576K
}
Event: 4.605 GC heap before
{Heap before GC invocations=13 (full 1):
 PSYoungGen      total 24064K, used 23912K [0x00000000eab00000, 0x00000000ec780000, 0x0000000100000000)
  eden space 22528K, 100% used [0x00000000eab00000,0x00000000ec100000,0x00000000ec100000)
  from space 1536K, 90% used [0x00000000ec380000,0x00000000ec4da0c8,0x00000000ec500000)
  to   space 2048K, 0% used [0x00000000ec580000,0x00000000ec580000,0x00000000ec780000)
 ParOldGen       total 68608K, used 16310K [0x00000000c0000000, 0x00000000c4300000, 0x00000000eab00000)
  object space 68608K, 23% used [0x00000000c0000000,0x00000000c0feda78,0x00000000c4300000)
 Metaspace       used 34541K, committed 35648K, reserved 1114112K
  class space    used 3478K, committed 3904K, reserved 1048576K
}
Event: 4.607 GC heap after
{Heap after GC invocations=13 (full 1):
 PSYoungGen      total 24064K, used 1600K [0x00000000eab00000, 0x00000000ec780000, 0x0000000100000000)
  eden space 22016K, 0% used [0x00000000eab00000,0x00000000eab00000,0x00000000ec080000)
  from space 2048K, 78% used [0x00000000ec580000,0x00000000ec710000,0x00000000ec780000)
  to   space 2048K, 0% used [0x00000000ec380000,0x00000000ec380000,0x00000000ec580000)
 ParOldGen       total 68608K, used 17394K [0x00000000c0000000, 0x00000000c4300000, 0x00000000eab00000)
  object space 68608K, 25% used [0x00000000c0000000,0x00000000c10fc960,0x00000000c4300000)
 Metaspace       used 34541K, committed 35648K, reserved 1114112K
  class space    used 3478K, committed 3904K, reserved 1048576K
}
Event: 4.638 GC heap before
{Heap before GC invocations=14 (full 1):
 PSYoungGen      total 24064K, used 6599K [0x00000000eab00000, 0x00000000ec780000, 0x0000000100000000)
  eden space 22016K, 22% used [0x00000000eab00000,0x00000000eafe1e90,0x00000000ec080000)
  from space 2048K, 78% used [0x00000000ec580000,0x00000000ec710000,0x00000000ec780000)
  to   space 2048K, 0% used [0x00000000ec380000,0x00000000ec380000,0x00000000ec580000)
 ParOldGen       total 68608K, used 17394K [0x00000000c0000000, 0x00000000c4300000, 0x00000000eab00000)
  object space 68608K, 25% used [0x00000000c0000000,0x00000000c10fc960,0x00000000c4300000)
 Metaspace       used 34827K, committed 35840K, reserved 1114112K
  class space    used 3525K, committed 3904K, reserved 1048576K
}
Event: 4.640 GC heap after
{Heap after GC invocations=14 (full 1):
 PSYoungGen      total 22528K, used 397K [0x00000000eab00000, 0x00000000ec600000, 0x0000000100000000)
  eden space 22016K, 0% used [0x00000000eab00000,0x00000000eab00000,0x00000000ec080000)
  from space 512K, 77% used [0x00000000ec380000,0x00000000ec3e3670,0x00000000ec400000)
  to   space 1024K, 0% used [0x00000000ec500000,0x00000000ec500000,0x00000000ec600000)
 ParOldGen       total 68608K, used 18740K [0x00000000c0000000, 0x00000000c4300000, 0x00000000eab00000)
  object space 68608K, 27% used [0x00000000c0000000,0x00000000c124d208,0x00000000c4300000)
 Metaspace       used 34827K, committed 35840K, reserved 1114112K
  class space    used 3525K, committed 3904K, reserved 1048576K
}
Event: 4.640 GC heap before
{Heap before GC invocations=15 (full 2):
 PSYoungGen      total 22528K, used 397K [0x00000000eab00000, 0x00000000ec600000, 0x0000000100000000)
  eden space 22016K, 0% used [0x00000000eab00000,0x00000000eab00000,0x00000000ec080000)
  from space 512K, 77% used [0x00000000ec380000,0x00000000ec3e3670,0x00000000ec400000)
  to   space 1024K, 0% used [0x00000000ec500000,0x00000000ec500000,0x00000000ec600000)
 ParOldGen       total 68608K, used 18740K [0x00000000c0000000, 0x00000000c4300000, 0x00000000eab00000)
  object space 68608K, 27% used [0x00000000c0000000,0x00000000c124d208,0x00000000c4300000)
 Metaspace       used 34827K, committed 35840K, reserved 1114112K
  class space    used 3525K, committed 3904K, reserved 1048576K
}
Event: 4.676 GC heap after
{Heap after GC invocations=15 (full 2):
 PSYoungGen      total 22528K, used 0K [0x00000000eab00000, 0x00000000ec600000, 0x0000000100000000)
  eden space 22016K, 0% used [0x00000000eab00000,0x00000000eab00000,0x00000000ec080000)
  from space 512K, 0% used [0x00000000ec380000,0x00000000ec380000,0x00000000ec400000)
  to   space 1024K, 0% used [0x00000000ec500000,0x00000000ec500000,0x00000000ec600000)
 ParOldGen       total 68608K, used 18239K [0x00000000c0000000, 0x00000000c4300000, 0x00000000eab00000)
  object space 68608K, 26% used [0x00000000c0000000,0x00000000c11cfea0,0x00000000c4300000)
 Metaspace       used 34821K, committed 35840K, reserved 1114112K
  class space    used 3524K, committed 3904K, reserved 1048576K
}
Event: 4.890 GC heap before
{Heap before GC invocations=16 (full 2):
 PSYoungGen      total 22528K, used 22016K [0x00000000eab00000, 0x00000000ec600000, 0x0000000100000000)
  eden space 22016K, 100% used [0x00000000eab00000,0x00000000ec080000,0x00000000ec080000)
  from space 512K, 0% used [0x00000000ec380000,0x00000000ec380000,0x00000000ec400000)
  to   space 1024K, 0% used [0x00000000ec500000,0x00000000ec500000,0x00000000ec600000)
 ParOldGen       total 68608K, used 18239K [0x00000000c0000000, 0x00000000c4300000, 0x00000000eab00000)
  object space 68608K, 26% used [0x00000000c0000000,0x00000000c11cfea0,0x00000000c4300000)
 Metaspace       used 36665K, committed 37824K, reserved 1114112K
  class space    used 3743K, committed 4224K, reserved 1048576K
}
Event: 4.891 GC heap after
{Heap after GC invocations=16 (full 2):
 PSYoungGen      total 23040K, used 1008K [0x00000000eab00000, 0x00000000ec600000, 0x0000000100000000)
  eden space 22016K, 0% used [0x00000000eab00000,0x00000000eab00000,0x00000000ec080000)
  from space 1024K, 98% used [0x00000000ec500000,0x00000000ec5fc010,0x00000000ec600000)
  to   space 1536K, 0% used [0x00000000ec300000,0x00000000ec300000,0x00000000ec480000)
 ParOldGen       total 68608K, used 18359K [0x00000000c0000000, 0x00000000c4300000, 0x00000000eab00000)
  object space 68608K, 26% used [0x00000000c0000000,0x00000000c11edeb0,0x00000000c4300000)
 Metaspace       used 36665K, committed 37824K, reserved 1114112K
  class space    used 3743K, committed 4224K, reserved 1048576K
}
Event: 5.123 GC heap before
{Heap before GC invocations=17 (full 2):
 PSYoungGen      total 23040K, used 23024K [0x00000000eab00000, 0x00000000ec600000, 0x0000000100000000)
  eden space 22016K, 100% used [0x00000000eab00000,0x00000000ec080000,0x00000000ec080000)
  from space 1024K, 98% used [0x00000000ec500000,0x00000000ec5fc010,0x00000000ec600000)
  to   space 1536K, 0% used [0x00000000ec300000,0x00000000ec300000,0x00000000ec480000)
 ParOldGen       total 68608K, used 18359K [0x00000000c0000000, 0x00000000c4300000, 0x00000000eab00000)
  object space 68608K, 26% used [0x00000000c0000000,0x00000000c11edeb0,0x00000000c4300000)
 Metaspace       used 38502K, committed 39616K, reserved 1114112K
  class space    used 3959K, committed 4480K, reserved 1048576K
}
Event: 5.125 GC heap after
{Heap after GC invocations=17 (full 2):
 PSYoungGen      total 23552K, used 896K [0x00000000eab00000, 0x00000000ec580000, 0x0000000100000000)
  eden space 22016K, 0% used [0x00000000eab00000,0x00000000eab00000,0x00000000ec080000)
  from space 1536K, 58% used [0x00000000ec300000,0x00000000ec3e0000,0x00000000ec480000)
  to   space 1024K, 0% used [0x00000000ec480000,0x00000000ec480000,0x00000000ec580000)
 ParOldGen       total 68608K, used 19095K [0x00000000c0000000, 0x00000000c4300000, 0x00000000eab00000)
  object space 68608K, 27% used [0x00000000c0000000,0x00000000c12a5ec0,0x00000000c4300000)
 Metaspace       used 38502K, committed 39616K, reserved 1114112K
  class space    used 3959K, committed 4480K, reserved 1048576K
}

Dll operation events (10 events):
Event: 0.057 Loaded shared library c:\Users\ASUS\.vscode\extensions\redhat.java-1.40.0-win32-x64\jre\21.0.6-win32-x86_64\bin\java.dll
Event: 0.153 Loaded shared library c:\Users\ASUS\.vscode\extensions\redhat.java-1.40.0-win32-x64\jre\21.0.6-win32-x86_64\bin\zip.dll
Event: 0.173 Loaded shared library C:\Users\ASUS\.vscode\extensions\redhat.java-1.40.0-win32-x64\jre\21.0.6-win32-x86_64\bin\instrument.dll
Event: 0.178 Loaded shared library C:\Users\ASUS\.vscode\extensions\redhat.java-1.40.0-win32-x64\jre\21.0.6-win32-x86_64\bin\net.dll
Event: 0.180 Loaded shared library C:\Users\ASUS\.vscode\extensions\redhat.java-1.40.0-win32-x64\jre\21.0.6-win32-x86_64\bin\nio.dll
Event: 0.183 Loaded shared library C:\Users\ASUS\.vscode\extensions\redhat.java-1.40.0-win32-x64\jre\21.0.6-win32-x86_64\bin\zip.dll
Event: 0.212 Loaded shared library C:\Users\ASUS\.vscode\extensions\redhat.java-1.40.0-win32-x64\jre\21.0.6-win32-x86_64\bin\jimage.dll
Event: 0.324 Loaded shared library c:\Users\ASUS\.vscode\extensions\redhat.java-1.40.0-win32-x64\jre\21.0.6-win32-x86_64\bin\verify.dll
Event: 1.420 Loaded shared library C:\Users\ASUS\AppData\Roaming\Code\User\globalStorage\redhat.java\1.40.0\config_win\org.eclipse.equinox.launcher\org.eclipse.equinox.launcher.win32.win32.x86_64_1.2.1200.v20250212-0927\eclipse_11909.dll
Event: 2.521 Loaded shared library C:\Users\ASUS\AppData\Local\Temp\jna-2018896\jna11888084162934809330.dll

Deoptimization events (20 events):
Event: 5.231 Thread 0x00000227761df930 Uncommon trap: trap_request=0xffffffd6 fr.pc=0x0000022765c7e968 relative=0x00000000000000c8
Event: 5.231 Thread 0x00000227761df930 Uncommon trap: reason=array_check action=maybe_recompile pc=0x0000022765c7e968 method=java.util.stream.Nodes$FixedNodeBuilder.accept(Ljava/lang/Object;)V @ 28 c2
Event: 5.231 Thread 0x00000227761df930 DEOPT PACKING pc=0x0000022765c7e968 sp=0x00000097955fe340
Event: 5.231 Thread 0x00000227761df930 DEOPT UNPACKING pc=0x00000227656d6da2 sp=0x00000097955fe2c0 mode 2
Event: 5.231 Thread 0x00000227761df930 Uncommon trap: trap_request=0xffffffd6 fr.pc=0x0000022765c7e968 relative=0x00000000000000c8
Event: 5.231 Thread 0x00000227761df930 Uncommon trap: reason=array_check action=maybe_recompile pc=0x0000022765c7e968 method=java.util.stream.Nodes$FixedNodeBuilder.accept(Ljava/lang/Object;)V @ 28 c2
Event: 5.231 Thread 0x00000227761df930 DEOPT PACKING pc=0x0000022765c7e968 sp=0x00000097955fe340
Event: 5.231 Thread 0x00000227761df930 DEOPT UNPACKING pc=0x00000227656d6da2 sp=0x00000097955fe2c0 mode 2
Event: 5.231 Thread 0x00000227761df930 Uncommon trap: trap_request=0xffffffd6 fr.pc=0x0000022765c7e968 relative=0x00000000000000c8
Event: 5.231 Thread 0x00000227761df930 Uncommon trap: reason=array_check action=maybe_recompile pc=0x0000022765c7e968 method=java.util.stream.Nodes$FixedNodeBuilder.accept(Ljava/lang/Object;)V @ 28 c2
Event: 5.231 Thread 0x00000227761df930 DEOPT PACKING pc=0x0000022765c7e968 sp=0x00000097955fe340
Event: 5.231 Thread 0x00000227761df930 DEOPT UNPACKING pc=0x00000227656d6da2 sp=0x00000097955fe2c0 mode 2
Event: 5.231 Thread 0x00000227761df930 Uncommon trap: trap_request=0xffffffd6 fr.pc=0x0000022765c7e968 relative=0x00000000000000c8
Event: 5.231 Thread 0x00000227761df930 Uncommon trap: reason=array_check action=maybe_recompile pc=0x0000022765c7e968 method=java.util.stream.Nodes$FixedNodeBuilder.accept(Ljava/lang/Object;)V @ 28 c2
Event: 5.231 Thread 0x00000227761df930 DEOPT PACKING pc=0x0000022765c7e968 sp=0x00000097955fe320
Event: 5.231 Thread 0x00000227761df930 DEOPT UNPACKING pc=0x00000227656d6da2 sp=0x00000097955fe2a0 mode 2
Event: 5.437 Thread 0x00000227761df930 Uncommon trap: trap_request=0xffffff45 fr.pc=0x0000022765e14330 relative=0x0000000000000530
Event: 5.437 Thread 0x00000227761df930 Uncommon trap: reason=unstable_if action=reinterpret pc=0x0000022765e14330 method=java.util.TreeMap.put(Ljava/lang/Object;Ljava/lang/Object;Z)Ljava/lang/Object; @ 27 c2
Event: 5.437 Thread 0x00000227761df930 DEOPT PACKING pc=0x0000022765e14330 sp=0x00000097955fe160
Event: 5.437 Thread 0x00000227761df930 DEOPT UNPACKING pc=0x00000227656d6da2 sp=0x00000097955fe0d0 mode 2

Classes loaded (20 events):
Event: 4.796 Loading class java/time/format/DateTimeParseContext
Event: 4.796 Loading class java/time/format/DateTimeParseContext done
Event: 4.797 Loading class java/time/format/Parsed
Event: 4.797 Loading class java/time/format/Parsed done
Event: 4.838 Loading class sun/reflect/generics/repository/FieldRepository
Event: 4.838 Loading class sun/reflect/generics/repository/FieldRepository done
Event: 5.038 Loading class sun/reflect/annotation/AnnotatedTypeFactory$AnnotatedParameterizedTypeImpl
Event: 5.038 Loading class java/lang/reflect/AnnotatedParameterizedType
Event: 5.038 Loading class java/lang/reflect/AnnotatedParameterizedType done
Event: 5.038 Loading class sun/reflect/annotation/AnnotatedTypeFactory$AnnotatedParameterizedTypeImpl done
Event: 5.120 Loading class java/util/concurrent/CompletionService
Event: 5.120 Loading class java/util/concurrent/CompletionService done
Event: 5.224 Loading class sun/reflect/generics/scope/ConstructorScope
Event: 5.224 Loading class sun/reflect/generics/scope/ConstructorScope done
Event: 5.224 Loading class sun/reflect/generics/tree/VoidDescriptor
Event: 5.224 Loading class sun/reflect/generics/tree/VoidDescriptor done
Event: 5.255 Loading class java/nio/channels/ServerSocketChannel
Event: 5.255 Loading class java/nio/channels/ServerSocketChannel done
Event: 5.433 Loading class java/lang/ExceptionInInitializerError
Event: 5.433 Loading class java/lang/ExceptionInInitializerError done

Classes unloaded (10 events):
Event: 3.218 Thread 0x000002275b01e3a0 Unloading class 0x0000022701195c00 'java/lang/invoke/LambdaForm$MH+0x0000022701195c00'
Event: 3.218 Thread 0x000002275b01e3a0 Unloading class 0x0000022701195800 'java/lang/invoke/LambdaForm$MH+0x0000022701195800'
Event: 3.218 Thread 0x000002275b01e3a0 Unloading class 0x0000022701195400 'java/lang/invoke/LambdaForm$MH+0x0000022701195400'
Event: 3.218 Thread 0x000002275b01e3a0 Unloading class 0x0000022701195000 'java/lang/invoke/LambdaForm$MH+0x0000022701195000'
Event: 3.218 Thread 0x000002275b01e3a0 Unloading class 0x0000022701194c00 'java/lang/invoke/LambdaForm$BMH+0x0000022701194c00'
Event: 3.218 Thread 0x000002275b01e3a0 Unloading class 0x0000022701194800 'java/lang/invoke/LambdaForm$DMH+0x0000022701194800'
Event: 3.218 Thread 0x000002275b01e3a0 Unloading class 0x0000022701193400 'java/lang/invoke/LambdaForm$DMH+0x0000022701193400'
Event: 4.646 Thread 0x000002275b01e3a0 Unloading class 0x000002270130c000 'java/lang/invoke/LambdaForm$MH+0x000002270130c000'
Event: 4.646 Thread 0x000002275b01e3a0 Unloading class 0x000002270130bc00 'java/lang/invoke/LambdaForm$DMH+0x000002270130bc00'
Event: 4.646 Thread 0x000002275b01e3a0 Unloading class 0x0000022701306c00 'java/lang/invoke/LambdaForm$MH+0x0000022701306c00'

Classes redefined (0 events):
No events

Internal exceptions (20 events):
Event: 4.227 Thread 0x00000227761dec10 Exception <a 'java/lang/NoSuchMethodError'{0x00000000ec1e2fc0}: 'java.lang.Object java.lang.invoke.DelegatingMethodHandle$Holder.delegate(java.lang.Object, int, java.lang.Object, java.lang.Object)'> (0x00000000ec1e2fc0) 
thrown [s\src\hotspot\share\interpreter\linkResolver.cpp, line 773]
Event: 4.232 Thread 0x00000227761dec10 Exception <a 'java/lang/NoSuchMethodError'{0x00000000eab79918}: 'int java.lang.invoke.Invokers$Holder.linkToTargetMethod(java.lang.Object, java.lang.Object, java.lang.Object)'> (0x00000000eab79918) 
thrown [s\src\hotspot\share\interpreter\linkResolver.cpp, line 773]
Event: 4.276 Thread 0x00000227761df930 Exception <a 'java/lang/NoSuchMethodError'{0x00000000eaeed8c8}: 'java.lang.Object java.lang.invoke.DirectMethodHandle$Holder.invokeSpecialIFC(java.lang.Object, java.lang.Object, java.lang.Object, java.lang.Object)'> (0x00000000eaeed8c8) 
thrown [s\src\hotspot\share\interpreter\linkResolver.cpp, line 773]
Event: 4.300 Thread 0x0000022775d2c050 Exception <a 'java/io/FileNotFoundException'{0x00000000eaf98c38}> (0x00000000eaf98c38) 
thrown [s\src\hotspot\share\prims\jni.cpp, line 520]
Event: 4.323 Thread 0x0000022775d2c050 Exception <a 'java/lang/UnsatisfiedLinkError'{0x00000000eb37e320}: The specified procedure could not be found.
> (0x00000000eb37e320) 
thrown [s\src\hotspot\share\prims\jni.cpp, line 539]
Event: 4.327 Thread 0x0000022775d2c050 Exception <a 'java/io/FileNotFoundException'{0x00000000eb395c38}> (0x00000000eb395c38) 
thrown [s\src\hotspot\share\prims\jni.cpp, line 520]
Event: 4.334 Thread 0x0000022775d2c050 Exception <a 'java/io/FileNotFoundException'{0x00000000eb555ce0}> (0x00000000eb555ce0) 
thrown [s\src\hotspot\share\prims\jni.cpp, line 520]
Event: 4.343 Thread 0x0000022775d2c050 Exception <a 'java/lang/UnsatisfiedLinkError'{0x00000000eb668af0}: The specified procedure could not be found.
> (0x00000000eb668af0) 
thrown [s\src\hotspot\share\prims\jni.cpp, line 539]
Event: 4.355 Thread 0x00000227761de580 Implicit null exception at 0x0000022765e1b773 to 0x0000022765e1b7c1
Event: 4.418 Thread 0x00000227761df930 Exception <a 'java/lang/NoSuchMethodError'{0x00000000ebeca670}: 'int java.lang.invoke.DirectMethodHandle$Holder.invokeStatic(java.lang.Object, java.lang.Object, java.lang.Object, java.lang.Object, java.lang.Object)'> (0x00000000ebeca670) 
thrown [s\src\hotspot\share\interpreter\linkResolver.cpp, line 773]
Event: 4.449 Thread 0x00000227761dffc0 Exception <a 'java/lang/NoSuchMethodError'{0x00000000ead2df70}: 'void java.lang.invoke.DirectMethodHandle$Holder.invokeStaticInit(java.lang.Object, java.lang.Object, java.lang.Object, java.lang.Object)'> (0x00000000ead2df70) 
thrown [s\src\hotspot\share\interpreter\linkResolver.cpp, line 773]
Event: 4.467 Thread 0x000002275af5c350 Exception <a 'java/lang/NoSuchMethodError'{0x00000000eb1707c8}: 'java.lang.Object java.lang.invoke.DirectMethodHandle$Holder.invokeStatic(java.lang.Object, long, java.lang.Object)'> (0x00000000eb1707c8) 
thrown [s\src\hotspot\share\interpreter\linkResolver.cpp, line 773]
Event: 4.468 Thread 0x000002275af5c350 Exception <a 'java/lang/NoSuchMethodError'{0x00000000eb173e30}: 'java.lang.Object java.lang.invoke.DirectMethodHandle$Holder.invokeStaticInit(java.lang.Object, long, java.lang.Object)'> (0x00000000eb173e30) 
thrown [s\src\hotspot\share\interpreter\linkResolver.cpp, line 773]
Event: 4.470 Thread 0x000002275af5c350 Exception <a 'java/lang/NoSuchMethodError'{0x00000000eb1e6750}: 'java.lang.Object java.lang.invoke.DirectMethodHandle$Holder.newInvokeSpecial(java.lang.Object, long)'> (0x00000000eb1e6750) 
thrown [s\src\hotspot\share\interpreter\linkResolver.cpp, line 773]
Event: 4.571 Thread 0x00000227761df930 Exception <a 'java/lang/NoClassDefFoundError'{0x00000000ebd04458}: javax/enterprise/inject/Typed> (0x00000000ebd04458) 
thrown [s\src\hotspot\share\classfile\systemDictionary.cpp, line 301]
Event: 4.736 Thread 0x000002275af5c350 Exception <a 'java/lang/NoSuchMethodError'{0x00000000eb232e68}: 'void java.lang.invoke.DirectMethodHandle$Holder.invokeSpecial(java.lang.Object, java.lang.Object, java.lang.Object, java.lang.Object, java.lang.Object, java.lang.Object)'> (0x00000000eb232e68) 
thrown [s\src\hotspot\share\interpreter\linkResolver.cpp, line 773]
Event: 4.737 Thread 0x000002275af5c350 Exception <a 'java/lang/IncompatibleClassChangeError'{0x00000000eb23afe8}: Found class java.lang.Object, but interface was expected> (0x00000000eb23afe8) 
thrown [s\src\hotspot\share\interpreter\linkResolver.cpp, line 840]
Event: 4.737 Thread 0x000002275af5c350 Exception <a 'java/lang/IncompatibleClassChangeError'{0x00000000eb279268}: Found class java.lang.Object, but interface was expected> (0x00000000eb279268) 
thrown [s\src\hotspot\share\interpreter\linkResolver.cpp, line 840]
Event: 5.431 Thread 0x00000227761df930 Exception <a 'java/lang/NoSuchMethodError'{0x00000000ebbcbac8}: 'void java.lang.invoke.DirectMethodHandle$Holder.invokeStaticInit(java.lang.Object, java.lang.Object, java.lang.Object)'> (0x00000000ebbcbac8) 
thrown [s\src\hotspot\share\interpreter\linkResolver.cpp, line 773]
Event: 5.434 Thread 0x00000227761df930 Exception <a 'java/lang/ExceptionInInitializerError'{0x00000000ebc006d8}> (0x00000000ebc006d8) 
thrown [s\src\hotspot\share\oops\instanceKlass.cpp, line 1220]

ZGC Phase Switch (0 events):
No events

VM Operations (20 events):
Event: 4.234 Executing VM operation: HandshakeAllThreads (Deoptimize)
Event: 4.234 Executing VM operation: HandshakeAllThreads (Deoptimize) done
Event: 4.238 Executing VM operation: HandshakeAllThreads (Deoptimize)
Event: 4.238 Executing VM operation: HandshakeAllThreads (Deoptimize) done
Event: 4.436 Executing VM operation: ParallelGCFailedAllocation (Allocation Failure)
Event: 4.439 Executing VM operation: ParallelGCFailedAllocation (Allocation Failure) done
Event: 4.552 Executing VM operation: HandshakeAllThreads (Deoptimize)
Event: 4.552 Executing VM operation: HandshakeAllThreads (Deoptimize) done
Event: 4.605 Executing VM operation: ParallelGCFailedAllocation (Allocation Failure)
Event: 4.607 Executing VM operation: ParallelGCFailedAllocation (Allocation Failure) done
Event: 4.638 Executing VM operation: CollectForMetadataAllocation (Metadata GC Threshold)
Event: 4.676 Executing VM operation: CollectForMetadataAllocation (Metadata GC Threshold) done
Event: 4.890 Executing VM operation: ParallelGCFailedAllocation (Allocation Failure)
Event: 4.891 Executing VM operation: ParallelGCFailedAllocation (Allocation Failure) done
Event: 5.080 Executing VM operation: HandshakeAllThreads (Deoptimize)
Event: 5.080 Executing VM operation: HandshakeAllThreads (Deoptimize) done
Event: 5.090 Executing VM operation: HandshakeAllThreads (Deoptimize)
Event: 5.090 Executing VM operation: HandshakeAllThreads (Deoptimize) done
Event: 5.123 Executing VM operation: ParallelGCFailedAllocation (Allocation Failure)
Event: 5.125 Executing VM operation: ParallelGCFailedAllocation (Allocation Failure) done

Memory protections (0 events):
No events

Nmethod flushes (20 events):
Event: 4.655 Thread 0x000002275b01e3a0 flushing  nmethod 0x000002275e7ba990
Event: 4.655 Thread 0x000002275b01e3a0 flushing  nmethod 0x000002275e7bbb90
Event: 4.655 Thread 0x000002275b01e3a0 flushing  nmethod 0x000002275e7bc390
Event: 4.655 Thread 0x000002275b01e3a0 flushing  nmethod 0x000002275e7bcb10
Event: 4.655 Thread 0x000002275b01e3a0 flushing  nmethod 0x000002275e7be590
Event: 4.655 Thread 0x000002275b01e3a0 flushing  nmethod 0x000002275e7bee90
Event: 4.655 Thread 0x000002275b01e3a0 flushing  nmethod 0x000002275e7bfb90
Event: 4.655 Thread 0x000002275b01e3a0 flushing  nmethod 0x000002275e7bff90
Event: 4.655 Thread 0x000002275b01e3a0 flushing  nmethod 0x000002275e7c0410
Event: 4.655 Thread 0x000002275b01e3a0 flushing  nmethod 0x000002275e7c0b10
Event: 4.655 Thread 0x000002275b01e3a0 flushing  nmethod 0x000002275e7c9b10
Event: 4.655 Thread 0x000002275b01e3a0 flushing  nmethod 0x000002275e7cbf90
Event: 4.655 Thread 0x000002275b01e3a0 flushing  nmethod 0x000002275e7d1e10
Event: 4.655 Thread 0x000002275b01e3a0 flushing  nmethod 0x000002275e7f8710
Event: 4.655 Thread 0x000002275b01e3a0 flushing  nmethod 0x000002275e7f8e10
Event: 4.655 Thread 0x000002275b01e3a0 flushing  nmethod 0x000002275e803e10
Event: 4.655 Thread 0x000002275b01e3a0 flushing  nmethod 0x000002275e84cf10
Event: 4.655 Thread 0x000002275b01e3a0 flushing  nmethod 0x000002275e86fc90
Event: 4.655 Thread 0x000002275b01e3a0 flushing  nmethod 0x000002275e890a10
Event: 4.655 Thread 0x000002275b01e3a0 flushing  nmethod 0x000002275e8b2a10

Events (20 events):
Event: 3.464 Thread 0x00000227751d7630 Thread exited: 0x00000227751d7630
Event: 3.751 Thread 0x000002276f34c540 Thread added: 0x0000022775eb3f40
Event: 3.751 Thread 0x000002276f34c540 Thread added: 0x000002277686f040
Event: 3.926 Thread 0x0000022775d2c050 Thread added: 0x00000227761dd860
Event: 4.181 Thread 0x00000227761df930 Thread added: 0x00000227761de580
Event: 4.298 Thread 0x00000227761de580 Thread added: 0x00000227761dffc0
Event: 4.433 Thread 0x00000227761dffc0 Thread added: 0x00000227761dcb40
Event: 4.455 Thread 0x00000227761dcb40 Thread added: 0x00000227761dd1d0
Event: 4.483 Thread 0x000002275af5c350 Thread added: 0x00000227782cd820
Event: 4.483 Thread 0x000002275af5c350 Thread added: 0x00000227782cf260
Event: 4.483 Thread 0x000002275af5c350 Thread added: 0x00000227782cdeb0
Event: 4.483 Thread 0x000002275af5c350 Thread added: 0x00000227782cebd0
Event: 4.484 Thread 0x000002275af5c350 Thread added: 0x00000227782cff80
Event: 4.484 Thread 0x000002275af5c350 Thread added: 0x00000227782cf8f0
Event: 4.484 Thread 0x000002275af5c350 Thread added: 0x00000227782d0610
Event: 4.484 Thread 0x000002275af5c350 Thread added: 0x00000227782ce540
Event: 4.484 Thread 0x000002275af5c350 Thread added: 0x00000227782cd190
Event: 4.507 Thread 0x000002275af5c350 Thread added: 0x0000022778d2f0d0
Event: 4.770 Thread 0x000002275af5c350 Thread added: 0x0000022778d31830
Event: 4.770 Thread 0x000002275af5c350 Thread added: 0x0000022778d311a0


Dynamic libraries:
0x00007ff612800000 - 0x00007ff61280e000 	c:\Users\ASUS\.vscode\extensions\redhat.java-1.40.0-win32-x64\jre\21.0.6-win32-x86_64\bin\java.exe
0x00007ff8848b0000 - 0x00007ff884ac7000 	C:\WINDOWS\SYSTEM32\ntdll.dll
0x00007ff882580000 - 0x00007ff882644000 	C:\WINDOWS\System32\KERNEL32.DLL
0x00007ff882030000 - 0x00007ff882401000 	C:\WINDOWS\System32\KERNELBASE.dll
0x00007ff881b80000 - 0x00007ff881c91000 	C:\WINDOWS\System32\ucrtbase.dll
0x00007ff872fe0000 - 0x00007ff872ff8000 	c:\Users\ASUS\.vscode\extensions\redhat.java-1.40.0-win32-x64\jre\21.0.6-win32-x86_64\bin\jli.dll
0x00007ff883730000 - 0x00007ff8838e1000 	C:\WINDOWS\System32\USER32.dll
0x00007ff881b50000 - 0x00007ff881b76000 	C:\WINDOWS\System32\win32u.dll
0x00007ff883fb0000 - 0x00007ff883fd9000 	C:\WINDOWS\System32\GDI32.dll
0x00007ff85e8a0000 - 0x00007ff85e8be000 	c:\Users\ASUS\.vscode\extensions\redhat.java-1.40.0-win32-x64\jre\21.0.6-win32-x86_64\bin\VCRUNTIME140.dll
0x00007ff881d20000 - 0x00007ff881e3b000 	C:\WINDOWS\System32\gdi32full.dll
0x00007ff881ab0000 - 0x00007ff881b4a000 	C:\WINDOWS\System32\msvcp_win.dll
0x00007ff8697f0000 - 0x00007ff869a82000 	C:\WINDOWS\WinSxS\amd64_microsoft.windows.common-controls_6595b64144ccf1df_6.0.22621.4830_none_270fe7d773858e80\COMCTL32.dll
0x00007ff8826d0000 - 0x00007ff882777000 	C:\WINDOWS\System32\msvcrt.dll
0x00007ff884540000 - 0x00007ff884571000 	C:\WINDOWS\System32\IMM32.DLL
0x00007ff870c30000 - 0x00007ff870c3c000 	c:\Users\ASUS\.vscode\extensions\redhat.java-1.40.0-win32-x64\jre\21.0.6-win32-x86_64\bin\vcruntime140_1.dll
0x00007ff84fd80000 - 0x00007ff84fe0d000 	c:\Users\ASUS\.vscode\extensions\redhat.java-1.40.0-win32-x64\jre\21.0.6-win32-x86_64\bin\msvcp140.dll
0x00007fffc7df0000 - 0x00007fffc8b80000 	c:\Users\ASUS\.vscode\extensions\redhat.java-1.40.0-win32-x64\jre\21.0.6-win32-x86_64\bin\server\jvm.dll
0x00007ff884480000 - 0x00007ff884531000 	C:\WINDOWS\System32\ADVAPI32.dll
0x00007ff883ae0000 - 0x00007ff883b87000 	C:\WINDOWS\System32\sechost.dll
0x00007ff882550000 - 0x00007ff882578000 	C:\WINDOWS\System32\bcrypt.dll
0x00007ff8845a0000 - 0x00007ff8846b4000 	C:\WINDOWS\System32\RPCRT4.dll
0x00007ff883c50000 - 0x00007ff883cc1000 	C:\WINDOWS\System32\WS2_32.dll
0x00007ff8808a0000 - 0x00007ff8808ed000 	C:\WINDOWS\SYSTEM32\POWRPROF.dll
0x00007ff8797b0000 - 0x00007ff8797e4000 	C:\WINDOWS\SYSTEM32\WINMM.dll
0x00007ff87a720000 - 0x00007ff87a72a000 	C:\WINDOWS\SYSTEM32\VERSION.dll
0x00007ff880880000 - 0x00007ff880893000 	C:\WINDOWS\SYSTEM32\UMPDC.dll
0x00007ff880ad0000 - 0x00007ff880ae8000 	C:\WINDOWS\SYSTEM32\kernel.appcore.dll
0x00007ff86efe0000 - 0x00007ff86efea000 	c:\Users\ASUS\.vscode\extensions\redhat.java-1.40.0-win32-x64\jre\21.0.6-win32-x86_64\bin\jimage.dll
0x00007ff87f4b0000 - 0x00007ff87f6e2000 	C:\WINDOWS\SYSTEM32\DBGHELP.DLL
0x00007ff883fe0000 - 0x00007ff884370000 	C:\WINDOWS\System32\combase.dll
0x00007ff883a00000 - 0x00007ff883ad7000 	C:\WINDOWS\System32\OLEAUT32.dll
0x00007ff877b50000 - 0x00007ff877b82000 	C:\WINDOWS\SYSTEM32\dbgcore.DLL
0x00007ff881ca0000 - 0x00007ff881d1b000 	C:\WINDOWS\System32\bcryptPrimitives.dll
0x00007ff86ed20000 - 0x00007ff86ed2f000 	c:\Users\ASUS\.vscode\extensions\redhat.java-1.40.0-win32-x64\jre\21.0.6-win32-x86_64\bin\instrument.dll
0x00007ff85e650000 - 0x00007ff85e66f000 	c:\Users\ASUS\.vscode\extensions\redhat.java-1.40.0-win32-x64\jre\21.0.6-win32-x86_64\bin\java.dll
0x00007ff8827e0000 - 0x00007ff883068000 	C:\WINDOWS\System32\SHELL32.dll
0x00007ff882410000 - 0x00007ff88254f000 	C:\WINDOWS\System32\wintypes.dll
0x00007ff87f960000 - 0x00007ff88026d000 	C:\WINDOWS\SYSTEM32\windows.storage.dll
0x00007ff884370000 - 0x00007ff88447a000 	C:\WINDOWS\System32\SHCORE.dll
0x00007ff8838f0000 - 0x00007ff88394e000 	C:\WINDOWS\System32\shlwapi.dll
0x00007ff881920000 - 0x00007ff88194b000 	C:\WINDOWS\SYSTEM32\profapi.dll
0x00007ff8520d0000 - 0x00007ff8520e8000 	c:\Users\ASUS\.vscode\extensions\redhat.java-1.40.0-win32-x64\jre\21.0.6-win32-x86_64\bin\zip.dll
0x00007ff86ecf0000 - 0x00007ff86ed00000 	C:\Users\ASUS\.vscode\extensions\redhat.java-1.40.0-win32-x64\jre\21.0.6-win32-x86_64\bin\net.dll
0x00007ff87b810000 - 0x00007ff87b93c000 	C:\WINDOWS\SYSTEM32\WINHTTP.dll
0x00007ff880fa0000 - 0x00007ff88100a000 	C:\WINDOWS\system32\mswsock.dll
0x00007ff850c10000 - 0x00007ff850c26000 	C:\Users\ASUS\.vscode\extensions\redhat.java-1.40.0-win32-x64\jre\21.0.6-win32-x86_64\bin\nio.dll
0x00007ff8681c0000 - 0x00007ff8681d0000 	c:\Users\ASUS\.vscode\extensions\redhat.java-1.40.0-win32-x64\jre\21.0.6-win32-x86_64\bin\verify.dll
0x00007ff850a30000 - 0x00007ff850a75000 	C:\Users\ASUS\AppData\Roaming\Code\User\globalStorage\redhat.java\1.40.0\config_win\org.eclipse.equinox.launcher\org.eclipse.equinox.launcher.win32.win32.x86_64_1.2.1200.v20250212-0927\eclipse_11909.dll
0x00007ff8846c0000 - 0x00007ff884861000 	C:\WINDOWS\System32\ole32.dll
0x00007ff8811f0000 - 0x00007ff88120b000 	C:\WINDOWS\SYSTEM32\CRYPTSP.dll
0x00007ff880a90000 - 0x00007ff880ac7000 	C:\WINDOWS\system32\rsaenh.dll
0x00007ff881090000 - 0x00007ff8810b8000 	C:\WINDOWS\SYSTEM32\USERENV.dll
0x00007ff881210000 - 0x00007ff88121c000 	C:\WINDOWS\SYSTEM32\CRYPTBASE.dll
0x00007ff880540000 - 0x00007ff88056d000 	C:\WINDOWS\SYSTEM32\IPHLPAPI.DLL
0x00007ff883b90000 - 0x00007ff883b99000 	C:\WINDOWS\System32\NSI.dll
0x00007ff83a950000 - 0x00007ff83a999000 	C:\Users\ASUS\AppData\Local\Temp\jna-2018896\jna11888084162934809330.dll
0x00007ff884590000 - 0x00007ff884598000 	C:\WINDOWS\System32\PSAPI.DLL
0x00007ff87bae0000 - 0x00007ff87baf9000 	C:\WINDOWS\SYSTEM32\dhcpcsvc6.DLL
0x00007ff87b140000 - 0x00007ff87b15f000 	C:\WINDOWS\SYSTEM32\dhcpcsvc.DLL

dbghelp: loaded successfully - version: 4.0.5 - missing functions: none
symbol engine: initialized successfully - sym options: 0x614 - pdb path: .;c:\Users\ASUS\.vscode\extensions\redhat.java-1.40.0-win32-x64\jre\21.0.6-win32-x86_64\bin;C:\WINDOWS\SYSTEM32;C:\WINDOWS\WinSxS\amd64_microsoft.windows.common-controls_6595b64144ccf1df_6.0.22621.4830_none_270fe7d773858e80;c:\Users\ASUS\.vscode\extensions\redhat.java-1.40.0-win32-x64\jre\21.0.6-win32-x86_64\bin\server;C:\Users\ASUS\AppData\Roaming\Code\User\globalStorage\redhat.java\1.40.0\config_win\org.eclipse.equinox.launcher\org.eclipse.equinox.launcher.win32.win32.x86_64_1.2.1200.v20250212-0927;C:\Users\ASUS\AppData\Local\Temp\jna-2018896

VM Arguments:
jvm_args: --add-modules=ALL-SYSTEM --add-opens=java.base/java.util=ALL-UNNAMED --add-opens=java.base/java.lang=ALL-UNNAMED --add-opens=java.base/sun.nio.fs=ALL-UNNAMED -Declipse.application=org.eclipse.jdt.ls.core.id1 -Dosgi.bundles.defaultStartLevel=4 -Declipse.product=org.eclipse.jdt.ls.core.product -Djava.import.generatesMetadataFilesAtProjectRoot=false -DDetectVMInstallationsJob.disabled=true -Dfile.encoding=utf8 -XX:+UseParallelGC -XX:GCTimeRatio=4 -XX:AdaptiveSizePolicyWeight=90 -Dsun.zip.disableMemoryMapping=true -Xmx1G -Xms100m -Xlog:disable -javaagent:c:\Users\ASUS\.vscode\extensions\redhat.java-1.40.0-win32-x64\lombok\lombok-1.18.36.jar -XX:+HeapDumpOnOutOfMemoryError -XX:HeapDumpPath=c:\Users\ASUS\AppData\Roaming\Code\User\workspaceStorage\b386038ac4fada495da08a274342fa16\redhat.java -Daether.dependencyCollector.impl=bf 
java_command: c:\Users\ASUS\.vscode\extensions\redhat.java-1.40.0-win32-x64\server\plugins\org.eclipse.equinox.launcher_1.6.1000.v20250131-0606.jar -configuration c:\Users\ASUS\AppData\Roaming\Code\User\globalStorage\redhat.java\1.40.0\config_win -data c:\Users\ASUS\AppData\Roaming\Code\User\workspaceStorage\b386038ac4fada495da08a274342fa16\redhat.java\jdt_ws --pipe=\\.\pipe\lsp-1486c08a576d6f68ea913694a5360ad9-sock
java_class_path (initial): c:\Users\ASUS\.vscode\extensions\redhat.java-1.40.0-win32-x64\server\plugins\org.eclipse.equinox.launcher_1.6.1000.v20250131-0606.jar
Launcher Type: SUN_STANDARD

[Global flags]
    uintx AdaptiveSizePolicyWeight                 = 90                                        {product} {command line}
     intx CICompilerCount                          = 4                                         {product} {ergonomic}
    uintx GCTimeRatio                              = 4                                         {product} {command line}
     bool HeapDumpOnOutOfMemoryError               = true                                   {manageable} {command line}
    ccstr HeapDumpPath                             = c:\Users\ASUS\AppData\Roaming\Code\User\workspaceStorage\b386038ac4fada495da08a274342fa16\redhat.java         {manageable} {command line}
   size_t InitialHeapSize                          = 104857600                                 {product} {command line}
   size_t MaxHeapSize                              = 1073741824                                {product} {command line}
   size_t MaxNewSize                               = 357564416                                 {product} {ergonomic}
   size_t MinHeapDeltaBytes                        = 524288                                    {product} {ergonomic}
   size_t MinHeapSize                              = 104857600                                 {product} {command line}
   size_t NewSize                                  = 34603008                                  {product} {ergonomic}
    uintx NonNMethodCodeHeapSize                   = 5839372                                {pd product} {ergonomic}
    uintx NonProfiledCodeHeapSize                  = 122909434                              {pd product} {ergonomic}
   size_t OldSize                                  = 70254592                                  {product} {ergonomic}
    uintx ProfiledCodeHeapSize                     = 122909434                              {pd product} {ergonomic}
    uintx ReservedCodeCacheSize                    = 251658240                              {pd product} {ergonomic}
     bool SegmentedCodeCache                       = true                                      {product} {ergonomic}
   size_t SoftMaxHeapSize                          = 1073741824                             {manageable} {ergonomic}
     bool UseCompressedOops                        = true                           {product lp64_product} {ergonomic}
     bool UseLargePagesIndividualAllocation        = false                                  {pd product} {ergonomic}
     bool UseParallelGC                            = true                                      {product} {command line}

Logging:
Log output configuration:
 #0: stdout all=off uptime,level,tags foldmultilines=false
 #1: stderr all=off uptime,level,tags foldmultilines=false

Environment Variables:
JAVA_HOME=C:\Users\ASUS\AppData\Local\Programs\Eclipse Adoptium\jdk-17.0.8.101-hotspot\
PATH=C:\Users\ASUS\AppData\Local\cloud-code\installer\google-cloud-sdk\bin;C:\Program Files\jdk-21.0.5\bin;C:\Users\ASUS\AppData\Local\Programs\Python\Python312\Scripts\;C:\Users\ASUS\AppData\Local\Programs\Python\Python312\;C:\Program Files (x86)\Common Files\Oracle\Java\javapath;C:\ProgramData\Oracle\Java\javapath;C:\Windows\system32;C:\Windows;C:\Windows\System32\Wbem;C:\Windows\System32\WindowsPowerShell\v1.0\;C:\Windows\System32\OpenSSH\;C:\Program Files (x86)\NVIDIA Corporation\PhysX\Common;C:\Program Files\NVIDIA Corporation\NVIDIA NvDLISR;C:\Program Files\Calibre2\;C:\WINDOWS\system32;C:\WINDOWS;C:\WINDOWS\System32\Wbem;C:\WINDOWS\System32\WindowsPowerShell\v1.0\;C:\WINDOWS\System32\OpenSSH\;C:\Program Files\Git\cmd;C:\Program Files\nodejs\;C:\ProgramData\chocolatey\bin;C:\Program Files\MySQL\MySQL Shell 8.0\bin\;C:\Users\ASUS\AppData\Local\Programs\Eclipse Adoptium\jdk-17.0.8.101-hotspot\bin;C:\Users\ASUS\AppData\Local\Microsoft\WindowsApps;C:\Users\ASUS\AppData\Local\Programs\Microsoft VS Code\bin;C:\msys64\ucrt64\bin;C:\Users\ASUS\AppData\Local\GitHubDesktop\bin;C:\Users\ASUS\AppData\Roaming\npm;C:\Users\ASUS\AppData\Local\Programs\Python\Python312\python.exe;;C:\Users\ASUS\AppData\Local\Google\Cloud SDK\google-cloud-sdk\bin;C:\Program Files (x86)\Google\Cloud SDK\google-cloud-sdk\bin;C:\Program Files\Google\Cloud SDK\google-cloud-sdk\bin
USERNAME=ASUS
OS=Windows_NT
PROCESSOR_IDENTIFIER=Intel64 Family 6 Model 140 Stepping 1, GenuineIntel
TMP=C:\Users\ASUS\AppData\Local\Temp
TEMP=C:\Users\ASUS\AppData\Local\Temp




Periodic native trim disabled

---------------  S Y S T E M  ---------------

OS:
 Windows 11 , 64 bit Build 22621 (10.0.22621.4974)
OS uptime: 4 days 6:14 hours

CPU: total 8 (initial active 8) (4 cores per cpu, 2 threads per core) family 6 model 140 stepping 1 microcode 0x86, cx8, cmov, fxsr, ht, mmx, 3dnowpref, sse, sse2, sse3, ssse3, sse4.1, sse4.2, popcnt, lzcnt, tsc, tscinvbit, avx, avx2, aes, erms, clmul, bmi1, bmi2, adx, avx512f, avx512dq, avx512cd, avx512bw, avx512vl, sha, fma, vzeroupper, avx512_vpopcntdq, avx512_vpclmulqdq, avx512_vaes, avx512_vnni, clflush, clflushopt, clwb, avx512_vbmi2, avx512_vbmi, rdtscp, rdpid, fsrm, gfni, avx512_bitalg, f16c, pku, cet_ibt, cet_ss, avx512_ifma
Processor Information for processor 0
  Max Mhz: 3302, Current Mhz: 3302, Mhz Limit: 3302
Processor Information for processor 1
  Max Mhz: 3302, Current Mhz: 3302, Mhz Limit: 3302
Processor Information for processor 2
  Max Mhz: 3302, Current Mhz: 3302, Mhz Limit: 3302
Processor Information for processor 3
  Max Mhz: 3302, Current Mhz: 3302, Mhz Limit: 3302
Processor Information for processor 4
  Max Mhz: 3302, Current Mhz: 3302, Mhz Limit: 3302
Processor Information for processor 5
  Max Mhz: 3302, Current Mhz: 1000, Mhz Limit: 3302
Processor Information for processor 6
  Max Mhz: 3302, Current Mhz: 3302, Mhz Limit: 3302
Processor Information for processor 7
  Max Mhz: 3302, Current Mhz: 3302, Mhz Limit: 3302

Memory: 4k page, system-wide physical 16075M (3296M free)
TotalPageFile size 20267M (AvailPageFile size 5M)
current process WorkingSet (physical memory assigned to process): 208M, peak: 211M
current process commit charge ("private bytes"): 297M, peak: 301M

vm_info: OpenJDK 64-Bit Server VM (21.0.6+7-LTS) for windows-amd64 JRE (21.0.6+7-LTS), built on 2025-01-21T00:00:00Z by "admin" with MS VC++ 17.7 (VS2022)

END.
