#
# There is insufficient memory for the Java Runtime Environment to continue.
# Native memory allocation (malloc) failed to allocate 32744 bytes. Error detail: Chunk::new
# Possible reasons:
#   The system is out of physical RAM or swap space
#   This process is running with CompressedOops enabled, and the Java Heap may be blocking the growth of the native heap
# Possible solutions:
#   Reduce memory load on the system
#   Increase physical memory or swap space
#   Check if swap backing store is full
#   Decrease Java heap size (-Xmx/-Xms)
#   Decrease number of Java threads
#   Decrease Java thread stack sizes (-Xss)
#   Set larger code cache with -XX:ReservedCodeCacheSize=
#   JVM is running with Unscaled Compressed Oops mode in which the Java heap is
#     placed in the first 4GB address space. The Java Heap base address is the
#     maximum limit for the native heap growth. Please use -XX:HeapBaseMinAddress
#     to set the Java Heap base and to place the Java Heap above 4GB virtual address.
# This output file may be truncated or incomplete.
#
#  Out of Memory Error (arena.cpp:168), pid=10496, tid=21240
#
# JRE version: OpenJDK Runtime Environment Temurin-21.0.6+7 (21.0.6+7) (build 21.0.6+7-LTS)
# Java VM: OpenJDK 64-Bit Server VM Temurin-21.0.6+7 (21.0.6+7-LTS, mixed mode, sharing, tiered, compressed oops, compressed class ptrs, parallel gc, windows-amd64)
# No core dump will be written. Minidumps are not enabled by default on client versions of Windows
#

---------------  S U M M A R Y ------------

Command Line: --add-modules=ALL-SYSTEM --add-opens=java.base/java.util=ALL-UNNAMED --add-opens=java.base/java.lang=ALL-UNNAMED --add-opens=java.base/sun.nio.fs=ALL-UNNAMED -Declipse.application=org.eclipse.jdt.ls.core.id1 -Dosgi.bundles.defaultStartLevel=4 -Declipse.product=org.eclipse.jdt.ls.core.product -Djava.import.generatesMetadataFilesAtProjectRoot=false -DDetectVMInstallationsJob.disabled=true -Dfile.encoding=utf8 -XX:+UseParallelGC -XX:GCTimeRatio=4 -XX:AdaptiveSizePolicyWeight=90 -Dsun.zip.disableMemoryMapping=true -Xmx1G -Xms100m -Xlog:disable -javaagent:c:\Users\ASUS\.vscode\extensions\redhat.java-1.40.0-win32-x64\lombok\lombok-1.18.36.jar -XX:+HeapDumpOnOutOfMemoryError -XX:HeapDumpPath=c:\Users\ASUS\AppData\Roaming\Code\User\workspaceStorage\b386038ac4fada495da08a274342fa16\redhat.java -Daether.dependencyCollector.impl=bf c:\Users\ASUS\.vscode\extensions\redhat.java-1.40.0-win32-x64\server\plugins\org.eclipse.equinox.launcher_1.6.1000.v20250131-0606.jar -configuration c:\Users\ASUS\AppData\Roaming\Code\User\globalStorage\redhat.java\1.40.0\config_win -data c:\Users\ASUS\AppData\Roaming\Code\User\workspaceStorage\b386038ac4fada495da08a274342fa16\redhat.java\jdt_ws --pipe=\\.\pipe\lsp-d0ccd9bbddfe3fdc769a7cd84daa0f0b-sock

Host: 11th Gen Intel(R) Core(TM) i7-11370H @ 3.30GHz, 8 cores, 15G,  Windows 11 , 64 bit Build 22621 (10.0.22621.4974)
Time: Mon Mar 17 23:57:32 2025 Malay Peninsula Standard Time elapsed time: 62.926165 seconds (0d 0h 1m 2s)

---------------  T H R E A D  ---------------

Current thread (0x0000027bfceeb880):  JavaThread "C2 CompilerThread1" daemon [_thread_in_native, id=21240, stack(0x000000e7b5700000,0x000000e7b5800000) (1024K)]


Current CompileTask:
C2:62926 10127       4       org.eclipse.jdt.internal.compiler.parser.Parser::consumeRule (7755 bytes)

Stack: [0x000000e7b5700000,0x000000e7b5800000]
Native frames: (J=compiled Java code, j=interpreted, Vv=VM code, C=native code)
V  [jvm.dll+0x6cdee9]
V  [jvm.dll+0x8a83d1]
V  [jvm.dll+0x8aa8fe]
V  [jvm.dll+0x8aafe3]
V  [jvm.dll+0x27f706]
V  [jvm.dll+0xc500d]
V  [jvm.dll+0xc5543]
V  [jvm.dll+0x6f9aec]
V  [jvm.dll+0x1e00d6]
V  [jvm.dll+0x247b42]
V  [jvm.dll+0x246fcf]
V  [jvm.dll+0x1c75ee]
V  [jvm.dll+0x25685a]
V  [jvm.dll+0x254dfa]
V  [jvm.dll+0x3f0256]
V  [jvm.dll+0x851f8b]
V  [jvm.dll+0x6cc5ed]
C  [ucrtbase.dll+0x29333]
C  [KERNEL32.DLL+0x1259d]
C  [ntdll.dll+0x5af38]


---------------  P R O C E S S  ---------------

Threads class SMR info:
_java_thread_list=0x0000027bfb5f0a70, length=70, elements={
0x0000027b9dcff360, 0x0000027bf31beaa0, 0x0000027bf31c00f0, 0x0000027bf31c23a0,
0x0000027bf31c32b0, 0x0000027bf31c41c0, 0x0000027bf31c5e20, 0x0000027bf31cac70,
0x0000027bf31fc3c0, 0x0000027bf4b37110, 0x0000027bf4d91820, 0x0000027bf97a05c0,
0x0000027bf9517540, 0x0000027bf93571c0, 0x0000027bf9b090f0, 0x0000027bfa031320,
0x0000027bf9d8e180, 0x0000027bfa0dbb20, 0x0000027bfa0dc1b0, 0x0000027bfa0dced0,
0x0000027bfa0ddbf0, 0x0000027bfa0dc840, 0x0000027bfa0de280, 0x0000027bfa0dd560,
0x0000027bfa0dae00, 0x0000027bfa0db490, 0x0000027bfca4f020, 0x0000027bfca4ae80,
0x0000027bfca48090, 0x0000027bfca48db0, 0x0000027bfca4b510, 0x0000027bfca48720,
0x0000027bfca4c230, 0x0000027bfca4a160, 0x0000027bfca49440, 0x0000027bfca4a7f0,
0x0000027bfca4bba0, 0x0000027bfca4dc70, 0x0000027bfca4d5e0, 0x0000027bfca4e990,
0x0000027bfca4c8c0, 0x0000027bfca4e300, 0x0000027bfca4cf50, 0x0000027bfca4f6b0,
0x0000027bfdfdf390, 0x0000027bfdfdfa20, 0x0000027bfdfded00, 0x0000027bfdfe00b0,
0x0000027bfdfe4f70, 0x0000027bfdfe0740, 0x0000027bfdfe0dd0, 0x0000027bfdfe2180,
0x0000027bfdfe5600, 0x0000027bfdfe4250, 0x0000027bfdfe2ea0, 0x0000027bfdfe1460,
0x0000027bfdfe1af0, 0x0000027bfdfe2810, 0x0000027bfdfe3530, 0x0000027bfdfe48e0,
0x0000027bfdfe5c90, 0x0000027bfdfe3bc0, 0x0000027b87ef5ff0, 0x0000027b87ef24e0,
0x0000027b87ef6680, 0x0000027b87ef3890, 0x0000027b87ef1e50, 0x0000027b87ef4c40,
0x0000027bfceeb880, 0x0000027b888a74e0
}

Java Threads: ( => current thread )
  0x0000027b9dcff360 JavaThread "main"                              [_thread_blocked, id=13356, stack(0x000000e7b5a00000,0x000000e7b5b00000) (1024K)]
  0x0000027bf31beaa0 JavaThread "Reference Handler"          daemon [_thread_blocked, id=19128, stack(0x000000e7b5e00000,0x000000e7b5f00000) (1024K)]
  0x0000027bf31c00f0 JavaThread "Finalizer"                  daemon [_thread_blocked, id=24648, stack(0x000000e7b5f00000,0x000000e7b6000000) (1024K)]
  0x0000027bf31c23a0 JavaThread "Signal Dispatcher"          daemon [_thread_blocked, id=13008, stack(0x000000e7b6000000,0x000000e7b6100000) (1024K)]
  0x0000027bf31c32b0 JavaThread "Attach Listener"            daemon [_thread_blocked, id=23976, stack(0x000000e7b6100000,0x000000e7b6200000) (1024K)]
  0x0000027bf31c41c0 JavaThread "Service Thread"             daemon [_thread_blocked, id=10016, stack(0x000000e7b6200000,0x000000e7b6300000) (1024K)]
  0x0000027bf31c5e20 JavaThread "Monitor Deflation Thread"   daemon [_thread_blocked, id=9328, stack(0x000000e7b6300000,0x000000e7b6400000) (1024K)]
  0x0000027bf31cac70 JavaThread "C2 CompilerThread0"         daemon [_thread_blocked, id=23924, stack(0x000000e7b6400000,0x000000e7b6500000) (1024K)]
  0x0000027bf31fc3c0 JavaThread "C1 CompilerThread0"         daemon [_thread_blocked, id=18988, stack(0x000000e7b6500000,0x000000e7b6600000) (1024K)]
  0x0000027bf4b37110 JavaThread "Common-Cleaner"             daemon [_thread_blocked, id=8752, stack(0x000000e7b6600000,0x000000e7b6700000) (1024K)]
  0x0000027bf4d91820 JavaThread "Notification Thread"        daemon [_thread_blocked, id=14624, stack(0x000000e7b6800000,0x000000e7b6900000) (1024K)]
  0x0000027bf97a05c0 JavaThread "Active Thread: Equinox Container: 6c95fc70-49d3-4740-af72-ce93b12ba7ba"        [_thread_blocked, id=24776, stack(0x000000e7b7000000,0x000000e7b7100000) (1024K)]
  0x0000027bf9517540 JavaThread "Refresh Thread: Equinox Container: 6c95fc70-49d3-4740-af72-ce93b12ba7ba" daemon [_thread_blocked, id=17508, stack(0x000000e7b7100000,0x000000e7b7200000) (1024K)]
  0x0000027bf93571c0 JavaThread "Framework Event Dispatcher: Equinox Container: 6c95fc70-49d3-4740-af72-ce93b12ba7ba" daemon [_thread_blocked, id=22224, stack(0x000000e7b7300000,0x000000e7b7400000) (1024K)]
  0x0000027bf9b090f0 JavaThread "Start Level: Equinox Container: 6c95fc70-49d3-4740-af72-ce93b12ba7ba" daemon [_thread_blocked, id=2904, stack(0x000000e7b7400000,0x000000e7b7500000) (1024K)]
  0x0000027bfa031320 JavaThread "Bundle File Closer"         daemon [_thread_blocked, id=20792, stack(0x000000e7b7500000,0x000000e7b7600000) (1024K)]
  0x0000027bf9d8e180 JavaThread "SCR Component Actor"        daemon [_thread_blocked, id=14648, stack(0x000000e7b7600000,0x000000e7b7700000) (1024K)]
  0x0000027bfa0dbb20 JavaThread "Worker-JM"                         [_thread_blocked, id=12060, stack(0x000000e7b6900000,0x000000e7b6a00000) (1024K)]
  0x0000027bfa0dc1b0 JavaThread "JNA Cleaner"                daemon [_thread_blocked, id=5564, stack(0x000000e7b7800000,0x000000e7b7900000) (1024K)]
  0x0000027bfa0dced0 JavaThread "Worker-0"                          [_thread_blocked, id=26492, stack(0x000000e7b6700000,0x000000e7b6800000) (1024K)]
  0x0000027bfa0ddbf0 JavaThread "Worker-1"                          [_thread_blocked, id=20452, stack(0x000000e7b7900000,0x000000e7b7a00000) (1024K)]
  0x0000027bfa0dc840 JavaThread "Java indexing"              daemon [_thread_blocked, id=13928, stack(0x000000e7b7c00000,0x000000e7b7d00000) (1024K)]
  0x0000027bfa0de280 JavaThread "Worker-2"                          [_thread_blocked, id=20840, stack(0x000000e7b7d00000,0x000000e7b7e00000) (1024K)]
  0x0000027bfa0dd560 JavaThread "Worker-3"                          [_thread_blocked, id=22644, stack(0x000000e7b7e00000,0x000000e7b7f00000) (1024K)]
  0x0000027bfa0dae00 JavaThread "Worker-4"                          [_thread_blocked, id=25964, stack(0x000000e7b7f00000,0x000000e7b8000000) (1024K)]
  0x0000027bfa0db490 JavaThread "Worker-5"                          [_thread_blocked, id=19540, stack(0x000000e7b8000000,0x000000e7b8100000) (1024K)]
  0x0000027bfca4f020 JavaThread "Thread-2"                   daemon [_thread_in_native, id=21372, stack(0x000000e7b8100000,0x000000e7b8200000) (1024K)]
  0x0000027bfca4ae80 JavaThread "Thread-3"                   daemon [_thread_in_native, id=22676, stack(0x000000e7b8200000,0x000000e7b8300000) (1024K)]
  0x0000027bfca48090 JavaThread "Thread-4"                   daemon [_thread_in_native, id=2152, stack(0x000000e7b8300000,0x000000e7b8400000) (1024K)]
  0x0000027bfca48db0 JavaThread "Thread-5"                   daemon [_thread_in_native, id=7660, stack(0x000000e7b8400000,0x000000e7b8500000) (1024K)]
  0x0000027bfca4b510 JavaThread "Thread-6"                   daemon [_thread_in_native, id=4660, stack(0x000000e7b8500000,0x000000e7b8600000) (1024K)]
  0x0000027bfca48720 JavaThread "Thread-7"                   daemon [_thread_in_native, id=21144, stack(0x000000e7b8600000,0x000000e7b8700000) (1024K)]
  0x0000027bfca4c230 JavaThread "Thread-8"                   daemon [_thread_in_native, id=8776, stack(0x000000e7b8700000,0x000000e7b8800000) (1024K)]
  0x0000027bfca4a160 JavaThread "Thread-9"                   daemon [_thread_in_native, id=10088, stack(0x000000e7b8800000,0x000000e7b8900000) (1024K)]
  0x0000027bfca49440 JavaThread "Thread-10"                  daemon [_thread_in_native, id=8296, stack(0x000000e7b8900000,0x000000e7b8a00000) (1024K)]
  0x0000027bfca4a7f0 JavaThread "pool-2-thread-1"                   [_thread_blocked, id=21916, stack(0x000000e7b8a00000,0x000000e7b8b00000) (1024K)]
  0x0000027bfca4bba0 JavaThread "WorkspaceEventsHandler"            [_thread_blocked, id=16604, stack(0x000000e7b8b00000,0x000000e7b8c00000) (1024K)]
  0x0000027bfca4dc70 JavaThread "pool-1-thread-1"                   [_thread_blocked, id=22332, stack(0x000000e7b8c00000,0x000000e7b8d00000) (1024K)]
  0x0000027bfca4d5e0 JavaThread "LocalFile Deleter"          daemon [_thread_blocked, id=2448, stack(0x000000e7b8d00000,0x000000e7b8e00000) (1024K)]
  0x0000027bfca4e990 JavaThread "LocalFile Deleter"          daemon [_thread_blocked, id=15992, stack(0x000000e7b8e00000,0x000000e7b8f00000) (1024K)]
  0x0000027bfca4c8c0 JavaThread "LocalFile Deleter"          daemon [_thread_blocked, id=7216, stack(0x000000e7b8f00000,0x000000e7b9000000) (1024K)]
  0x0000027bfca4e300 JavaThread "LocalFile Deleter"          daemon [_thread_blocked, id=20308, stack(0x000000e7b9000000,0x000000e7b9100000) (1024K)]
  0x0000027bfca4cf50 JavaThread "LocalFile Deleter"          daemon [_thread_blocked, id=13692, stack(0x000000e7b9100000,0x000000e7b9200000) (1024K)]
  0x0000027bfca4f6b0 JavaThread "LocalFile Deleter"          daemon [_thread_blocked, id=4524, stack(0x000000e7b9200000,0x000000e7b9300000) (1024K)]
  0x0000027bfdfdf390 JavaThread "LocalFile Deleter"          daemon [_thread_blocked, id=3572, stack(0x000000e7b9300000,0x000000e7b9400000) (1024K)]
  0x0000027bfdfdfa20 JavaThread "LocalFile Deleter"          daemon [_thread_blocked, id=15520, stack(0x000000e7b9400000,0x000000e7b9500000) (1024K)]
  0x0000027bfdfded00 JavaThread "Compiler Source File Reader" daemon [_thread_blocked, id=20000, stack(0x000000e7b9500000,0x000000e7b9600000) (1024K)]
  0x0000027bfdfe00b0 JavaThread "Compiler Source File Reader" daemon [_thread_blocked, id=22576, stack(0x000000e7b9600000,0x000000e7b9700000) (1024K)]
  0x0000027bfdfe4f70 JavaThread "Compiler Source File Reader" daemon [_thread_blocked, id=15980, stack(0x000000e7b9700000,0x000000e7b9800000) (1024K)]
  0x0000027bfdfe0740 JavaThread "Compiler Source File Reader" daemon [_thread_blocked, id=22748, stack(0x000000e7b9800000,0x000000e7b9900000) (1024K)]
  0x0000027bfdfe0dd0 JavaThread "Compiler Source File Reader" daemon [_thread_blocked, id=20400, stack(0x000000e7b9900000,0x000000e7b9a00000) (1024K)]
  0x0000027bfdfe2180 JavaThread "Compiler Source File Reader" daemon [_thread_blocked, id=8640, stack(0x000000e7b9a00000,0x000000e7b9b00000) (1024K)]
  0x0000027bfdfe5600 JavaThread "Compiler Processing Task"   daemon [_thread_blocked, id=13672, stack(0x000000e7b9b00000,0x000000e7b9c00000) (1024K)]
  0x0000027bfdfe4250 JavaThread "Compiler Class File Writer" daemon [_thread_blocked, id=11848, stack(0x000000e7b9c00000,0x000000e7b9d00000) (1024K)]
  0x0000027bfdfe2ea0 JavaThread "Compiler Class File Writer" daemon [_thread_blocked, id=17348, stack(0x000000e7b9d00000,0x000000e7b9e00000) (1024K)]
  0x0000027bfdfe1460 JavaThread "Compiler Class File Writer" daemon [_thread_blocked, id=25928, stack(0x000000e7b9e00000,0x000000e7b9f00000) (1024K)]
  0x0000027bfdfe1af0 JavaThread "Compiler Class File Writer" daemon [_thread_blocked, id=28212, stack(0x000000e7b9f00000,0x000000e7ba000000) (1024K)]
  0x0000027bfdfe2810 JavaThread "Compiler Class File Writer" daemon [_thread_blocked, id=23656, stack(0x000000e7ba000000,0x000000e7ba100000) (1024K)]
  0x0000027bfdfe3530 JavaThread "Compiler Class File Writer" daemon [_thread_blocked, id=26764, stack(0x000000e7ba100000,0x000000e7ba200000) (1024K)]
  0x0000027bfdfe48e0 JavaThread "ForkJoinPool.commonPool-worker-1" daemon [_thread_blocked, id=17956, stack(0x000000e7b7700000,0x000000e7b7800000) (1024K)]
  0x0000027bfdfe5c90 JavaThread "Worker-6"                          [_thread_blocked, id=24180, stack(0x000000e7ba200000,0x000000e7ba300000) (1024K)]
  0x0000027bfdfe3bc0 JavaThread "ForkJoinPool.commonPool-worker-2" daemon [_thread_blocked, id=12120, stack(0x000000e7ba300000,0x000000e7ba400000) (1024K)]
  0x0000027b87ef5ff0 JavaThread "ForkJoinPool.commonPool-worker-3" daemon [_thread_blocked, id=23708, stack(0x000000e7ba400000,0x000000e7ba500000) (1024K)]
  0x0000027b87ef24e0 JavaThread "ForkJoinPool.commonPool-worker-4" daemon [_thread_blocked, id=18792, stack(0x000000e7ba500000,0x000000e7ba600000) (1024K)]
  0x0000027b87ef6680 JavaThread "ForkJoinPool.commonPool-worker-5" daemon [_thread_blocked, id=26968, stack(0x000000e7ba600000,0x000000e7ba700000) (1024K)]
  0x0000027b87ef3890 JavaThread "ForkJoinPool.commonPool-worker-6" daemon [_thread_blocked, id=22692, stack(0x000000e7ba700000,0x000000e7ba800000) (1024K)]
  0x0000027b87ef1e50 JavaThread "ForkJoinPool.commonPool-worker-7" daemon [_thread_blocked, id=13180, stack(0x000000e7ba800000,0x000000e7ba900000) (1024K)]
  0x0000027b87ef4c40 JavaThread "Cleaner-0"                  daemon [_thread_blocked, id=17468, stack(0x000000e7baa00000,0x000000e7bab00000) (1024K)]
=>0x0000027bfceeb880 JavaThread "C2 CompilerThread1"         daemon [_thread_in_native, id=21240, stack(0x000000e7b5700000,0x000000e7b5800000) (1024K)]
  0x0000027b888a74e0 JavaThread "C2 CompilerThread2"         daemon [_thread_blocked, id=24652, stack(0x000000e7b5800000,0x000000e7b5900000) (1024K)]
Total: 70

Other Threads:
  0x0000027b9bb208e0 VMThread "VM Thread"                           [id=13932, stack(0x000000e7b5d00000,0x000000e7b5e00000) (1024K)]
  0x0000027b9dd6a9f0 WatcherThread "VM Periodic Task Thread"        [id=6772, stack(0x000000e7b5c00000,0x000000e7b5d00000) (1024K)]
  0x0000027b9bb1fa60 WorkerThread "GC Thread#0"                     [id=20632, stack(0x000000e7b5b00000,0x000000e7b5c00000) (1024K)]
  0x0000027b9bb1f320 WorkerThread "GC Thread#1"                     [id=14672, stack(0x000000e7b6a00000,0x000000e7b6b00000) (1024K)]
  0x0000027b9bb1f6c0 WorkerThread "GC Thread#2"                     [id=16892, stack(0x000000e7b6b00000,0x000000e7b6c00000) (1024K)]
  0x0000027bf92ae9f0 WorkerThread "GC Thread#3"                     [id=10444, stack(0x000000e7b6c00000,0x000000e7b6d00000) (1024K)]
  0x0000027bf92ad7d0 WorkerThread "GC Thread#4"                     [id=27736, stack(0x000000e7b6d00000,0x000000e7b6e00000) (1024K)]
  0x0000027bf92af4d0 WorkerThread "GC Thread#5"                     [id=22628, stack(0x000000e7b6e00000,0x000000e7b6f00000) (1024K)]
  0x0000027bf92affb0 WorkerThread "GC Thread#6"                     [id=23560, stack(0x000000e7b6f00000,0x000000e7b7000000) (1024K)]
  0x0000027bf92ae2b0 WorkerThread "GC Thread#7"                     [id=2644, stack(0x000000e7b7200000,0x000000e7b7300000) (1024K)]
Total: 10

Threads with active compile tasks:
C2 CompilerThread1  62945 10127       4       org.eclipse.jdt.internal.compiler.parser.Parser::consumeRule (7755 bytes)
Total: 1

VM state: not at safepoint (normal execution)

VM Mutex/Monitor currently owned by a thread: None

Heap address: 0x00000000c0000000, size: 1024 MB, Compressed Oops mode: 32-bit

CDS archive(s) mapped at: [0x0000027bb2000000-0x0000027bb2ba0000-0x0000027bb2ba0000), size 12189696, SharedBaseAddress: 0x0000027bb2000000, ArchiveRelocationMode: 1.
Compressed class space mapped at: 0x0000027bb3000000-0x0000027bf3000000, reserved size: 1073741824
Narrow klass base: 0x0000027bb2000000, Narrow klass shift: 0, Narrow klass range: 0x100000000

GC Precious Log:
 CardTable entry size: 512
 CPUs: 8 total, 8 available
 Memory: 16075M
 Large Page Support: Disabled
 NUMA Support: Disabled
 Compressed Oops: Enabled (32-bit)
 Alignments: Space 512K, Generation 512K, Heap 2M
 Heap Min Capacity: 100M
 Heap Initial Capacity: 100M
 Heap Max Capacity: 1G
 Pre-touch: Disabled
 Parallel Workers: 8

Heap:
 PSYoungGen      total 6656K, used 5769K [0x00000000eab00000, 0x00000000eb680000, 0x0000000100000000)
  eden space 6144K, 86% used [0x00000000eab00000,0x00000000eb030510,0x00000000eb100000)
  from space 512K, 89% used [0x00000000eb600000,0x00000000eb671fb0,0x00000000eb680000)
  to   space 1024K, 0% used [0x00000000eb480000,0x00000000eb480000,0x00000000eb580000)
 ParOldGen       total 474112K, used 473875K [0x00000000c0000000, 0x00000000dcf00000, 0x00000000eab00000)
  object space 474112K, 99% used [0x00000000c0000000,0x00000000dcec4c78,0x00000000dcf00000)
 Metaspace       used 64868K, committed 66304K, reserved 1114112K
  class space    used 6761K, committed 7360K, reserved 1048576K

Card table byte_map: [0x0000027b9d6d0000,0x0000027b9d8e0000] _byte_map_base: 0x0000027b9d0d0000

Marking Bits: (ParMarkBitMap*) 0x00007fffd2183260
 Begin Bits: [0x0000027bafef0000, 0x0000027bb0ef0000)
 End Bits:   [0x0000027bb0ef0000, 0x0000027bb1ef0000)

Polling page: 0x0000027b9d4c0000

Metaspace:

Usage:
  Non-class:     56.74 MB used.
      Class:      6.60 MB used.
       Both:     63.35 MB used.

Virtual space:
  Non-class space:       64.00 MB reserved,      57.56 MB ( 90%) committed,  1 nodes.
      Class space:        1.00 GB reserved,       7.19 MB ( <1%) committed,  1 nodes.
             Both:        1.06 GB reserved,      64.75 MB (  6%) committed. 

Chunk freelists:
   Non-Class:  6.48 MB
       Class:  8.78 MB
        Both:  15.27 MB

MaxMetaspaceSize: unlimited
CompressedClassSpaceSize: 1.00 GB
Initial GC threshold: 21.00 MB
Current GC threshold: 97.31 MB
CDS: on
 - commit_granule_bytes: 65536.
 - commit_granule_words: 8192.
 - virtual_space_node_default_size: 8388608.
 - enlarge_chunks_in_place: 1.
 - use_allocation_guard: 0.


Internal statistics:

num_allocs_failed_limit: 9.
num_arena_births: 1074.
num_arena_deaths: 14.
num_vsnodes_births: 2.
num_vsnodes_deaths: 0.
num_space_committed: 1036.
num_space_uncommitted: 0.
num_chunks_returned_to_freelist: 23.
num_chunks_taken_from_freelist: 4050.
num_chunk_merges: 15.
num_chunk_splits: 2534.
num_chunks_enlarged: 1502.
num_inconsistent_stats: 0.

CodeHeap 'non-profiled nmethods': size=120000Kb used=7414Kb max_used=7414Kb free=112585Kb
 bounds [0x0000027ba89c0000, 0x0000027ba9100000, 0x0000027bafef0000]
CodeHeap 'profiled nmethods': size=120000Kb used=21874Kb max_used=21874Kb free=98126Kb
 bounds [0x0000027ba0ef0000, 0x0000027ba2450000, 0x0000027ba8420000]
CodeHeap 'non-nmethods': size=5760Kb used=1462Kb max_used=1557Kb free=4297Kb
 bounds [0x0000027ba8420000, 0x0000027ba8690000, 0x0000027ba89c0000]
 total_blobs=10184 nmethods=9413 adapters=675
 compilation: enabled
              stopped_count=0, restarted_count=0
 full_count=0

Compilation events (20 events):
Event: 62.851 Thread 0x0000027bf31fc3c0 10161   !   3       org.eclipse.jdt.internal.core.util.Util::getUnresolvedJavaElement (574 bytes)
Event: 62.854 Thread 0x0000027bf31fc3c0 nmethod 10161 0x0000027ba2444910 code [0x0000027ba2445000, 0x0000027ba2448f80]
Event: 62.854 Thread 0x0000027bf31fc3c0 10162       3       org.eclipse.jdt.internal.core.util.Util::getPackageFragment (229 bytes)
Event: 62.854 Thread 0x0000027bf31cac70 nmethod 10117 0x0000027ba90eff90 code [0x0000027ba90f02a0, 0x0000027ba90f20a8]
Event: 62.854 Thread 0x0000027bf31cac70 10136       4       java.lang.Class::getField0 (99 bytes)
Event: 62.855 Thread 0x0000027bf31fc3c0 nmethod 10162 0x0000027ba2449f90 code [0x0000027ba244a380, 0x0000027ba244bca0]
Event: 62.855 Thread 0x0000027bf31fc3c0 10163       3       org.eclipse.jdt.core.dom.DefaultBindingResolver$1::<init> (10 bytes)
Event: 62.855 Thread 0x0000027bf31fc3c0 nmethod 10163 0x0000027ba244c410 code [0x0000027ba244c5c0, 0x0000027ba244c748]
Event: 62.866 Thread 0x0000027b888a74e0 nmethod 10145 0x0000027ba90f3290 code [0x0000027ba90f3700, 0x0000027ba90f4c68]
Event: 62.866 Thread 0x0000027b888a74e0 10122       4       org.eclipse.jdt.core.dom.ASTNode::acceptChild (11 bytes)
Event: 62.883 Thread 0x0000027b888a74e0 nmethod 10122 0x0000027ba90f6010 code [0x0000027ba90f6220, 0x0000027ba90f6b58]
Event: 62.883 Thread 0x0000027b888a74e0 10131       4       java.lang.reflect.Method::invoke (108 bytes)
Event: 62.884 Thread 0x0000027bf31cac70 nmethod 10136 0x0000027ba90f7010 code [0x0000027ba90f7340, 0x0000027ba90f8998]
Event: 62.884 Thread 0x0000027bf31cac70 10130   !   4       org.eclipse.jdt.internal.compiler.parser.Scanner::pushLineSeparator (300 bytes)
Event: 62.889 Thread 0x0000027bf31cac70 nmethod 10130 0x0000027ba90f9610 code [0x0000027ba90f97e0, 0x0000027ba90f9d38]
Event: 62.889 Thread 0x0000027bf31cac70 10133       4       org.eclipse.jdt.internal.compiler.parser.Parser::pushOnIntStack (54 bytes)
Event: 62.890 Thread 0x0000027bf31cac70 nmethod 10133 0x0000027ba90fa010 code [0x0000027ba90fa1a0, 0x0000027ba90fa2a0]
Event: 62.890 Thread 0x0000027bf31cac70 10137       4       java.lang.Class::getInterfaces (49 bytes)
Event: 62.893 Thread 0x0000027bf31cac70 nmethod 10137 0x0000027ba90fa390 code [0x0000027ba90fa560, 0x0000027ba90fa878]
Event: 62.905 Thread 0x0000027b888a74e0 nmethod 10131 0x0000027ba90fab10 code [0x0000027ba90faf80, 0x0000027ba90fc4a8]

GC Heap History (20 events):
Event: 13.530 GC heap before
{Heap before GC invocations=340 (full 3):
 PSYoungGen      total 4096K, used 3889K [0x00000000eab00000, 0x00000000eb300000, 0x0000000100000000)
  eden space 2560K, 100% used [0x00000000eab00000,0x00000000ead80000,0x00000000ead80000)
  from space 1536K, 86% used [0x00000000eb180000,0x00000000eb2cc6f0,0x00000000eb300000)
  to   space 2048K, 0% used [0x00000000eaf00000,0x00000000eaf00000,0x00000000eb100000)
 ParOldGen       total 457216K, used 457125K [0x00000000c0000000, 0x00000000dbe80000, 0x00000000eab00000)
  object space 457216K, 99% used [0x00000000c0000000,0x00000000dbe69690,0x00000000dbe80000)
 Metaspace       used 63451K, committed 64896K, reserved 1114112K
  class space    used 6594K, committed 7232K, reserved 1048576K
}
Event: 13.532 GC heap after
{Heap after GC invocations=340 (full 3):
 PSYoungGen      total 5120K, used 1663K [0x00000000eab00000, 0x00000000eb200000, 0x0000000100000000)
  eden space 3072K, 0% used [0x00000000eab00000,0x00000000eab00000,0x00000000eae00000)
  from space 2048K, 81% used [0x00000000eaf00000,0x00000000eb09fd98,0x00000000eb100000)
  to   space 1024K, 0% used [0x00000000eb100000,0x00000000eb100000,0x00000000eb200000)
 ParOldGen       total 458752K, used 458383K [0x00000000c0000000, 0x00000000dc000000, 0x00000000eab00000)
  object space 458752K, 99% used [0x00000000c0000000,0x00000000dbfa3d80,0x00000000dc000000)
 Metaspace       used 63451K, committed 64896K, reserved 1114112K
  class space    used 6594K, committed 7232K, reserved 1048576K
}
Event: 13.541 GC heap before
{Heap before GC invocations=341 (full 3):
 PSYoungGen      total 5120K, used 4735K [0x00000000eab00000, 0x00000000eb200000, 0x0000000100000000)
  eden space 3072K, 100% used [0x00000000eab00000,0x00000000eae00000,0x00000000eae00000)
  from space 2048K, 81% used [0x00000000eaf00000,0x00000000eb09fd98,0x00000000eb100000)
  to   space 1024K, 0% used [0x00000000eb100000,0x00000000eb100000,0x00000000eb200000)
 ParOldGen       total 458752K, used 458383K [0x00000000c0000000, 0x00000000dc000000, 0x00000000eab00000)
  object space 458752K, 99% used [0x00000000c0000000,0x00000000dbfa3d80,0x00000000dc000000)
 Metaspace       used 63569K, committed 65024K, reserved 1114112K
  class space    used 6600K, committed 7232K, reserved 1048576K
}
Event: 13.544 GC heap after
{Heap after GC invocations=341 (full 3):
 PSYoungGen      total 3584K, used 1024K [0x00000000eab00000, 0x00000000eb600000, 0x0000000100000000)
  eden space 2560K, 0% used [0x00000000eab00000,0x00000000eab00000,0x00000000ead80000)
  from space 1024K, 100% used [0x00000000eb100000,0x00000000eb200000,0x00000000eb200000)
  to   space 3584K, 0% used [0x00000000ead80000,0x00000000ead80000,0x00000000eb100000)
 ParOldGen       total 460800K, used 460337K [0x00000000c0000000, 0x00000000dc200000, 0x00000000eab00000)
  object space 460800K, 99% used [0x00000000c0000000,0x00000000dc18c470,0x00000000dc200000)
 Metaspace       used 63569K, committed 65024K, reserved 1114112K
  class space    used 6600K, committed 7232K, reserved 1048576K
}
Event: 13.549 GC heap before
{Heap before GC invocations=342 (full 3):
 PSYoungGen      total 3584K, used 3584K [0x00000000eab00000, 0x00000000eb600000, 0x0000000100000000)
  eden space 2560K, 100% used [0x00000000eab00000,0x00000000ead80000,0x00000000ead80000)
  from space 1024K, 100% used [0x00000000eb100000,0x00000000eb200000,0x00000000eb200000)
  to   space 3584K, 0% used [0x00000000ead80000,0x00000000ead80000,0x00000000eb100000)
 ParOldGen       total 460800K, used 460337K [0x00000000c0000000, 0x00000000dc200000, 0x00000000eab00000)
  object space 460800K, 99% used [0x00000000c0000000,0x00000000dc18c470,0x00000000dc200000)
 Metaspace       used 63644K, committed 65152K, reserved 1114112K
  class space    used 6610K, committed 7232K, reserved 1048576K
}
Event: 13.551 GC heap after
{Heap after GC invocations=342 (full 3):
 PSYoungGen      total 4608K, used 1568K [0x00000000eab00000, 0x00000000eb300000, 0x0000000100000000)
  eden space 2560K, 0% used [0x00000000eab00000,0x00000000eab00000,0x00000000ead80000)
  from space 2048K, 76% used [0x00000000ead80000,0x00000000eaf08000,0x00000000eaf80000)
  to   space 2560K, 0% used [0x00000000eb080000,0x00000000eb080000,0x00000000eb300000)
 ParOldGen       total 461824K, used 461377K [0x00000000c0000000, 0x00000000dc300000, 0x00000000eab00000)
  object space 461824K, 99% used [0x00000000c0000000,0x00000000dc290470,0x00000000dc300000)
 Metaspace       used 63644K, committed 65152K, reserved 1114112K
  class space    used 6610K, committed 7232K, reserved 1048576K
}
Event: 13.558 GC heap before
{Heap before GC invocations=343 (full 3):
 PSYoungGen      total 4608K, used 4128K [0x00000000eab00000, 0x00000000eb300000, 0x0000000100000000)
  eden space 2560K, 100% used [0x00000000eab00000,0x00000000ead80000,0x00000000ead80000)
  from space 2048K, 76% used [0x00000000ead80000,0x00000000eaf08000,0x00000000eaf80000)
  to   space 2560K, 0% used [0x00000000eb080000,0x00000000eb080000,0x00000000eb300000)
 ParOldGen       total 461824K, used 461377K [0x00000000c0000000, 0x00000000dc300000, 0x00000000eab00000)
  object space 461824K, 99% used [0x00000000c0000000,0x00000000dc290470,0x00000000dc300000)
 Metaspace       used 63716K, committed 65216K, reserved 1114112K
  class space    used 6625K, committed 7232K, reserved 1048576K
}
Event: 13.560 GC heap after
{Heap after GC invocations=343 (full 3):
 PSYoungGen      total 5120K, used 1792K [0x00000000eab00000, 0x00000000eb280000, 0x0000000100000000)
  eden space 3072K, 0% used [0x00000000eab00000,0x00000000eab00000,0x00000000eae00000)
  from space 2048K, 87% used [0x00000000eb080000,0x00000000eb240000,0x00000000eb280000)
  to   space 2048K, 0% used [0x00000000eae80000,0x00000000eae80000,0x00000000eb080000)
 ParOldGen       total 463360K, used 462857K [0x00000000c0000000, 0x00000000dc480000, 0x00000000eab00000)
  object space 463360K, 99% used [0x00000000c0000000,0x00000000dc402470,0x00000000dc480000)
 Metaspace       used 63716K, committed 65216K, reserved 1114112K
  class space    used 6625K, committed 7232K, reserved 1048576K
}
Event: 13.566 GC heap before
{Heap before GC invocations=344 (full 3):
 PSYoungGen      total 5120K, used 4864K [0x00000000eab00000, 0x00000000eb280000, 0x0000000100000000)
  eden space 3072K, 100% used [0x00000000eab00000,0x00000000eae00000,0x00000000eae00000)
  from space 2048K, 87% used [0x00000000eb080000,0x00000000eb240000,0x00000000eb280000)
  to   space 2048K, 0% used [0x00000000eae80000,0x00000000eae80000,0x00000000eb080000)
 ParOldGen       total 463360K, used 462857K [0x00000000c0000000, 0x00000000dc480000, 0x00000000eab00000)
  object space 463360K, 99% used [0x00000000c0000000,0x00000000dc402470,0x00000000dc480000)
 Metaspace       used 63766K, committed 65216K, reserved 1114112K
  class space    used 6637K, committed 7232K, reserved 1048576K
}
Event: 13.569 GC heap after
{Heap after GC invocations=344 (full 3):
 PSYoungGen      total 5632K, used 2048K [0x00000000eab00000, 0x00000000eb800000, 0x0000000100000000)
  eden space 3584K, 0% used [0x00000000eab00000,0x00000000eab00000,0x00000000eae80000)
  from space 2048K, 100% used [0x00000000eae80000,0x00000000eb080000,0x00000000eb080000)
  to   space 4608K, 0% used [0x00000000eb380000,0x00000000eb380000,0x00000000eb800000)
 ParOldGen       total 464896K, used 464653K [0x00000000c0000000, 0x00000000dc600000, 0x00000000eab00000)
  object space 464896K, 99% used [0x00000000c0000000,0x00000000dc5c36b0,0x00000000dc600000)
 Metaspace       used 63766K, committed 65216K, reserved 1114112K
  class space    used 6637K, committed 7232K, reserved 1048576K
}
Event: 13.576 GC heap before
{Heap before GC invocations=345 (full 3):
 PSYoungGen      total 5632K, used 5632K [0x00000000eab00000, 0x00000000eb800000, 0x0000000100000000)
  eden space 3584K, 100% used [0x00000000eab00000,0x00000000eae80000,0x00000000eae80000)
  from space 2048K, 100% used [0x00000000eae80000,0x00000000eb080000,0x00000000eb080000)
  to   space 4608K, 0% used [0x00000000eb380000,0x00000000eb380000,0x00000000eb800000)
 ParOldGen       total 464896K, used 464653K [0x00000000c0000000, 0x00000000dc600000, 0x00000000eab00000)
  object space 464896K, 99% used [0x00000000c0000000,0x00000000dc5c36b0,0x00000000dc600000)
 Metaspace       used 63794K, committed 65280K, reserved 1114112K
  class space    used 6639K, committed 7232K, reserved 1048576K
}
Event: 13.580 GC heap after
{Heap after GC invocations=345 (full 3):
 PSYoungGen      total 7168K, used 2432K [0x00000000eab00000, 0x00000000eb600000, 0x0000000100000000)
  eden space 4608K, 0% used [0x00000000eab00000,0x00000000eab00000,0x00000000eaf80000)
  from space 2560K, 95% used [0x00000000eb380000,0x00000000eb5e0010,0x00000000eb600000)
  to   space 3072K, 0% used [0x00000000eb000000,0x00000000eb000000,0x00000000eb300000)
 ParOldGen       total 466944K, used 466661K [0x00000000c0000000, 0x00000000dc800000, 0x00000000eab00000)
  object space 466944K, 99% used [0x00000000c0000000,0x00000000dc7b96b0,0x00000000dc800000)
 Metaspace       used 63794K, committed 65280K, reserved 1114112K
  class space    used 6639K, committed 7232K, reserved 1048576K
}
Event: 13.589 GC heap before
{Heap before GC invocations=346 (full 3):
 PSYoungGen      total 7168K, used 7040K [0x00000000eab00000, 0x00000000eb600000, 0x0000000100000000)
  eden space 4608K, 100% used [0x00000000eab00000,0x00000000eaf80000,0x00000000eaf80000)
  from space 2560K, 95% used [0x00000000eb380000,0x00000000eb5e0010,0x00000000eb600000)
  to   space 3072K, 0% used [0x00000000eb000000,0x00000000eb000000,0x00000000eb300000)
 ParOldGen       total 466944K, used 466661K [0x00000000c0000000, 0x00000000dc800000, 0x00000000eab00000)
  object space 466944K, 99% used [0x00000000c0000000,0x00000000dc7b96b0,0x00000000dc800000)
 Metaspace       used 63802K, committed 65344K, reserved 1114112K
  class space    used 6640K, committed 7296K, reserved 1048576K
}
Event: 13.593 GC heap after
{Heap after GC invocations=346 (full 3):
 PSYoungGen      total 8192K, used 3072K [0x00000000eab00000, 0x00000000ebd80000, 0x0000000100000000)
  eden space 5120K, 0% used [0x00000000eab00000,0x00000000eab00000,0x00000000eb000000)
  from space 3072K, 100% used [0x00000000eb000000,0x00000000eb300000,0x00000000eb300000)
  to   space 6656K, 0% used [0x00000000eb700000,0x00000000eb700000,0x00000000ebd80000)
 ParOldGen       total 469504K, used 469253K [0x00000000c0000000, 0x00000000dca80000, 0x00000000eab00000)
  object space 469504K, 99% used [0x00000000c0000000,0x00000000dca416b0,0x00000000dca80000)
 Metaspace       used 63802K, committed 65344K, reserved 1114112K
  class space    used 6640K, committed 7296K, reserved 1048576K
}
Event: 13.626 GC heap before
{Heap before GC invocations=347 (full 3):
 PSYoungGen      total 8192K, used 8191K [0x00000000eab00000, 0x00000000ebd80000, 0x0000000100000000)
  eden space 5120K, 99% used [0x00000000eab00000,0x00000000eafffff8,0x00000000eb000000)
  from space 3072K, 100% used [0x00000000eb000000,0x00000000eb300000,0x00000000eb300000)
  to   space 6656K, 0% used [0x00000000eb700000,0x00000000eb700000,0x00000000ebd80000)
 ParOldGen       total 469504K, used 469253K [0x00000000c0000000, 0x00000000dca80000, 0x00000000eab00000)
  object space 469504K, 99% used [0x00000000c0000000,0x00000000dca416b0,0x00000000dca80000)
 Metaspace       used 64249K, committed 65728K, reserved 1114112K
  class space    used 6699K, committed 7296K, reserved 1048576K
}
Event: 13.629 GC heap after
{Heap after GC invocations=347 (full 3):
 PSYoungGen      total 7680K, used 1120K [0x00000000eab00000, 0x00000000eb880000, 0x0000000100000000)
  eden space 6144K, 0% used [0x00000000eab00000,0x00000000eab00000,0x00000000eb100000)
  from space 1536K, 72% used [0x00000000eb700000,0x00000000eb818000,0x00000000eb880000)
  to   space 3072K, 0% used [0x00000000eb280000,0x00000000eb280000,0x00000000eb580000)
 ParOldGen       total 472576K, used 472389K [0x00000000c0000000, 0x00000000dcd80000, 0x00000000eab00000)
  object space 472576K, 99% used [0x00000000c0000000,0x00000000dcd516b0,0x00000000dcd80000)
 Metaspace       used 64249K, committed 65728K, reserved 1114112K
  class space    used 6699K, committed 7296K, reserved 1048576K
}
Event: 54.945 GC heap before
{Heap before GC invocations=348 (full 3):
 PSYoungGen      total 7680K, used 7264K [0x00000000eab00000, 0x00000000eb880000, 0x0000000100000000)
  eden space 6144K, 100% used [0x00000000eab00000,0x00000000eb100000,0x00000000eb100000)
  from space 1536K, 72% used [0x00000000eb700000,0x00000000eb818000,0x00000000eb880000)
  to   space 3072K, 0% used [0x00000000eb280000,0x00000000eb280000,0x00000000eb580000)
 ParOldGen       total 472576K, used 472389K [0x00000000c0000000, 0x00000000dcd80000, 0x00000000eab00000)
  object space 472576K, 99% used [0x00000000c0000000,0x00000000dcd516b0,0x00000000dcd80000)
 Metaspace       used 64679K, committed 66112K, reserved 1114112K
  class space    used 6739K, committed 7296K, reserved 1048576K
}
Event: 54.948 GC heap after
{Heap after GC invocations=348 (full 3):
 PSYoungGen      total 9216K, used 704K [0x00000000eab00000, 0x00000000eb780000, 0x0000000100000000)
  eden space 6144K, 0% used [0x00000000eab00000,0x00000000eab00000,0x00000000eb100000)
  from space 3072K, 22% used [0x00000000eb280000,0x00000000eb330000,0x00000000eb580000)
  to   space 1536K, 0% used [0x00000000eb600000,0x00000000eb600000,0x00000000eb780000)
 ParOldGen       total 473600K, used 473277K [0x00000000c0000000, 0x00000000dce80000, 0x00000000eab00000)
  object space 473600K, 99% used [0x00000000c0000000,0x00000000dce2f6b0,0x00000000dce80000)
 Metaspace       used 64679K, committed 66112K, reserved 1114112K
  class space    used 6739K, committed 7296K, reserved 1048576K
}
Event: 62.827 GC heap before
{Heap before GC invocations=349 (full 3):
 PSYoungGen      total 9216K, used 6848K [0x00000000eab00000, 0x00000000eb780000, 0x0000000100000000)
  eden space 6144K, 100% used [0x00000000eab00000,0x00000000eb100000,0x00000000eb100000)
  from space 3072K, 22% used [0x00000000eb280000,0x00000000eb330000,0x00000000eb580000)
  to   space 1536K, 0% used [0x00000000eb600000,0x00000000eb600000,0x00000000eb780000)
 ParOldGen       total 473600K, used 473277K [0x00000000c0000000, 0x00000000dce80000, 0x00000000eab00000)
  object space 473600K, 99% used [0x00000000c0000000,0x00000000dce2f6b0,0x00000000dce80000)
 Metaspace       used 64838K, committed 66240K, reserved 1114112K
  class space    used 6761K, committed 7360K, reserved 1048576K
}
Event: 62.830 GC heap after
{Heap after GC invocations=349 (full 3):
 PSYoungGen      total 6656K, used 455K [0x00000000eab00000, 0x00000000eb680000, 0x0000000100000000)
  eden space 6144K, 0% used [0x00000000eab00000,0x00000000eab00000,0x00000000eb100000)
  from space 512K, 89% used [0x00000000eb600000,0x00000000eb671fb0,0x00000000eb680000)
  to   space 1024K, 0% used [0x00000000eb480000,0x00000000eb480000,0x00000000eb580000)
 ParOldGen       total 474112K, used 473875K [0x00000000c0000000, 0x00000000dcf00000, 0x00000000eab00000)
  object space 474112K, 99% used [0x00000000c0000000,0x00000000dcec4c78,0x00000000dcf00000)
 Metaspace       used 64838K, committed 66240K, reserved 1114112K
  class space    used 6761K, committed 7360K, reserved 1048576K
}

Dll operation events (10 events):
Event: 0.012 Loaded shared library c:\Users\ASUS\.vscode\extensions\redhat.java-1.40.0-win32-x64\jre\21.0.6-win32-x86_64\bin\java.dll
Event: 0.122 Loaded shared library c:\Users\ASUS\.vscode\extensions\redhat.java-1.40.0-win32-x64\jre\21.0.6-win32-x86_64\bin\zip.dll
Event: 0.141 Loaded shared library C:\Users\ASUS\.vscode\extensions\redhat.java-1.40.0-win32-x64\jre\21.0.6-win32-x86_64\bin\instrument.dll
Event: 0.147 Loaded shared library C:\Users\ASUS\.vscode\extensions\redhat.java-1.40.0-win32-x64\jre\21.0.6-win32-x86_64\bin\net.dll
Event: 0.149 Loaded shared library C:\Users\ASUS\.vscode\extensions\redhat.java-1.40.0-win32-x64\jre\21.0.6-win32-x86_64\bin\nio.dll
Event: 0.152 Loaded shared library C:\Users\ASUS\.vscode\extensions\redhat.java-1.40.0-win32-x64\jre\21.0.6-win32-x86_64\bin\zip.dll
Event: 0.172 Loaded shared library C:\Users\ASUS\.vscode\extensions\redhat.java-1.40.0-win32-x64\jre\21.0.6-win32-x86_64\bin\jimage.dll
Event: 0.289 Loaded shared library c:\Users\ASUS\.vscode\extensions\redhat.java-1.40.0-win32-x64\jre\21.0.6-win32-x86_64\bin\verify.dll
Event: 1.424 Loaded shared library C:\Users\ASUS\AppData\Roaming\Code\User\globalStorage\redhat.java\1.40.0\config_win\org.eclipse.equinox.launcher\org.eclipse.equinox.launcher.win32.win32.x86_64_1.2.1200.v20250212-0927\eclipse_11909.dll
Event: 2.692 Loaded shared library C:\Users\ASUS\AppData\Local\Temp\jna-2018896\jna14931865670481786756.dll

Deoptimization events (20 events):
Event: 62.831 Thread 0x0000027b87ef3890 Uncommon trap: trap_request=0xffffff45 fr.pc=0x0000027ba89f46f8 relative=0x00000000000004b8
Event: 62.831 Thread 0x0000027b87ef3890 Uncommon trap: reason=unstable_if action=reinterpret pc=0x0000027ba89f46f8 method=java.lang.String.replace(CC)Ljava/lang/String; @ 2 c2
Event: 62.831 Thread 0x0000027b87ef3890 DEOPT PACKING pc=0x0000027ba89f46f8 sp=0x000000e7ba7fd7b0
Event: 62.831 Thread 0x0000027b87ef3890 DEOPT UNPACKING pc=0x0000027ba8476da2 sp=0x000000e7ba7fd760 mode 2
Event: 62.831 Thread 0x0000027b87ef1e50 Uncommon trap: trap_request=0xffffffde fr.pc=0x0000027ba90da118 relative=0x0000000000000078
Event: 62.831 Thread 0x0000027b87ef1e50 Uncommon trap: reason=class_check action=maybe_recompile pc=0x0000027ba90da118 method=java.util.LinkedHashMap.afterNodeInsertion(Z)V @ 15 c2
Event: 62.831 Thread 0x0000027b87ef1e50 DEOPT PACKING pc=0x0000027ba90da118 sp=0x000000e7ba8feae0
Event: 62.831 Thread 0x0000027b87ef1e50 DEOPT UNPACKING pc=0x0000027ba8476da2 sp=0x000000e7ba8fea58 mode 2
Event: 62.835 Thread 0x0000027b87ef3890 Uncommon trap: trap_request=0xffffff45 fr.pc=0x0000027ba8ee8494 relative=0x0000000000000594
Event: 62.835 Thread 0x0000027b87ef3890 Uncommon trap: reason=unstable_if action=reinterpret pc=0x0000027ba8ee8494 method=java.util.HashMap.putVal(ILjava/lang/Object;Ljava/lang/Object;ZZ)Ljava/lang/Object; @ 236 c2
Event: 62.835 Thread 0x0000027b87ef3890 DEOPT PACKING pc=0x0000027ba8ee8494 sp=0x000000e7ba7fd640
Event: 62.835 Thread 0x0000027b87ef3890 DEOPT UNPACKING pc=0x0000027ba8476da2 sp=0x000000e7ba7fd5b8 mode 2
Event: 62.837 Thread 0x0000027bfdfe3bc0 Uncommon trap: trap_request=0xffffff45 fr.pc=0x0000027ba8f5e19c relative=0x0000000000001d3c
Event: 62.837 Thread 0x0000027bfdfe3bc0 Uncommon trap: reason=unstable_if action=reinterpret pc=0x0000027ba8f5e19c method=org.eclipse.jdt.internal.compiler.parser.Parser.consumeToken(I)V @ 1 c2
Event: 62.837 Thread 0x0000027bfdfe3bc0 DEOPT PACKING pc=0x0000027ba8f5e19c sp=0x000000e7ba3fd570
Event: 62.837 Thread 0x0000027bfdfe3bc0 DEOPT UNPACKING pc=0x0000027ba8476da2 sp=0x000000e7ba3fd508 mode 2
Event: 62.843 Thread 0x0000027bfdfe3bc0 Uncommon trap: trap_request=0xffffff45 fr.pc=0x0000027ba8f77010 relative=0x00000000000000f0
Event: 62.843 Thread 0x0000027bfdfe3bc0 Uncommon trap: reason=unstable_if action=reinterpret pc=0x0000027ba8f77010 method=org.eclipse.jdt.core.Signature.checkArrayDimension([CII)I @ 77 c2
Event: 62.843 Thread 0x0000027bfdfe3bc0 DEOPT PACKING pc=0x0000027ba8f77010 sp=0x000000e7ba3fd090
Event: 62.843 Thread 0x0000027bfdfe3bc0 DEOPT UNPACKING pc=0x0000027ba8476da2 sp=0x000000e7ba3fd010 mode 2

Classes loaded (20 events):
Event: 31.324 Loading class sun/util/locale/provider/TimeZoneNameProviderImpl done
Event: 31.324 Loading class sun/util/cldr/CLDRTimeZoneNameProviderImpl done
Event: 31.325 Loading class sun/util/locale/provider/BaseLocaleDataMetaInfo
Event: 31.325 Loading class sun/util/locale/provider/BaseLocaleDataMetaInfo done
Event: 31.326 Loading class sun/util/resources/cldr/TimeZoneNames
Event: 31.326 Loading class sun/util/resources/TimeZoneNamesBundle
Event: 31.326 Loading class sun/util/resources/OpenListResourceBundle
Event: 31.326 Loading class sun/util/resources/OpenListResourceBundle done
Event: 31.326 Loading class sun/util/resources/TimeZoneNamesBundle done
Event: 31.326 Loading class sun/util/resources/cldr/TimeZoneNames done
Event: 31.326 Loading class sun/util/resources/cldr/TimeZoneNames_en
Event: 31.327 Loading class sun/util/resources/cldr/TimeZoneNames_en done
Event: 31.327 Loading class sun/util/resources/cldr/TimeZoneNames_en_US
Event: 31.327 Loading class sun/util/resources/cldr/TimeZoneNames_en_US done
Event: 31.328 Loading class sun/util/cldr/CLDRBaseLocaleDataMetaInfo$TZCanonicalIDMapHolder
Event: 31.329 Loading class sun/util/cldr/CLDRBaseLocaleDataMetaInfo$TZCanonicalIDMapHolder done
Event: 31.330 Loading class sun/util/resources/TimeZoneNames
Event: 31.331 Loading class sun/util/resources/TimeZoneNames done
Event: 31.331 Loading class sun/util/resources/TimeZoneNames_en
Event: 31.331 Loading class sun/util/resources/TimeZoneNames_en done

Classes unloaded (7 events):
Event: 3.322 Thread 0x0000027b9bb208e0 Unloading class 0x0000027bb319d400 'java/lang/invoke/LambdaForm$MH+0x0000027bb319d400'
Event: 3.322 Thread 0x0000027b9bb208e0 Unloading class 0x0000027bb319d000 'java/lang/invoke/LambdaForm$MH+0x0000027bb319d000'
Event: 3.322 Thread 0x0000027b9bb208e0 Unloading class 0x0000027bb319cc00 'java/lang/invoke/LambdaForm$MH+0x0000027bb319cc00'
Event: 3.322 Thread 0x0000027b9bb208e0 Unloading class 0x0000027bb319c800 'java/lang/invoke/LambdaForm$MH+0x0000027bb319c800'
Event: 3.322 Thread 0x0000027b9bb208e0 Unloading class 0x0000027bb319c400 'java/lang/invoke/LambdaForm$BMH+0x0000027bb319c400'
Event: 3.322 Thread 0x0000027b9bb208e0 Unloading class 0x0000027bb319c000 'java/lang/invoke/LambdaForm$DMH+0x0000027bb319c000'
Event: 3.322 Thread 0x0000027b9bb208e0 Unloading class 0x0000027bb319ac00 'java/lang/invoke/LambdaForm$DMH+0x0000027bb319ac00'

Classes redefined (0 events):
No events

Internal exceptions (20 events):
Event: 9.812 Thread 0x0000027bfa0dd560 Exception <a 'sun/nio/fs/WindowsException'{0x00000000eab24540}> (0x00000000eab24540) 
thrown [s\src\hotspot\share\prims\jni.cpp, line 520]
Event: 9.813 Thread 0x0000027bfa0dd560 Exception <a 'sun/nio/fs/WindowsException'{0x00000000eab468f8}> (0x00000000eab468f8) 
thrown [s\src\hotspot\share\prims\jni.cpp, line 520]
Event: 9.813 Thread 0x0000027bfa0dd560 Exception <a 'sun/nio/fs/WindowsException'{0x00000000eab470f8}> (0x00000000eab470f8) 
thrown [s\src\hotspot\share\prims\jni.cpp, line 520]
Event: 9.818 Thread 0x0000027bfca4dc70 Exception <a 'java/lang/IncompatibleClassChangeError'{0x00000000eacfffc0}: Found class java.lang.Object, but interface was expected> (0x00000000eacfffc0) 
thrown [s\src\hotspot\share\interpreter\linkResolver.cpp, line 840]
Event: 9.889 Thread 0x0000027bfa0dae00 Implicit null exception at 0x0000027ba8b91a06 to 0x0000027ba8b91afc
Event: 9.960 Thread 0x0000027bfa0dd560 Exception <a 'java/lang/NoSuchMethodError'{0x00000000eab2ef80}: 'java.lang.Object java.lang.invoke.DirectMethodHandle$Holder.invokeStatic(java.lang.Object, java.lang.Object, int, java.lang.Object)'> (0x00000000eab2ef80) 
thrown [s\src\hotspot\share\interpreter\linkResolver.cpp, line 773]
Event: 9.960 Thread 0x0000027bfa0dd560 Exception <a 'java/lang/NoSuchMethodError'{0x00000000eab6f368}: 'java.lang.Object java.lang.invoke.DirectMethodHandle$Holder.newInvokeSpecial(java.lang.Object, java.lang.Object, int)'> (0x00000000eab6f368) 
thrown [s\src\hotspot\share\interpreter\linkResolver.cpp, line 773]
Event: 10.347 Thread 0x0000027bfdfe5c90 Implicit null exception at 0x0000027ba8cf3646 to 0x0000027ba8cf368f
Event: 12.925 Thread 0x0000027bfa0dc840 Exception <a 'sun/nio/fs/WindowsException'{0x00000000eabe7a00}> (0x00000000eabe7a00) 
thrown [s\src\hotspot\share\prims\jni.cpp, line 520]
Event: 13.131 Thread 0x0000027bfca4dc70 Exception <a 'java/lang/IncompatibleClassChangeError'{0x00000000eac1b040}: Found class java.lang.Object, but interface was expected> (0x00000000eac1b040) 
thrown [s\src\hotspot\share\interpreter\linkResolver.cpp, line 840]
Event: 13.148 Thread 0x0000027b87ef3890 Exception <a 'sun/nio/fs/WindowsException'{0x00000000eaeefd78}> (0x00000000eaeefd78) 
thrown [s\src\hotspot\share\prims\jni.cpp, line 520]
Event: 13.148 Thread 0x0000027b87ef3890 Exception <a 'sun/nio/fs/WindowsException'{0x00000000eaef0848}> (0x00000000eaef0848) 
thrown [s\src\hotspot\share\prims\jni.cpp, line 520]
Event: 13.150 Thread 0x0000027b87ef3890 Exception <a 'sun/nio/fs/WindowsException'{0x00000000eaef1be8}> (0x00000000eaef1be8) 
thrown [s\src\hotspot\share\prims\jni.cpp, line 520]
Event: 13.150 Thread 0x0000027b87ef3890 Exception <a 'sun/nio/fs/WindowsException'{0x00000000eaef2698}> (0x00000000eaef2698) 
thrown [s\src\hotspot\share\prims\jni.cpp, line 520]
Event: 13.150 Thread 0x0000027b87ef3890 Exception <a 'sun/nio/fs/WindowsException'{0x00000000eaef4110}> (0x00000000eaef4110) 
thrown [s\src\hotspot\share\prims\jni.cpp, line 520]
Event: 13.151 Thread 0x0000027b87ef3890 Exception <a 'sun/nio/fs/WindowsException'{0x00000000eaef4bc0}> (0x00000000eaef4bc0) 
thrown [s\src\hotspot\share\prims\jni.cpp, line 520]
Event: 13.197 Thread 0x0000027b87ef17c0 Exception <a 'sun/nio/fs/WindowsException'{0x00000000eaf64998}> (0x00000000eaf64998) 
thrown [s\src\hotspot\share\prims\jni.cpp, line 520]
Event: 62.796 Thread 0x0000027bfca4dc70 Exception <a 'java/lang/IncompatibleClassChangeError'{0x00000000eab64df8}: Found class java.lang.Object, but interface was expected> (0x00000000eab64df8) 
thrown [s\src\hotspot\share\interpreter\linkResolver.cpp, line 840]
Event: 62.799 Thread 0x0000027bfca4dc70 Exception <a 'java/lang/IncompatibleClassChangeError'{0x00000000eab809a8}: Found class java.lang.Object, but interface was expected> (0x00000000eab809a8) 
thrown [s\src\hotspot\share\interpreter\linkResolver.cpp, line 840]
Event: 62.802 Thread 0x0000027bfdfe3bc0 Exception <a 'java/lang/NoSuchMethodError'{0x00000000eabb5048}: 'java.lang.Object java.lang.invoke.DirectMethodHandle$Holder.invokeStatic(java.lang.Object, int, int, java.lang.Object)'> (0x00000000eabb5048) 
thrown [s\src\hotspot\share\interpreter\linkResolver.cpp, line 773]

ZGC Phase Switch (0 events):
No events

VM Operations (20 events):
Event: 13.576 Executing VM operation: ParallelGCFailedAllocation (Allocation Failure)
Event: 13.580 Executing VM operation: ParallelGCFailedAllocation (Allocation Failure) done
Event: 13.589 Executing VM operation: ParallelGCFailedAllocation (Allocation Failure)
Event: 13.593 Executing VM operation: ParallelGCFailedAllocation (Allocation Failure) done
Event: 13.626 Executing VM operation: ParallelGCFailedAllocation (Allocation Failure)
Event: 13.629 Executing VM operation: ParallelGCFailedAllocation (Allocation Failure) done
Event: 14.633 Executing VM operation: Cleanup
Event: 14.633 Executing VM operation: Cleanup done
Event: 31.770 Executing VM operation: Cleanup
Event: 31.770 Executing VM operation: Cleanup done
Event: 54.945 Executing VM operation: ParallelGCFailedAllocation (Allocation Failure)
Event: 54.948 Executing VM operation: ParallelGCFailedAllocation (Allocation Failure) done
Event: 55.949 Executing VM operation: Cleanup
Event: 55.950 Executing VM operation: Cleanup done
Event: 60.048 Executing VM operation: HandshakeAllThreads (HandshakeForDeflation)
Event: 60.048 Executing VM operation: HandshakeAllThreads (HandshakeForDeflation) done
Event: 60.048 Executing VM operation: RendezvousGCThreads
Event: 60.048 Executing VM operation: RendezvousGCThreads done
Event: 62.827 Executing VM operation: ParallelGCFailedAllocation (Allocation Failure)
Event: 62.830 Executing VM operation: ParallelGCFailedAllocation (Allocation Failure) done

Memory protections (0 events):
No events

Nmethod flushes (20 events):
Event: 9.531 Thread 0x0000027b9bb208e0 flushing  nmethod 0x0000027ba1784190
Event: 9.531 Thread 0x0000027b9bb208e0 flushing  nmethod 0x0000027ba1784f90
Event: 9.531 Thread 0x0000027b9bb208e0 flushing  nmethod 0x0000027ba1789d90
Event: 9.531 Thread 0x0000027b9bb208e0 flushing  nmethod 0x0000027ba178a890
Event: 9.531 Thread 0x0000027b9bb208e0 flushing  nmethod 0x0000027ba178ac10
Event: 9.531 Thread 0x0000027b9bb208e0 flushing  nmethod 0x0000027ba178b210
Event: 9.531 Thread 0x0000027b9bb208e0 flushing  nmethod 0x0000027ba178ba90
Event: 9.531 Thread 0x0000027b9bb208e0 flushing  nmethod 0x0000027ba178d590
Event: 9.531 Thread 0x0000027b9bb208e0 flushing  nmethod 0x0000027ba1791290
Event: 9.531 Thread 0x0000027b9bb208e0 flushing  nmethod 0x0000027ba17b4d90
Event: 9.531 Thread 0x0000027b9bb208e0 flushing  nmethod 0x0000027ba17d0c90
Event: 9.531 Thread 0x0000027b9bb208e0 flushing  nmethod 0x0000027ba17e0a90
Event: 9.531 Thread 0x0000027b9bb208e0 flushing  nmethod 0x0000027ba17eed10
Event: 9.531 Thread 0x0000027b9bb208e0 flushing  nmethod 0x0000027ba180c810
Event: 9.531 Thread 0x0000027b9bb208e0 flushing  nmethod 0x0000027ba180e310
Event: 9.531 Thread 0x0000027b9bb208e0 flushing  nmethod 0x0000027ba180fc10
Event: 9.531 Thread 0x0000027b9bb208e0 flushing  nmethod 0x0000027ba1812390
Event: 9.531 Thread 0x0000027b9bb208e0 flushing  nmethod 0x0000027ba181cf10
Event: 9.531 Thread 0x0000027b9bb208e0 flushing  nmethod 0x0000027ba1826310
Event: 9.531 Thread 0x0000027b9bb208e0 flushing  nmethod 0x0000027ba183bd90

Events (20 events):
Event: 12.931 Thread 0x0000027b88440730 Thread exited: 0x0000027b88440730
Event: 12.961 Thread 0x0000027bf31fc3c0 Thread added: 0x0000027b88440730
Event: 12.961 Thread 0x0000027bf31fc3c0 Thread added: 0x0000027bfea5b400
Event: 13.086 Thread 0x0000027b87ef5ff0 Thread added: 0x0000027b87ef24e0
Event: 13.089 Thread 0x0000027bfca4dc70 Thread added: 0x0000027b87ef6680
Event: 13.089 Thread 0x0000027b87ef6680 Thread added: 0x0000027b87ef3890
Event: 13.090 Thread 0x0000027b87ef3890 Thread added: 0x0000027b87ef1e50
Event: 13.130 Thread 0x0000027b87ef24e0 Thread added: 0x0000027b87ef17c0
Event: 13.548 Thread 0x0000027bfdfe3bc0 Thread added: 0x0000027b87ef4c40
Event: 13.596 Thread 0x0000027b87ef17c0 Thread exited: 0x0000027b87ef17c0
Event: 18.852 Thread 0x0000027bfea5b400 Thread exited: 0x0000027bfea5b400
Event: 18.852 Thread 0x0000027b88440730 Thread exited: 0x0000027b88440730
Event: 31.279 Thread 0x0000027bf31fc3c0 Thread added: 0x0000027b88440730
Event: 31.299 Thread 0x0000027bf31fc3c0 Thread added: 0x0000027bfd994380
Event: 36.350 Thread 0x0000027bfd994380 Thread exited: 0x0000027bfd994380
Event: 41.362 Thread 0x0000027b88440730 Thread exited: 0x0000027b88440730
Event: 54.944 Thread 0x0000027bf31fc3c0 Thread added: 0x0000027b88440730
Event: 59.988 Thread 0x0000027b88440730 Thread exited: 0x0000027b88440730
Event: 62.839 Thread 0x0000027bf31fc3c0 Thread added: 0x0000027bfceeb880
Event: 62.839 Thread 0x0000027bf31fc3c0 Thread added: 0x0000027b888a74e0


Dynamic libraries:
0x00007ff612800000 - 0x00007ff61280e000 	c:\Users\ASUS\.vscode\extensions\redhat.java-1.40.0-win32-x64\jre\21.0.6-win32-x86_64\bin\java.exe
0x00007ff8848b0000 - 0x00007ff884ac7000 	C:\WINDOWS\SYSTEM32\ntdll.dll
0x00007ff882580000 - 0x00007ff882644000 	C:\WINDOWS\System32\KERNEL32.DLL
0x00007ff882030000 - 0x00007ff882401000 	C:\WINDOWS\System32\KERNELBASE.dll
0x00007ff881b80000 - 0x00007ff881c91000 	C:\WINDOWS\System32\ucrtbase.dll
0x00007ff872de0000 - 0x00007ff872dfe000 	c:\Users\ASUS\.vscode\extensions\redhat.java-1.40.0-win32-x64\jre\21.0.6-win32-x86_64\bin\VCRUNTIME140.dll
0x00007ff872fe0000 - 0x00007ff872ff8000 	c:\Users\ASUS\.vscode\extensions\redhat.java-1.40.0-win32-x64\jre\21.0.6-win32-x86_64\bin\jli.dll
0x00007ff883730000 - 0x00007ff8838e1000 	C:\WINDOWS\System32\USER32.dll
0x00007ff8697f0000 - 0x00007ff869a82000 	C:\WINDOWS\WinSxS\amd64_microsoft.windows.common-controls_6595b64144ccf1df_6.0.22621.4830_none_270fe7d773858e80\COMCTL32.dll
0x00007ff881b50000 - 0x00007ff881b76000 	C:\WINDOWS\System32\win32u.dll
0x00007ff8826d0000 - 0x00007ff882777000 	C:\WINDOWS\System32\msvcrt.dll
0x00007ff883fb0000 - 0x00007ff883fd9000 	C:\WINDOWS\System32\GDI32.dll
0x00007ff881d20000 - 0x00007ff881e3b000 	C:\WINDOWS\System32\gdi32full.dll
0x00007ff881ab0000 - 0x00007ff881b4a000 	C:\WINDOWS\System32\msvcp_win.dll
0x00007ff884540000 - 0x00007ff884571000 	C:\WINDOWS\System32\IMM32.DLL
0x00007ff872d50000 - 0x00007ff872d5c000 	c:\Users\ASUS\.vscode\extensions\redhat.java-1.40.0-win32-x64\jre\21.0.6-win32-x86_64\bin\vcruntime140_1.dll
0x00007ff850a40000 - 0x00007ff850acd000 	c:\Users\ASUS\.vscode\extensions\redhat.java-1.40.0-win32-x64\jre\21.0.6-win32-x86_64\bin\msvcp140.dll
0x00007fffd14d0000 - 0x00007fffd2260000 	c:\Users\ASUS\.vscode\extensions\redhat.java-1.40.0-win32-x64\jre\21.0.6-win32-x86_64\bin\server\jvm.dll
0x00007ff884480000 - 0x00007ff884531000 	C:\WINDOWS\System32\ADVAPI32.dll
0x00007ff883ae0000 - 0x00007ff883b87000 	C:\WINDOWS\System32\sechost.dll
0x00007ff882550000 - 0x00007ff882578000 	C:\WINDOWS\System32\bcrypt.dll
0x00007ff8845a0000 - 0x00007ff8846b4000 	C:\WINDOWS\System32\RPCRT4.dll
0x00007ff883c50000 - 0x00007ff883cc1000 	C:\WINDOWS\System32\WS2_32.dll
0x00007ff8808a0000 - 0x00007ff8808ed000 	C:\WINDOWS\SYSTEM32\POWRPROF.dll
0x00007ff8797b0000 - 0x00007ff8797e4000 	C:\WINDOWS\SYSTEM32\WINMM.dll
0x00007ff87a720000 - 0x00007ff87a72a000 	C:\WINDOWS\SYSTEM32\VERSION.dll
0x00007ff880880000 - 0x00007ff880893000 	C:\WINDOWS\SYSTEM32\UMPDC.dll
0x00007ff880ad0000 - 0x00007ff880ae8000 	C:\WINDOWS\SYSTEM32\kernel.appcore.dll
0x00007ff872d40000 - 0x00007ff872d4a000 	c:\Users\ASUS\.vscode\extensions\redhat.java-1.40.0-win32-x64\jre\21.0.6-win32-x86_64\bin\jimage.dll
0x00007ff87f4b0000 - 0x00007ff87f6e2000 	C:\WINDOWS\SYSTEM32\DBGHELP.DLL
0x00007ff883fe0000 - 0x00007ff884370000 	C:\WINDOWS\System32\combase.dll
0x00007ff883a00000 - 0x00007ff883ad7000 	C:\WINDOWS\System32\OLEAUT32.dll
0x00007ff877b50000 - 0x00007ff877b82000 	C:\WINDOWS\SYSTEM32\dbgcore.DLL
0x00007ff881ca0000 - 0x00007ff881d1b000 	C:\WINDOWS\System32\bcryptPrimitives.dll
0x00007ff870f90000 - 0x00007ff870f9f000 	c:\Users\ASUS\.vscode\extensions\redhat.java-1.40.0-win32-x64\jre\21.0.6-win32-x86_64\bin\instrument.dll
0x00007ff870eb0000 - 0x00007ff870ecf000 	c:\Users\ASUS\.vscode\extensions\redhat.java-1.40.0-win32-x64\jre\21.0.6-win32-x86_64\bin\java.dll
0x00007ff8827e0000 - 0x00007ff883068000 	C:\WINDOWS\System32\SHELL32.dll
0x00007ff882410000 - 0x00007ff88254f000 	C:\WINDOWS\System32\wintypes.dll
0x00007ff87f960000 - 0x00007ff88026d000 	C:\WINDOWS\SYSTEM32\windows.storage.dll
0x00007ff884370000 - 0x00007ff88447a000 	C:\WINDOWS\System32\SHCORE.dll
0x00007ff8838f0000 - 0x00007ff88394e000 	C:\WINDOWS\System32\shlwapi.dll
0x00007ff881920000 - 0x00007ff88194b000 	C:\WINDOWS\SYSTEM32\profapi.dll
0x00007ff85e8a0000 - 0x00007ff85e8b8000 	c:\Users\ASUS\.vscode\extensions\redhat.java-1.40.0-win32-x64\jre\21.0.6-win32-x86_64\bin\zip.dll
0x00007ff870f80000 - 0x00007ff870f90000 	C:\Users\ASUS\.vscode\extensions\redhat.java-1.40.0-win32-x64\jre\21.0.6-win32-x86_64\bin\net.dll
0x00007ff87b810000 - 0x00007ff87b93c000 	C:\WINDOWS\SYSTEM32\WINHTTP.dll
0x00007ff880fa0000 - 0x00007ff88100a000 	C:\WINDOWS\system32\mswsock.dll
0x00007ff85e650000 - 0x00007ff85e666000 	C:\Users\ASUS\.vscode\extensions\redhat.java-1.40.0-win32-x64\jre\21.0.6-win32-x86_64\bin\nio.dll
0x00007ff870c30000 - 0x00007ff870c40000 	c:\Users\ASUS\.vscode\extensions\redhat.java-1.40.0-win32-x64\jre\21.0.6-win32-x86_64\bin\verify.dll
0x00007ff84ff00000 - 0x00007ff84ff45000 	C:\Users\ASUS\AppData\Roaming\Code\User\globalStorage\redhat.java\1.40.0\config_win\org.eclipse.equinox.launcher\org.eclipse.equinox.launcher.win32.win32.x86_64_1.2.1200.v20250212-0927\eclipse_11909.dll
0x00007ff8846c0000 - 0x00007ff884861000 	C:\WINDOWS\System32\ole32.dll
0x00007ff8811f0000 - 0x00007ff88120b000 	C:\WINDOWS\SYSTEM32\CRYPTSP.dll
0x00007ff880a90000 - 0x00007ff880ac7000 	C:\WINDOWS\system32\rsaenh.dll
0x00007ff881090000 - 0x00007ff8810b8000 	C:\WINDOWS\SYSTEM32\USERENV.dll
0x00007ff881210000 - 0x00007ff88121c000 	C:\WINDOWS\SYSTEM32\CRYPTBASE.dll
0x00007ff880540000 - 0x00007ff88056d000 	C:\WINDOWS\SYSTEM32\IPHLPAPI.DLL
0x00007ff883b90000 - 0x00007ff883b99000 	C:\WINDOWS\System32\NSI.dll
0x00007ff84fd70000 - 0x00007ff84fdb9000 	C:\Users\ASUS\AppData\Local\Temp\jna-2018896\jna14931865670481786756.dll
0x00007ff884590000 - 0x00007ff884598000 	C:\WINDOWS\System32\PSAPI.DLL
0x00007ff87bae0000 - 0x00007ff87baf9000 	C:\WINDOWS\SYSTEM32\dhcpcsvc6.DLL
0x00007ff87b140000 - 0x00007ff87b15f000 	C:\WINDOWS\SYSTEM32\dhcpcsvc.DLL

dbghelp: loaded successfully - version: 4.0.5 - missing functions: none
symbol engine: initialized successfully - sym options: 0x614 - pdb path: .;c:\Users\ASUS\.vscode\extensions\redhat.java-1.40.0-win32-x64\jre\21.0.6-win32-x86_64\bin;C:\WINDOWS\SYSTEM32;C:\WINDOWS\WinSxS\amd64_microsoft.windows.common-controls_6595b64144ccf1df_6.0.22621.4830_none_270fe7d773858e80;c:\Users\ASUS\.vscode\extensions\redhat.java-1.40.0-win32-x64\jre\21.0.6-win32-x86_64\bin\server;C:\Users\ASUS\AppData\Roaming\Code\User\globalStorage\redhat.java\1.40.0\config_win\org.eclipse.equinox.launcher\org.eclipse.equinox.launcher.win32.win32.x86_64_1.2.1200.v20250212-0927;C:\Users\ASUS\AppData\Local\Temp\jna-2018896

VM Arguments:
jvm_args: --add-modules=ALL-SYSTEM --add-opens=java.base/java.util=ALL-UNNAMED --add-opens=java.base/java.lang=ALL-UNNAMED --add-opens=java.base/sun.nio.fs=ALL-UNNAMED -Declipse.application=org.eclipse.jdt.ls.core.id1 -Dosgi.bundles.defaultStartLevel=4 -Declipse.product=org.eclipse.jdt.ls.core.product -Djava.import.generatesMetadataFilesAtProjectRoot=false -DDetectVMInstallationsJob.disabled=true -Dfile.encoding=utf8 -XX:+UseParallelGC -XX:GCTimeRatio=4 -XX:AdaptiveSizePolicyWeight=90 -Dsun.zip.disableMemoryMapping=true -Xmx1G -Xms100m -Xlog:disable -javaagent:c:\Users\ASUS\.vscode\extensions\redhat.java-1.40.0-win32-x64\lombok\lombok-1.18.36.jar -XX:+HeapDumpOnOutOfMemoryError -XX:HeapDumpPath=c:\Users\ASUS\AppData\Roaming\Code\User\workspaceStorage\b386038ac4fada495da08a274342fa16\redhat.java -Daether.dependencyCollector.impl=bf 
java_command: c:\Users\ASUS\.vscode\extensions\redhat.java-1.40.0-win32-x64\server\plugins\org.eclipse.equinox.launcher_1.6.1000.v20250131-0606.jar -configuration c:\Users\ASUS\AppData\Roaming\Code\User\globalStorage\redhat.java\1.40.0\config_win -data c:\Users\ASUS\AppData\Roaming\Code\User\workspaceStorage\b386038ac4fada495da08a274342fa16\redhat.java\jdt_ws --pipe=\\.\pipe\lsp-d0ccd9bbddfe3fdc769a7cd84daa0f0b-sock
java_class_path (initial): c:\Users\ASUS\.vscode\extensions\redhat.java-1.40.0-win32-x64\server\plugins\org.eclipse.equinox.launcher_1.6.1000.v20250131-0606.jar
Launcher Type: SUN_STANDARD

[Global flags]
    uintx AdaptiveSizePolicyWeight                 = 90                                        {product} {command line}
     intx CICompilerCount                          = 4                                         {product} {ergonomic}
    uintx GCTimeRatio                              = 4                                         {product} {command line}
     bool HeapDumpOnOutOfMemoryError               = true                                   {manageable} {command line}
    ccstr HeapDumpPath                             = c:\Users\ASUS\AppData\Roaming\Code\User\workspaceStorage\b386038ac4fada495da08a274342fa16\redhat.java         {manageable} {command line}
   size_t InitialHeapSize                          = 104857600                                 {product} {command line}
   size_t MaxHeapSize                              = 1073741824                                {product} {command line}
   size_t MaxNewSize                               = 357564416                                 {product} {ergonomic}
   size_t MinHeapDeltaBytes                        = 524288                                    {product} {ergonomic}
   size_t MinHeapSize                              = 104857600                                 {product} {command line}
   size_t NewSize                                  = 34603008                                  {product} {ergonomic}
    uintx NonNMethodCodeHeapSize                   = 5839372                                {pd product} {ergonomic}
    uintx NonProfiledCodeHeapSize                  = 122909434                              {pd product} {ergonomic}
   size_t OldSize                                  = 70254592                                  {product} {ergonomic}
    uintx ProfiledCodeHeapSize                     = 122909434                              {pd product} {ergonomic}
    uintx ReservedCodeCacheSize                    = 251658240                              {pd product} {ergonomic}
     bool SegmentedCodeCache                       = true                                      {product} {ergonomic}
   size_t SoftMaxHeapSize                          = 1073741824                             {manageable} {ergonomic}
     bool UseCompressedOops                        = true                           {product lp64_product} {ergonomic}
     bool UseLargePagesIndividualAllocation        = false                                  {pd product} {ergonomic}
     bool UseParallelGC                            = true                                      {product} {command line}

Logging:
Log output configuration:
 #0: stdout all=off uptime,level,tags foldmultilines=false
 #1: stderr all=off uptime,level,tags foldmultilines=false

Environment Variables:
JAVA_HOME=C:\Users\ASUS\AppData\Local\Programs\Eclipse Adoptium\jdk-17.0.8.101-hotspot\
PATH=C:\Users\ASUS\AppData\Local\cloud-code\installer\google-cloud-sdk\bin;C:\Program Files\jdk-21.0.5\bin;C:\Users\ASUS\AppData\Local\Programs\Python\Python312\Scripts\;C:\Users\ASUS\AppData\Local\Programs\Python\Python312\;C:\Program Files (x86)\Common Files\Oracle\Java\javapath;C:\ProgramData\Oracle\Java\javapath;C:\Windows\system32;C:\Windows;C:\Windows\System32\Wbem;C:\Windows\System32\WindowsPowerShell\v1.0\;C:\Windows\System32\OpenSSH\;C:\Program Files (x86)\NVIDIA Corporation\PhysX\Common;C:\Program Files\NVIDIA Corporation\NVIDIA NvDLISR;C:\Program Files\Calibre2\;C:\WINDOWS\system32;C:\WINDOWS;C:\WINDOWS\System32\Wbem;C:\WINDOWS\System32\WindowsPowerShell\v1.0\;C:\WINDOWS\System32\OpenSSH\;C:\Program Files\Git\cmd;C:\Program Files\nodejs\;C:\ProgramData\chocolatey\bin;C:\Program Files\MySQL\MySQL Shell 8.0\bin\;C:\Users\ASUS\AppData\Local\Programs\Eclipse Adoptium\jdk-17.0.8.101-hotspot\bin;C:\Users\ASUS\AppData\Local\Microsoft\WindowsApps;C:\Users\ASUS\AppData\Local\Programs\Microsoft VS Code\bin;C:\msys64\ucrt64\bin;C:\Users\ASUS\AppData\Local\GitHubDesktop\bin;C:\Users\ASUS\AppData\Roaming\npm;C:\Users\ASUS\AppData\Local\Programs\Python\Python312\python.exe;;C:\Users\ASUS\AppData\Local\Google\Cloud SDK\google-cloud-sdk\bin;C:\Program Files (x86)\Google\Cloud SDK\google-cloud-sdk\bin;C:\Program Files\Google\Cloud SDK\google-cloud-sdk\bin
USERNAME=ASUS
OS=Windows_NT
PROCESSOR_IDENTIFIER=Intel64 Family 6 Model 140 Stepping 1, GenuineIntel
TMP=C:\Users\ASUS\AppData\Local\Temp
TEMP=C:\Users\ASUS\AppData\Local\Temp




Periodic native trim disabled

---------------  S Y S T E M  ---------------

OS:
 Windows 11 , 64 bit Build 22621 (10.0.22621.4974)
OS uptime: 4 days 6:15 hours

CPU: total 8 (initial active 8) (4 cores per cpu, 2 threads per core) family 6 model 140 stepping 1 microcode 0x86, cx8, cmov, fxsr, ht, mmx, 3dnowpref, sse, sse2, sse3, ssse3, sse4.1, sse4.2, popcnt, lzcnt, tsc, tscinvbit, avx, avx2, aes, erms, clmul, bmi1, bmi2, adx, avx512f, avx512dq, avx512cd, avx512bw, avx512vl, sha, fma, vzeroupper, avx512_vpopcntdq, avx512_vpclmulqdq, avx512_vaes, avx512_vnni, clflush, clflushopt, clwb, avx512_vbmi2, avx512_vbmi, rdtscp, rdpid, fsrm, gfni, avx512_bitalg, f16c, pku, cet_ibt, cet_ss, avx512_ifma
Processor Information for processor 0
  Max Mhz: 3302, Current Mhz: 3302, Mhz Limit: 3302
Processor Information for processor 1
  Max Mhz: 3302, Current Mhz: 1000, Mhz Limit: 3302
Processor Information for processor 2
  Max Mhz: 3302, Current Mhz: 3302, Mhz Limit: 3302
Processor Information for processor 3
  Max Mhz: 3302, Current Mhz: 3302, Mhz Limit: 3302
Processor Information for processor 4
  Max Mhz: 3302, Current Mhz: 3302, Mhz Limit: 3302
Processor Information for processor 5
  Max Mhz: 3302, Current Mhz: 3302, Mhz Limit: 3302
Processor Information for processor 6
  Max Mhz: 3302, Current Mhz: 3302, Mhz Limit: 3302
Processor Information for processor 7
  Max Mhz: 3302, Current Mhz: 3302, Mhz Limit: 3302

Memory: 4k page, system-wide physical 16075M (3259M free)
TotalPageFile size 20267M (AvailPageFile size 166M)
current process WorkingSet (physical memory assigned to process): 807M, peak: 859M
current process commit charge ("private bytes"): 724M, peak: 780M

vm_info: OpenJDK 64-Bit Server VM (21.0.6+7-LTS) for windows-amd64 JRE (21.0.6+7-LTS), built on 2025-01-21T00:00:00Z by "admin" with MS VC++ 17.7 (VS2022)

END.
