#
# There is insufficient memory for the Java Runtime Environment to continue.
# Native memory allocation (malloc) failed to allocate 1967344 bytes. Error detail: Chunk::new
# Possible reasons:
#   The system is out of physical RAM or swap space
#   This process is running with CompressedOops enabled, and the Java Heap may be blocking the growth of the native heap
# Possible solutions:
#   Reduce memory load on the system
#   Increase physical memory or swap space
#   Check if swap backing store is full
#   Decrease Java heap size (-Xmx/-Xms)
#   Decrease number of Java threads
#   Decrease Java thread stack sizes (-Xss)
#   Set larger code cache with -XX:ReservedCodeCacheSize=
#   JVM is running with Unscaled Compressed Oops mode in which the Java heap is
#     placed in the first 4GB address space. The Java Heap base address is the
#     maximum limit for the native heap growth. Please use -XX:HeapBaseMinAddress
#     to set the Java Heap base and to place the Java Heap above 4GB virtual address.
# This output file may be truncated or incomplete.
#
#  Out of Memory Error (arena.cpp:168), pid=25668, tid=21240
#
# JRE version: OpenJDK Runtime Environment Temurin-21.0.6+7 (21.0.6+7) (build 21.0.6+7-LTS)
# Java VM: OpenJDK 64-Bit Server VM Temurin-21.0.6+7 (21.0.6+7-LTS, mixed mode, sharing, tiered, compressed oops, compressed class ptrs, parallel gc, windows-amd64)
# No core dump will be written. Minidumps are not enabled by default on client versions of Windows
#

---------------  S U M M A R Y ------------

Command Line: --add-modules=ALL-SYSTEM --add-opens=java.base/java.util=ALL-UNNAMED --add-opens=java.base/java.lang=ALL-UNNAMED --add-opens=java.base/sun.nio.fs=ALL-UNNAMED -Declipse.application=org.eclipse.jdt.ls.core.id1 -Dosgi.bundles.defaultStartLevel=4 -Declipse.product=org.eclipse.jdt.ls.core.product -Djava.import.generatesMetadataFilesAtProjectRoot=false -DDetectVMInstallationsJob.disabled=true -Dfile.encoding=utf8 -XX:+UseParallelGC -XX:GCTimeRatio=4 -XX:AdaptiveSizePolicyWeight=90 -Dsun.zip.disableMemoryMapping=true -Xmx1G -Xms100m -Xlog:disable -javaagent:c:\Users\ASUS\.vscode\extensions\redhat.java-1.40.0-win32-x64\lombok\lombok-1.18.36.jar c:\Users\ASUS\.vscode\extensions\redhat.java-1.40.0-win32-x64\server\plugins\org.eclipse.equinox.launcher_1.6.1000.v20250131-0606.jar -configuration c:\Users\ASUS\AppData\Roaming\Code\User\globalStorage\redhat.java\1.40.0\config_ss_win -data c:\Users\ASUS\AppData\Roaming\Code\User\workspaceStorage\b386038ac4fada495da08a274342fa16\redhat.java\ss_ws --pipe=\\.\pipe\lsp-7a0d859f69f9391f7b39a79898f80cc3-sock

Host: 11th Gen Intel(R) Core(TM) i7-11370H @ 3.30GHz, 8 cores, 15G,  Windows 11 , 64 bit Build 22621 (10.0.22621.4974)
Time: Mon Mar 17 23:56:22 2025 Malay Peninsula Standard Time elapsed time: 5.700887 seconds (0d 0h 0m 5s)

---------------  T H R E A D  ---------------

Current thread (0x000002138a619bf0):  JavaThread "C2 CompilerThread2" daemon [_thread_in_native, id=21240, stack(0x000000bc7cb00000,0x000000bc7cc00000) (1024K)]


Current CompileTask:
C2:5700 4681 %     4       org.lombokweb.asm.SymbolTable::<init> @ 98 (536 bytes)

Stack: [0x000000bc7cb00000,0x000000bc7cc00000]
Native frames: (J=compiled Java code, j=interpreted, Vv=VM code, C=native code)
V  [jvm.dll+0x6cdee9]
V  [jvm.dll+0x8a83d1]
V  [jvm.dll+0x8aa8fe]
V  [jvm.dll+0x8aafe3]
V  [jvm.dll+0x27f706]
V  [jvm.dll+0xc500d]
V  [jvm.dll+0xc5543]
V  [jvm.dll+0x3b678c]
V  [jvm.dll+0x382935]
V  [jvm.dll+0x381d9a]
V  [jvm.dll+0x2479f0]
V  [jvm.dll+0x246fcf]
V  [jvm.dll+0x1c75ee]
V  [jvm.dll+0x25685a]
V  [jvm.dll+0x254dfa]
V  [jvm.dll+0x3f0256]
V  [jvm.dll+0x851f8b]
V  [jvm.dll+0x6cc5ed]
C  [ucrtbase.dll+0x29333]
C  [KERNEL32.DLL+0x1259d]
C  [ntdll.dll+0x5af38]


---------------  P R O C E S S  ---------------

Threads class SMR info:
_java_thread_list=0x0000021389e2c820, length=36, elements={
0x000002132dd00520, 0x00000213831bacd0, 0x00000213831bc6c0, 0x00000213831c2c00,
0x00000213831c3c00, 0x00000213831c84f0, 0x00000213831c9030, 0x00000213831ca360,
0x00000213831fd7f0, 0x000002132dd6d2e0, 0x0000021384dc9990, 0x0000021389a279b0,
0x0000021389972090, 0x00000213896d8240, 0x0000021389b02030, 0x00000213897f2840,
0x0000021389bc8960, 0x0000021389ac9b50, 0x0000021389ae14c0, 0x0000021389dab680,
0x0000021389dad750, 0x0000021389dac3a0, 0x0000021389dadde0, 0x0000021389daaff0,
0x0000021389daca30, 0x0000021389dabd10, 0x0000021389dad0c0, 0x0000021389daa960,
0x000002138c448320, 0x000002138c445530, 0x000002138c444810, 0x000002138c449d60,
0x000002138c447c90, 0x000002138c444180, 0x0000021389a9e890, 0x000002138a619bf0
}

Java Threads: ( => current thread )
  0x000002132dd00520 JavaThread "main"                              [_thread_blocked, id=2064, stack(0x000000bc7ac00000,0x000000bc7ad00000) (1024K)]
  0x00000213831bacd0 JavaThread "Reference Handler"          daemon [_thread_blocked, id=25484, stack(0x000000bc7b000000,0x000000bc7b100000) (1024K)]
  0x00000213831bc6c0 JavaThread "Finalizer"                  daemon [_thread_blocked, id=13552, stack(0x000000bc7b100000,0x000000bc7b200000) (1024K)]
  0x00000213831c2c00 JavaThread "Signal Dispatcher"          daemon [_thread_blocked, id=14264, stack(0x000000bc7b200000,0x000000bc7b300000) (1024K)]
  0x00000213831c3c00 JavaThread "Attach Listener"            daemon [_thread_blocked, id=25996, stack(0x000000bc7b300000,0x000000bc7b400000) (1024K)]
  0x00000213831c84f0 JavaThread "Service Thread"             daemon [_thread_blocked, id=24656, stack(0x000000bc7b400000,0x000000bc7b500000) (1024K)]
  0x00000213831c9030 JavaThread "Monitor Deflation Thread"   daemon [_thread_blocked, id=23752, stack(0x000000bc7b500000,0x000000bc7b600000) (1024K)]
  0x00000213831ca360 JavaThread "C2 CompilerThread0"         daemon [_thread_in_vm, id=12600, stack(0x000000bc7b600000,0x000000bc7b700000) (1024K)]
  0x00000213831fd7f0 JavaThread "C1 CompilerThread0"         daemon [_thread_blocked, id=13228, stack(0x000000bc7b700000,0x000000bc7b800000) (1024K)]
  0x000002132dd6d2e0 JavaThread "Common-Cleaner"             daemon [_thread_blocked, id=14508, stack(0x000000bc7b800000,0x000000bc7b900000) (1024K)]
  0x0000021384dc9990 JavaThread "Notification Thread"        daemon [_thread_blocked, id=26620, stack(0x000000bc7ba00000,0x000000bc7bb00000) (1024K)]
  0x0000021389a279b0 JavaThread "Active Thread: Equinox Container: 67e8dbb5-6e7e-4773-888d-aaade8e9dc8f"        [_thread_blocked, id=4236, stack(0x000000bc7c200000,0x000000bc7c300000) (1024K)]
  0x0000021389972090 JavaThread "Framework Event Dispatcher: Equinox Container: 67e8dbb5-6e7e-4773-888d-aaade8e9dc8f" daemon [_thread_blocked, id=15912, stack(0x000000bc7c300000,0x000000bc7c400000) (1024K)]
  0x00000213896d8240 JavaThread "Start Level: Equinox Container: 67e8dbb5-6e7e-4773-888d-aaade8e9dc8f" daemon [_thread_blocked, id=25828, stack(0x000000bc7c400000,0x000000bc7c500000) (1024K)]
  0x0000021389b02030 JavaThread "SCR Component Actor"        daemon [_thread_blocked, id=26664, stack(0x000000bc7c500000,0x000000bc7c600000) (1024K)]
  0x00000213897f2840 JavaThread "SCR Component Registry"     daemon [_thread_blocked, id=9024, stack(0x000000bc7bb00000,0x000000bc7bc00000) (1024K)]
  0x0000021389bc8960 JavaThread "Worker-JM"                         [_thread_blocked, id=21604, stack(0x000000bc7c700000,0x000000bc7c800000) (1024K)]
  0x0000021389ac9b50 JavaThread "JNA Cleaner"                daemon [_thread_blocked, id=15524, stack(0x000000bc7b900000,0x000000bc7ba00000) (1024K)]
  0x0000021389ae14c0 JavaThread "Worker-0"                          [_thread_blocked, id=21468, stack(0x000000bc7c800000,0x000000bc7c900000) (1024K)]
  0x0000021389dab680 JavaThread "Worker-1"                          [_thread_blocked, id=7284, stack(0x000000bc7c900000,0x000000bc7ca00000) (1024K)]
  0x0000021389dad750 JavaThread "Thread-2"                   daemon [_thread_in_native, id=23096, stack(0x000000bc7cc00000,0x000000bc7cd00000) (1024K)]
  0x0000021389dac3a0 JavaThread "Thread-3"                   daemon [_thread_in_native, id=1384, stack(0x000000bc7cd00000,0x000000bc7ce00000) (1024K)]
  0x0000021389dadde0 JavaThread "Thread-4"                   daemon [_thread_in_native, id=8872, stack(0x000000bc7ce00000,0x000000bc7cf00000) (1024K)]
  0x0000021389daaff0 JavaThread "Thread-5"                   daemon [_thread_in_native, id=6844, stack(0x000000bc7cf00000,0x000000bc7d000000) (1024K)]
  0x0000021389daca30 JavaThread "Thread-6"                   daemon [_thread_in_native, id=6100, stack(0x000000bc7d000000,0x000000bc7d100000) (1024K)]
  0x0000021389dabd10 JavaThread "Thread-7"                   daemon [_thread_in_native, id=24832, stack(0x000000bc7d100000,0x000000bc7d200000) (1024K)]
  0x0000021389dad0c0 JavaThread "Thread-8"                   daemon [_thread_in_native, id=16792, stack(0x000000bc7d200000,0x000000bc7d300000) (1024K)]
  0x0000021389daa960 JavaThread "Thread-9"                   daemon [_thread_in_native, id=19908, stack(0x000000bc7d300000,0x000000bc7d400000) (1024K)]
  0x000002138c448320 JavaThread "Thread-10"                  daemon [_thread_in_native, id=27284, stack(0x000000bc7d400000,0x000000bc7d500000) (1024K)]
  0x000002138c445530 JavaThread "pool-2-thread-1"                   [_thread_blocked, id=7016, stack(0x000000bc7d500000,0x000000bc7d600000) (1024K)]
  0x000002138c444810 JavaThread "WorkspaceEventsHandler"            [_thread_blocked, id=19316, stack(0x000000bc7d600000,0x000000bc7d700000) (1024K)]
  0x000002138c449d60 JavaThread "pool-1-thread-1"                   [_thread_in_native, id=24124, stack(0x000000bc7d700000,0x000000bc7d800000) (1024K)]
  0x000002138c447c90 JavaThread "ForkJoinPool.commonPool-worker-1" daemon [_thread_blocked, id=112, stack(0x000000bc7d800000,0x000000bc7d900000) (1024K)]
  0x000002138c444180 JavaThread "ForkJoinPool.commonPool-worker-2" daemon [_thread_blocked, id=16196, stack(0x000000bc7d900000,0x000000bc7da00000) (1024K)]
  0x0000021389a9e890 JavaThread "C2 CompilerThread1"         daemon [_thread_in_native, id=23368, stack(0x000000bc7ca00000,0x000000bc7cb00000) (1024K)]
=>0x000002138a619bf0 JavaThread "C2 CompilerThread2"         daemon [_thread_in_native, id=21240, stack(0x000000bc7cb00000,0x000000bc7cc00000) (1024K)]
Total: 36

Other Threads:
  0x00000213831a1b50 VMThread "VM Thread"                           [id=1432, stack(0x000000bc7af00000,0x000000bc7b000000) (1024K)]
  0x000002132dd6c170 WatcherThread "VM Periodic Task Thread"        [id=23532, stack(0x000000bc7ae00000,0x000000bc7af00000) (1024K)]
  0x000002132dd20220 WorkerThread "GC Thread#0"                     [id=23936, stack(0x000000bc7ad00000,0x000000bc7ae00000) (1024K)]
  0x0000021389641620 WorkerThread "GC Thread#1"                     [id=3796, stack(0x000000bc7bc00000,0x000000bc7bd00000) (1024K)]
  0x0000021389646e50 WorkerThread "GC Thread#2"                     [id=21308, stack(0x000000bc7bd00000,0x000000bc7be00000) (1024K)]
  0x00000213896471f0 WorkerThread "GC Thread#3"                     [id=4860, stack(0x000000bc7be00000,0x000000bc7bf00000) (1024K)]
  0x0000021389661670 WorkerThread "GC Thread#4"                     [id=6564, stack(0x000000bc7bf00000,0x000000bc7c000000) (1024K)]
  0x0000021389661a10 WorkerThread "GC Thread#5"                     [id=26232, stack(0x000000bc7c000000,0x000000bc7c100000) (1024K)]
  0x0000021389661db0 WorkerThread "GC Thread#6"                     [id=19952, stack(0x000000bc7c100000,0x000000bc7c200000) (1024K)]
  0x00000213899ec7b0 WorkerThread "GC Thread#7"                     [id=13520, stack(0x000000bc7c600000,0x000000bc7c700000) (1024K)]
Total: 10

Threads with active compile tasks:
C2 CompilerThread0  5720 4698       4       org.lombokweb.asm.ClassReader::readMethod (1070 bytes)
C2 CompilerThread1  5720 4707 %     4       org.lombokweb.asm.ClassReader::readCode @ 2037 (5117 bytes)
C2 CompilerThread2  5720 4681 %     4       org.lombokweb.asm.SymbolTable::<init> @ 98 (536 bytes)
Total: 3

VM state: not at safepoint (normal execution)

VM Mutex/Monitor currently owned by a thread: None

Heap address: 0x00000000c0000000, size: 1024 MB, Compressed Oops mode: 32-bit

CDS archive(s) mapped at: [0x0000021342000000-0x0000021342ba0000-0x0000021342ba0000), size 12189696, SharedBaseAddress: 0x0000021342000000, ArchiveRelocationMode: 1.
Compressed class space mapped at: 0x0000021343000000-0x0000021383000000, reserved size: 1073741824
Narrow klass base: 0x0000021342000000, Narrow klass shift: 0, Narrow klass range: 0x100000000

GC Precious Log:
 CardTable entry size: 512
 CPUs: 8 total, 8 available
 Memory: 16075M
 Large Page Support: Disabled
 NUMA Support: Disabled
 Compressed Oops: Enabled (32-bit)
 Alignments: Space 512K, Generation 512K, Heap 2M
 Heap Min Capacity: 100M
 Heap Initial Capacity: 100M
 Heap Max Capacity: 1G
 Pre-touch: Disabled
 Parallel Workers: 8

Heap:
 PSYoungGen      total 22528K, used 22195K [0x00000000eab00000, 0x00000000ec400000, 0x0000000100000000)
  eden space 21504K, 98% used [0x00000000eab00000,0x00000000ebfb49c8,0x00000000ec000000)
  from space 1024K, 96% used [0x00000000ec200000,0x00000000ec2f8238,0x00000000ec300000)
  to   space 2048K, 0% used [0x00000000ec000000,0x00000000ec000000,0x00000000ec200000)
 ParOldGen       total 68608K, used 28275K [0x00000000c0000000, 0x00000000c4300000, 0x00000000eab00000)
  object space 68608K, 41% used [0x00000000c0000000,0x00000000c1b9cf08,0x00000000c4300000)
 Metaspace       used 36526K, committed 37504K, reserved 1114112K
  class space    used 3648K, committed 4096K, reserved 1048576K

Card table byte_map: [0x000002132d6b0000,0x000002132d8c0000] _byte_map_base: 0x000002132d0b0000

Marking Bits: (ParMarkBitMap*) 0x00007fffc8aa3260
 Begin Bits: [0x000002133fef0000, 0x0000021340ef0000)
 End Bits:   [0x0000021340ef0000, 0x0000021341ef0000)

Polling page: 0x000002132bd80000

Metaspace:

Usage:
  Non-class:     32.11 MB used.
      Class:      3.56 MB used.
       Both:     35.67 MB used.

Virtual space:
  Non-class space:       64.00 MB reserved,      32.62 MB ( 51%) committed,  1 nodes.
      Class space:        1.00 GB reserved,       4.00 MB ( <1%) committed,  1 nodes.
             Both:        1.06 GB reserved,      36.62 MB (  3%) committed. 

Chunk freelists:
   Non-Class:  14.55 MB
       Class:  12.02 MB
        Both:  26.56 MB

MaxMetaspaceSize: unlimited
CompressedClassSpaceSize: 1.00 GB
Initial GC threshold: 21.00 MB
Current GC threshold: 58.38 MB
CDS: on
 - commit_granule_bytes: 65536.
 - commit_granule_words: 8192.
 - virtual_space_node_default_size: 8388608.
 - enlarge_chunks_in_place: 1.
 - use_allocation_guard: 0.


Internal statistics:

num_allocs_failed_limit: 6.
num_arena_births: 792.
num_arena_deaths: 90.
num_vsnodes_births: 2.
num_vsnodes_deaths: 0.
num_space_committed: 586.
num_space_uncommitted: 0.
num_chunks_returned_to_freelist: 120.
num_chunks_taken_from_freelist: 2376.
num_chunk_merges: 28.
num_chunk_splits: 1491.
num_chunks_enlarged: 911.
num_inconsistent_stats: 0.

CodeHeap 'non-profiled nmethods': size=120000Kb used=2531Kb max_used=2726Kb free=117468Kb
 bounds [0x00000213389c0000, 0x0000021338c70000, 0x000002133fef0000]
CodeHeap 'profiled nmethods': size=120000Kb used=8735Kb max_used=9297Kb free=111265Kb
 bounds [0x0000021330ef0000, 0x0000021331820000, 0x0000021338420000]
CodeHeap 'non-nmethods': size=5760Kb used=1382Kb max_used=1466Kb free=4377Kb
 bounds [0x0000021338420000, 0x0000021338690000, 0x00000213389c0000]
 total_blobs=5020 nmethods=4348 adapters=578
 compilation: enabled
              stopped_count=0, restarted_count=0
 full_count=0

Compilation events (20 events):
Event: 5.609 Thread 0x00000213831fd7f0 4719       3       org.lombokweb.asm.MethodWriter::visitIntInsn (113 bytes)
Event: 5.610 Thread 0x00000213831fd7f0 nmethod 4719 0x00000213310cfb90 code [0x00000213310cfd80, 0x00000213310d01d0]
Event: 5.610 Thread 0x00000213831fd7f0 4720       3       org.lombokweb.asm.MethodVisitor::visitIntInsn (17 bytes)
Event: 5.610 Thread 0x00000213831fd7f0 nmethod 4720 0x0000021330fa8b90 code [0x0000021330fa8d40, 0x0000021330fa8f48]
Event: 5.611 Thread 0x00000213831fd7f0 4722       3       lombok.patcher.MethodLogistics::loadOpcodeFor (145 bytes)
Event: 5.612 Thread 0x00000213831fd7f0 nmethod 4722 0x0000021330f9b110 code [0x0000021330f9b3c0, 0x0000021330f9c038]
Event: 5.612 Thread 0x00000213831fd7f0 4723       3       org.lombokweb.asm.MethodWriter::visitLdcInsn (215 bytes)
Event: 5.613 Thread 0x00000213831fd7f0 nmethod 4723 0x0000021330f83510 code [0x0000021330f837a0, 0x0000021330f842a0]
Event: 5.613 Thread 0x00000213831fd7f0 4724       3       org.lombokweb.asm.ClassWriter::visitInnerClass (130 bytes)
Event: 5.614 Thread 0x00000213831fd7f0 nmethod 4724 0x0000021331062990 code [0x0000021331062be0, 0x0000021331063348]
Event: 5.622 Thread 0x00000213831fd7f0 4726       3       org.lombokweb.asm.ClassReader::getFirstAttributeOffset (136 bytes)
Event: 5.622 Thread 0x00000213831fd7f0 nmethod 4726 0x0000021330f00210 code [0x0000021330f00460, 0x0000021330f00ad0]
Event: 5.644 Thread 0x00000213831fd7f0 4729       3       org.lombokweb.asm.MethodVisitor::visitCode (15 bytes)
Event: 5.644 Thread 0x00000213831fd7f0 nmethod 4729 0x0000021330feb510 code [0x0000021330feb6c0, 0x0000021330feb8c8]
Event: 5.644 Thread 0x00000213831fd7f0 4730       3       org.lombokweb.asm.MethodVisitor::visitMaxs (17 bytes)
Event: 5.644 Thread 0x00000213831fd7f0 nmethod 4730 0x000002133109df90 code [0x000002133109e140, 0x000002133109e348]
Event: 5.644 Thread 0x00000213831fd7f0 4731       3       org.lombokweb.asm.MethodVisitor::visitEnd (15 bytes)
Event: 5.645 Thread 0x00000213831fd7f0 nmethod 4731 0x00000213310f3b90 code [0x00000213310f3d40, 0x00000213310f3f48]
Event: 5.650 Thread 0x00000213831fd7f0 4733       3       org.lombokweb.asm.ByteVector::put122 (93 bytes)
Event: 5.651 Thread 0x00000213831fd7f0 nmethod 4733 0x00000213310ae990 code [0x00000213310aeb40, 0x00000213310aedb8]

GC Heap History (20 events):
Event: 3.855 GC heap before
{Heap before GC invocations=11 (full 1):
 PSYoungGen      total 28160K, used 28145K [0x00000000eab00000, 0x00000000ecd80000, 0x0000000100000000)
  eden space 23040K, 100% used [0x00000000eab00000,0x00000000ec180000,0x00000000ec180000)
  from space 5120K, 99% used [0x00000000ec200000,0x00000000ec6fc5e8,0x00000000ec700000)
  to   space 6144K, 0% used [0x00000000ec780000,0x00000000ec780000,0x00000000ecd80000)
 ParOldGen       total 68608K, used 9393K [0x00000000c0000000, 0x00000000c4300000, 0x00000000eab00000)
  object space 68608K, 13% used [0x00000000c0000000,0x00000000c092c468,0x00000000c4300000)
 Metaspace       used 31247K, committed 32192K, reserved 1114112K
  class space    used 3060K, committed 3520K, reserved 1048576K
}
Event: 3.862 GC heap after
{Heap after GC invocations=11 (full 1):
 PSYoungGen      total 26624K, used 3811K [0x00000000eab00000, 0x00000000ecb80000, 0x0000000100000000)
  eden space 22528K, 0% used [0x00000000eab00000,0x00000000eab00000,0x00000000ec100000)
  from space 4096K, 93% used [0x00000000ec780000,0x00000000ecb38f28,0x00000000ecb80000)
  to   space 4608K, 0% used [0x00000000ec280000,0x00000000ec280000,0x00000000ec700000)
 ParOldGen       total 68608K, used 13015K [0x00000000c0000000, 0x00000000c4300000, 0x00000000eab00000)
  object space 68608K, 18% used [0x00000000c0000000,0x00000000c0cb5f80,0x00000000c4300000)
 Metaspace       used 31247K, committed 32192K, reserved 1114112K
  class space    used 3060K, committed 3520K, reserved 1048576K
}
Event: 3.991 GC heap before
{Heap before GC invocations=12 (full 1):
 PSYoungGen      total 26624K, used 26339K [0x00000000eab00000, 0x00000000ecb80000, 0x0000000100000000)
  eden space 22528K, 100% used [0x00000000eab00000,0x00000000ec100000,0x00000000ec100000)
  from space 4096K, 93% used [0x00000000ec780000,0x00000000ecb38f28,0x00000000ecb80000)
  to   space 4608K, 0% used [0x00000000ec280000,0x00000000ec280000,0x00000000ec700000)
 ParOldGen       total 68608K, used 13015K [0x00000000c0000000, 0x00000000c4300000, 0x00000000eab00000)
  object space 68608K, 18% used [0x00000000c0000000,0x00000000c0cb5f80,0x00000000c4300000)
 Metaspace       used 31678K, committed 32704K, reserved 1114112K
  class space    used 3130K, committed 3584K, reserved 1048576K
}
Event: 3.996 GC heap after
{Heap after GC invocations=12 (full 1):
 PSYoungGen      total 25088K, used 2673K [0x00000000eab00000, 0x00000000ec800000, 0x0000000100000000)
  eden space 22016K, 0% used [0x00000000eab00000,0x00000000eab00000,0x00000000ec080000)
  from space 3072K, 87% used [0x00000000ec280000,0x00000000ec51c450,0x00000000ec580000)
  to   space 2560K, 0% used [0x00000000ec580000,0x00000000ec580000,0x00000000ec800000)
 ParOldGen       total 68608K, used 16645K [0x00000000c0000000, 0x00000000c4300000, 0x00000000eab00000)
  object space 68608K, 24% used [0x00000000c0000000,0x00000000c1041518,0x00000000c4300000)
 Metaspace       used 31678K, committed 32704K, reserved 1114112K
  class space    used 3130K, committed 3584K, reserved 1048576K
}
Event: 4.073 GC heap before
{Heap before GC invocations=13 (full 1):
 PSYoungGen      total 25088K, used 24689K [0x00000000eab00000, 0x00000000ec800000, 0x0000000100000000)
  eden space 22016K, 100% used [0x00000000eab00000,0x00000000ec080000,0x00000000ec080000)
  from space 3072K, 87% used [0x00000000ec280000,0x00000000ec51c450,0x00000000ec580000)
  to   space 2560K, 0% used [0x00000000ec580000,0x00000000ec580000,0x00000000ec800000)
 ParOldGen       total 68608K, used 16645K [0x00000000c0000000, 0x00000000c4300000, 0x00000000eab00000)
  object space 68608K, 24% used [0x00000000c0000000,0x00000000c1041518,0x00000000c4300000)
 Metaspace       used 31705K, committed 32704K, reserved 1114112K
  class space    used 3131K, committed 3584K, reserved 1048576K
}
Event: 4.077 GC heap after
{Heap after GC invocations=13 (full 1):
 PSYoungGen      total 24064K, used 2530K [0x00000000eab00000, 0x00000000ecb80000, 0x0000000100000000)
  eden space 21504K, 0% used [0x00000000eab00000,0x00000000eab00000,0x00000000ec000000)
  from space 2560K, 98% used [0x00000000ec580000,0x00000000ec7f8810,0x00000000ec800000)
  to   space 5632K, 0% used [0x00000000ec000000,0x00000000ec000000,0x00000000ec580000)
 ParOldGen       total 68608K, used 19206K [0x00000000c0000000, 0x00000000c4300000, 0x00000000eab00000)
  object space 68608K, 27% used [0x00000000c0000000,0x00000000c12c1bd8,0x00000000c4300000)
 Metaspace       used 31705K, committed 32704K, reserved 1114112K
  class space    used 3131K, committed 3584K, reserved 1048576K
}
Event: 4.148 GC heap before
{Heap before GC invocations=14 (full 1):
 PSYoungGen      total 24064K, used 24034K [0x00000000eab00000, 0x00000000ecb80000, 0x0000000100000000)
  eden space 21504K, 100% used [0x00000000eab00000,0x00000000ec000000,0x00000000ec000000)
  from space 2560K, 98% used [0x00000000ec580000,0x00000000ec7f8810,0x00000000ec800000)
  to   space 5632K, 0% used [0x00000000ec000000,0x00000000ec000000,0x00000000ec580000)
 ParOldGen       total 68608K, used 19206K [0x00000000c0000000, 0x00000000c4300000, 0x00000000eab00000)
  object space 68608K, 27% used [0x00000000c0000000,0x00000000c12c1bd8,0x00000000c4300000)
 Metaspace       used 31716K, committed 32704K, reserved 1114112K
  class space    used 3131K, committed 3584K, reserved 1048576K
}
Event: 4.154 GC heap after
{Heap after GC invocations=14 (full 1):
 PSYoungGen      total 24064K, used 2436K [0x00000000eab00000, 0x00000000ec700000, 0x0000000100000000)
  eden space 21504K, 0% used [0x00000000eab00000,0x00000000eab00000,0x00000000ec000000)
  from space 2560K, 95% used [0x00000000ec000000,0x00000000ec261000,0x00000000ec280000)
  to   space 3584K, 0% used [0x00000000ec380000,0x00000000ec380000,0x00000000ec700000)
 ParOldGen       total 68608K, used 21611K [0x00000000c0000000, 0x00000000c4300000, 0x00000000eab00000)
  object space 68608K, 31% used [0x00000000c0000000,0x00000000c151af48,0x00000000c4300000)
 Metaspace       used 31716K, committed 32704K, reserved 1114112K
  class space    used 3131K, committed 3584K, reserved 1048576K
}
Event: 4.232 GC heap before
{Heap before GC invocations=15 (full 1):
 PSYoungGen      total 24064K, used 23940K [0x00000000eab00000, 0x00000000ec700000, 0x0000000100000000)
  eden space 21504K, 100% used [0x00000000eab00000,0x00000000ec000000,0x00000000ec000000)
  from space 2560K, 95% used [0x00000000ec000000,0x00000000ec261000,0x00000000ec280000)
  to   space 3584K, 0% used [0x00000000ec380000,0x00000000ec380000,0x00000000ec700000)
 ParOldGen       total 68608K, used 21611K [0x00000000c0000000, 0x00000000c4300000, 0x00000000eab00000)
  object space 68608K, 31% used [0x00000000c0000000,0x00000000c151af48,0x00000000c4300000)
 Metaspace       used 31816K, committed 32768K, reserved 1114112K
  class space    used 3131K, committed 3584K, reserved 1048576K
}
Event: 4.240 GC heap after
{Heap after GC invocations=15 (full 1):
 PSYoungGen      total 24064K, used 2432K [0x00000000eab00000, 0x00000000ec600000, 0x0000000100000000)
  eden space 21504K, 0% used [0x00000000eab00000,0x00000000eab00000,0x00000000ec000000)
  from space 2560K, 95% used [0x00000000ec380000,0x00000000ec5e0010,0x00000000ec600000)
  to   space 3072K, 0% used [0x00000000ec000000,0x00000000ec000000,0x00000000ec300000)
 ParOldGen       total 68608K, used 23857K [0x00000000c0000000, 0x00000000c4300000, 0x00000000eab00000)
  object space 68608K, 34% used [0x00000000c0000000,0x00000000c174c570,0x00000000c4300000)
 Metaspace       used 31816K, committed 32768K, reserved 1114112K
  class space    used 3131K, committed 3584K, reserved 1048576K
}
Event: 4.341 GC heap before
{Heap before GC invocations=16 (full 1):
 PSYoungGen      total 24064K, used 23936K [0x00000000eab00000, 0x00000000ec600000, 0x0000000100000000)
  eden space 21504K, 100% used [0x00000000eab00000,0x00000000ec000000,0x00000000ec000000)
  from space 2560K, 95% used [0x00000000ec380000,0x00000000ec5e0010,0x00000000ec600000)
  to   space 3072K, 0% used [0x00000000ec000000,0x00000000ec000000,0x00000000ec300000)
 ParOldGen       total 68608K, used 23857K [0x00000000c0000000, 0x00000000c4300000, 0x00000000eab00000)
  object space 68608K, 34% used [0x00000000c0000000,0x00000000c174c570,0x00000000c4300000)
 Metaspace       used 32083K, committed 33088K, reserved 1114112K
  class space    used 3167K, committed 3648K, reserved 1048576K
}
Event: 4.347 GC heap after
{Heap after GC invocations=16 (full 1):
 PSYoungGen      total 23552K, used 1952K [0x00000000eab00000, 0x00000000ec500000, 0x0000000100000000)
  eden space 21504K, 0% used [0x00000000eab00000,0x00000000eab00000,0x00000000ec000000)
  from space 2048K, 95% used [0x00000000ec000000,0x00000000ec1e8000,0x00000000ec200000)
  to   space 2560K, 0% used [0x00000000ec280000,0x00000000ec280000,0x00000000ec500000)
 ParOldGen       total 68608K, used 26209K [0x00000000c0000000, 0x00000000c4300000, 0x00000000eab00000)
  object space 68608K, 38% used [0x00000000c0000000,0x00000000c1998580,0x00000000c4300000)
 Metaspace       used 32083K, committed 33088K, reserved 1114112K
  class space    used 3167K, committed 3648K, reserved 1048576K
}
Event: 4.967 GC heap before
{Heap before GC invocations=17 (full 1):
 PSYoungGen      total 23552K, used 23456K [0x00000000eab00000, 0x00000000ec500000, 0x0000000100000000)
  eden space 21504K, 100% used [0x00000000eab00000,0x00000000ec000000,0x00000000ec000000)
  from space 2048K, 95% used [0x00000000ec000000,0x00000000ec1e8000,0x00000000ec200000)
  to   space 2560K, 0% used [0x00000000ec280000,0x00000000ec280000,0x00000000ec500000)
 ParOldGen       total 68608K, used 26209K [0x00000000c0000000, 0x00000000c4300000, 0x00000000eab00000)
  object space 68608K, 38% used [0x00000000c0000000,0x00000000c1998580,0x00000000c4300000)
 Metaspace       used 33910K, committed 34944K, reserved 1114112K
  class space    used 3418K, committed 3904K, reserved 1048576K
}
Event: 4.970 GC heap after
{Heap after GC invocations=17 (full 1):
 PSYoungGen      total 22528K, used 837K [0x00000000eab00000, 0x00000000ec380000, 0x0000000100000000)
  eden space 21504K, 0% used [0x00000000eab00000,0x00000000eab00000,0x00000000ec000000)
  from space 1024K, 81% used [0x00000000ec280000,0x00000000ec351558,0x00000000ec380000)
  to   space 1536K, 0% used [0x00000000ec080000,0x00000000ec080000,0x00000000ec200000)
 ParOldGen       total 68608K, used 28055K [0x00000000c0000000, 0x00000000c4300000, 0x00000000eab00000)
  object space 68608K, 40% used [0x00000000c0000000,0x00000000c1b65f98,0x00000000c4300000)
 Metaspace       used 33910K, committed 34944K, reserved 1114112K
  class space    used 3418K, committed 3904K, reserved 1048576K
}
Event: 5.390 GC heap before
{Heap before GC invocations=18 (full 1):
 PSYoungGen      total 22528K, used 17830K [0x00000000eab00000, 0x00000000ec380000, 0x0000000100000000)
  eden space 21504K, 79% used [0x00000000eab00000,0x00000000ebb98648,0x00000000ec000000)
  from space 1024K, 81% used [0x00000000ec280000,0x00000000ec351558,0x00000000ec380000)
  to   space 1536K, 0% used [0x00000000ec080000,0x00000000ec080000,0x00000000ec200000)
 ParOldGen       total 68608K, used 28055K [0x00000000c0000000, 0x00000000c4300000, 0x00000000eab00000)
  object space 68608K, 40% used [0x00000000c0000000,0x00000000c1b65f98,0x00000000c4300000)
 Metaspace       used 34890K, committed 35840K, reserved 1114112K
  class space    used 3515K, committed 3968K, reserved 1048576K
}
Event: 5.391 GC heap after
{Heap after GC invocations=18 (full 1):
 PSYoungGen      total 23040K, used 384K [0x00000000eab00000, 0x00000000ec300000, 0x0000000100000000)
  eden space 21504K, 0% used [0x00000000eab00000,0x00000000eab00000,0x00000000ec000000)
  from space 1536K, 25% used [0x00000000ec080000,0x00000000ec0e0000,0x00000000ec200000)
  to   space 1024K, 0% used [0x00000000ec200000,0x00000000ec200000,0x00000000ec300000)
 ParOldGen       total 68608K, used 28857K [0x00000000c0000000, 0x00000000c4300000, 0x00000000eab00000)
  object space 68608K, 42% used [0x00000000c0000000,0x00000000c1c2e540,0x00000000c4300000)
 Metaspace       used 34890K, committed 35840K, reserved 1114112K
  class space    used 3515K, committed 3968K, reserved 1048576K
}
Event: 5.391 GC heap before
{Heap before GC invocations=19 (full 2):
 PSYoungGen      total 23040K, used 384K [0x00000000eab00000, 0x00000000ec300000, 0x0000000100000000)
  eden space 21504K, 0% used [0x00000000eab00000,0x00000000eab00000,0x00000000ec000000)
  from space 1536K, 25% used [0x00000000ec080000,0x00000000ec0e0000,0x00000000ec200000)
  to   space 1024K, 0% used [0x00000000ec200000,0x00000000ec200000,0x00000000ec300000)
 ParOldGen       total 68608K, used 28857K [0x00000000c0000000, 0x00000000c4300000, 0x00000000eab00000)
  object space 68608K, 42% used [0x00000000c0000000,0x00000000c1c2e540,0x00000000c4300000)
 Metaspace       used 34890K, committed 35840K, reserved 1114112K
  class space    used 3515K, committed 3968K, reserved 1048576K
}
Event: 5.445 GC heap after
{Heap after GC invocations=19 (full 2):
 PSYoungGen      total 23040K, used 0K [0x00000000eab00000, 0x00000000ec300000, 0x0000000100000000)
  eden space 21504K, 0% used [0x00000000eab00000,0x00000000eab00000,0x00000000ec000000)
  from space 1536K, 0% used [0x00000000ec080000,0x00000000ec080000,0x00000000ec200000)
  to   space 1024K, 0% used [0x00000000ec200000,0x00000000ec200000,0x00000000ec300000)
 ParOldGen       total 68608K, used 27866K [0x00000000c0000000, 0x00000000c4300000, 0x00000000eab00000)
  object space 68608K, 40% used [0x00000000c0000000,0x00000000c1b36908,0x00000000c4300000)
 Metaspace       used 34824K, committed 35840K, reserved 1114112K
  class space    used 3496K, committed 3968K, reserved 1048576K
}
Event: 5.596 GC heap before
{Heap before GC invocations=20 (full 2):
 PSYoungGen      total 23040K, used 21504K [0x00000000eab00000, 0x00000000ec300000, 0x0000000100000000)
  eden space 21504K, 100% used [0x00000000eab00000,0x00000000ec000000,0x00000000ec000000)
  from space 1536K, 0% used [0x00000000ec080000,0x00000000ec080000,0x00000000ec200000)
  to   space 1024K, 0% used [0x00000000ec200000,0x00000000ec200000,0x00000000ec300000)
 ParOldGen       total 68608K, used 27866K [0x00000000c0000000, 0x00000000c4300000, 0x00000000eab00000)
  object space 68608K, 40% used [0x00000000c0000000,0x00000000c1b36908,0x00000000c4300000)
 Metaspace       used 35488K, committed 36480K, reserved 1114112K
  class space    used 3549K, committed 4032K, reserved 1048576K
}
Event: 5.598 GC heap after
{Heap after GC invocations=20 (full 2):
 PSYoungGen      total 22528K, used 992K [0x00000000eab00000, 0x00000000ec400000, 0x0000000100000000)
  eden space 21504K, 0% used [0x00000000eab00000,0x00000000eab00000,0x00000000ec000000)
  from space 1024K, 96% used [0x00000000ec200000,0x00000000ec2f8238,0x00000000ec300000)
  to   space 2048K, 0% used [0x00000000ec000000,0x00000000ec000000,0x00000000ec200000)
 ParOldGen       total 68608K, used 28275K [0x00000000c0000000, 0x00000000c4300000, 0x00000000eab00000)
  object space 68608K, 41% used [0x00000000c0000000,0x00000000c1b9cf08,0x00000000c4300000)
 Metaspace       used 35488K, committed 36480K, reserved 1114112K
  class space    used 3549K, committed 4032K, reserved 1048576K
}

Dll operation events (10 events):
Event: 0.010 Loaded shared library c:\Users\ASUS\.vscode\extensions\redhat.java-1.40.0-win32-x64\jre\21.0.6-win32-x86_64\bin\java.dll
Event: 0.076 Loaded shared library c:\Users\ASUS\.vscode\extensions\redhat.java-1.40.0-win32-x64\jre\21.0.6-win32-x86_64\bin\zip.dll
Event: 0.108 Loaded shared library C:\Users\ASUS\.vscode\extensions\redhat.java-1.40.0-win32-x64\jre\21.0.6-win32-x86_64\bin\instrument.dll
Event: 0.112 Loaded shared library C:\Users\ASUS\.vscode\extensions\redhat.java-1.40.0-win32-x64\jre\21.0.6-win32-x86_64\bin\net.dll
Event: 0.116 Loaded shared library C:\Users\ASUS\.vscode\extensions\redhat.java-1.40.0-win32-x64\jre\21.0.6-win32-x86_64\bin\nio.dll
Event: 0.120 Loaded shared library C:\Users\ASUS\.vscode\extensions\redhat.java-1.40.0-win32-x64\jre\21.0.6-win32-x86_64\bin\zip.dll
Event: 0.145 Loaded shared library C:\Users\ASUS\.vscode\extensions\redhat.java-1.40.0-win32-x64\jre\21.0.6-win32-x86_64\bin\jimage.dll
Event: 0.225 Loaded shared library c:\Users\ASUS\.vscode\extensions\redhat.java-1.40.0-win32-x64\jre\21.0.6-win32-x86_64\bin\verify.dll
Event: 1.393 Loaded shared library C:\Users\ASUS\AppData\Roaming\Code\User\globalStorage\redhat.java\1.40.0\config_ss_win\org.eclipse.equinox.launcher\org.eclipse.equinox.launcher.win32.win32.x86_64_1.2.1200.v20250212-0927\eclipse_11909.dll
Event: 2.148 Loaded shared library C:\Users\ASUS\AppData\Local\Temp\jna-2018896\jna10816575326218732056.dll

Deoptimization events (20 events):
Event: 5.548 Thread 0x000002138c449d60 DEOPT PACKING pc=0x0000021338b2a320 sp=0x000000bc7d7f9e50
Event: 5.548 Thread 0x000002138c449d60 DEOPT UNPACKING pc=0x0000021338476da2 sp=0x000000bc7d7f9df8 mode 2
Event: 5.548 Thread 0x000002138c449d60 Uncommon trap: trap_request=0xffffffde fr.pc=0x0000021338b2a320 relative=0x0000000000007b60
Event: 5.548 Thread 0x000002138c449d60 Uncommon trap: reason=class_check action=maybe_recompile pc=0x0000021338b2a320 method=lombok.patcher.PatchScript$MethodPatcher.visitMethod(ILjava/lang/String;Ljava/lang/String;Ljava/lang/String;[Ljava/lang/String;)Lorg/lombokweb/asm/MethodVisitor; @ 101 c
Event: 5.548 Thread 0x000002138c449d60 DEOPT PACKING pc=0x0000021338b2a320 sp=0x000000bc7d7f9e50
Event: 5.548 Thread 0x000002138c449d60 DEOPT UNPACKING pc=0x0000021338476da2 sp=0x000000bc7d7f9df8 mode 2
Event: 5.548 Thread 0x000002138c449d60 Uncommon trap: trap_request=0xffffffde fr.pc=0x0000021338b2a320 relative=0x0000000000007b60
Event: 5.548 Thread 0x000002138c449d60 Uncommon trap: reason=class_check action=maybe_recompile pc=0x0000021338b2a320 method=lombok.patcher.PatchScript$MethodPatcher.visitMethod(ILjava/lang/String;Ljava/lang/String;Ljava/lang/String;[Ljava/lang/String;)Lorg/lombokweb/asm/MethodVisitor; @ 101 c
Event: 5.548 Thread 0x000002138c449d60 DEOPT PACKING pc=0x0000021338b2a320 sp=0x000000bc7d7f9e50
Event: 5.548 Thread 0x000002138c449d60 DEOPT UNPACKING pc=0x0000021338476da2 sp=0x000000bc7d7f9df8 mode 2
Event: 5.548 Thread 0x000002138c449d60 Uncommon trap: trap_request=0xffffffde fr.pc=0x0000021338b2a320 relative=0x0000000000007b60
Event: 5.548 Thread 0x000002138c449d60 Uncommon trap: reason=class_check action=maybe_recompile pc=0x0000021338b2a320 method=lombok.patcher.PatchScript$MethodPatcher.visitMethod(ILjava/lang/String;Ljava/lang/String;Ljava/lang/String;[Ljava/lang/String;)Lorg/lombokweb/asm/MethodVisitor; @ 101 c
Event: 5.548 Thread 0x000002138c449d60 DEOPT PACKING pc=0x0000021338b2a320 sp=0x000000bc7d7f9e50
Event: 5.548 Thread 0x000002138c449d60 DEOPT UNPACKING pc=0x0000021338476da2 sp=0x000000bc7d7f9df8 mode 2
Event: 5.548 Thread 0x000002138c449d60 Uncommon trap: trap_request=0xffffffde fr.pc=0x0000021338ae153c relative=0x000000000000117c
Event: 5.548 Thread 0x000002138c449d60 Uncommon trap: reason=class_check action=maybe_recompile pc=0x0000021338ae153c method=lombok.patcher.PatchScript$MethodPatcher.visitMethod(ILjava/lang/String;Ljava/lang/String;Ljava/lang/String;[Ljava/lang/String;)Lorg/lombokweb/asm/MethodVisitor; @ 101 c
Event: 5.548 Thread 0x000002138c449d60 DEOPT PACKING pc=0x0000021338ae153c sp=0x000000bc7d7f9e00
Event: 5.548 Thread 0x000002138c449d60 DEOPT UNPACKING pc=0x0000021338476da2 sp=0x000000bc7d7f9df8 mode 2
Event: 5.622 Thread 0x000002138c449d60 DEOPT PACKING pc=0x000002133176d8c4 sp=0x000000bc7d7f9dc0
Event: 5.622 Thread 0x000002138c449d60 DEOPT UNPACKING pc=0x00000213384778e2 sp=0x000000bc7d7f9288 mode 0

Classes loaded (20 events):
Event: 3.749 Loading class java/lang/runtime/ObjectMethods$1
Event: 3.749 Loading class java/lang/runtime/ObjectMethods$1 done
Event: 3.935 Loading class java/lang/invoke/MethodHandleImpl$CountingWrapper
Event: 3.936 Loading class java/lang/invoke/MethodHandleImpl$CountingWrapper done
Event: 3.943 Loading class java/util/AbstractList$ListItr
Event: 3.944 Loading class java/util/AbstractList$ListItr done
Event: 3.950 Loading class java/nio/channels/Channels$ReadableByteChannelImpl
Event: 3.950 Loading class java/nio/channels/Channels$ReadableByteChannelImpl done
Event: 3.951 Loading class java/nio/channels/NonWritableChannelException
Event: 3.951 Loading class java/nio/channels/NonWritableChannelException done
Event: 4.170 Loading class java/lang/invoke/MethodHandleImpl$CountingWrapper$1
Event: 4.170 Loading class java/lang/invoke/MethodHandleImpl$CountingWrapper$1 done
Event: 4.364 Loading class java/lang/ExceptionInInitializerError
Event: 4.365 Loading class java/lang/ExceptionInInitializerError done
Event: 4.980 Loading class java/util/Vector$1
Event: 4.980 Loading class java/util/Vector$1 done
Event: 5.382 Loading class java/util/regex/Pattern$Caret
Event: 5.382 Loading class java/util/regex/Pattern$Caret done
Event: 5.472 Loading class java/util/regex/Pattern$LazyLoop
Event: 5.472 Loading class java/util/regex/Pattern$LazyLoop done

Classes unloaded (20 events):
Event: 5.401 Thread 0x00000213831a1b50 Unloading class 0x000002134335e800 'java/lang/invoke/LambdaForm$MH+0x000002134335e800'
Event: 5.401 Thread 0x00000213831a1b50 Unloading class 0x000002134335ec00 'java/lang/invoke/LambdaForm$MH+0x000002134335ec00'
Event: 5.401 Thread 0x00000213831a1b50 Unloading class 0x000002134335e000 'java/lang/invoke/LambdaForm$MH+0x000002134335e000'
Event: 5.401 Thread 0x00000213831a1b50 Unloading class 0x000002134335dc00 'java/lang/invoke/LambdaForm$MH+0x000002134335dc00'
Event: 5.401 Thread 0x00000213831a1b50 Unloading class 0x000002134335d800 'java/lang/invoke/LambdaForm$DMH+0x000002134335d800'
Event: 5.401 Thread 0x00000213831a1b50 Unloading class 0x000002134335d400 'java/lang/invoke/LambdaForm$DMH+0x000002134335d400'
Event: 5.401 Thread 0x00000213831a1b50 Unloading class 0x000002134335c800 'java/lang/invoke/LambdaForm$MH+0x000002134335c800'
Event: 5.401 Thread 0x00000213831a1b50 Unloading class 0x000002134335c400 'java/lang/invoke/LambdaForm$MH+0x000002134335c400'
Event: 5.401 Thread 0x00000213831a1b50 Unloading class 0x0000021343358800 'java/lang/invoke/LambdaForm$MH+0x0000021343358800'
Event: 5.401 Thread 0x00000213831a1b50 Unloading class 0x0000021343358400 'java/lang/invoke/LambdaForm$MH+0x0000021343358400'
Event: 5.401 Thread 0x00000213831a1b50 Unloading class 0x0000021343357c00 'java/lang/invoke/LambdaForm$MH+0x0000021343357c00'
Event: 5.401 Thread 0x00000213831a1b50 Unloading class 0x0000021343357400 'java/lang/invoke/LambdaForm$MH+0x0000021343357400'
Event: 5.401 Thread 0x00000213831a1b50 Unloading class 0x0000021343356c00 'java/lang/invoke/LambdaForm$MH+0x0000021343356c00'
Event: 5.401 Thread 0x00000213831a1b50 Unloading class 0x0000021343356400 'java/lang/invoke/LambdaForm$MH+0x0000021343356400'
Event: 5.401 Thread 0x00000213831a1b50 Unloading class 0x0000021343355c00 'java/lang/invoke/LambdaForm$MH+0x0000021343355c00'
Event: 5.401 Thread 0x00000213831a1b50 Unloading class 0x0000021343355800 'java/lang/invoke/LambdaForm$MH+0x0000021343355800'
Event: 5.401 Thread 0x00000213831a1b50 Unloading class 0x0000021343355400 'java/lang/invoke/LambdaForm$MH+0x0000021343355400'
Event: 5.401 Thread 0x00000213831a1b50 Unloading class 0x0000021343355000 'java/lang/invoke/LambdaForm$MH+0x0000021343355000'
Event: 5.401 Thread 0x00000213831a1b50 Unloading class 0x0000021343354800 'java/lang/invoke/LambdaForm$DMH+0x0000021343354800'
Event: 5.401 Thread 0x00000213831a1b50 Unloading class 0x0000021343354400 'java/lang/invoke/LambdaForm$DMH+0x0000021343354400'

Classes redefined (0 events):
No events

Internal exceptions (20 events):
Event: 3.745 Thread 0x000002138c449d60 Exception <a 'java/lang/NoSuchMethodError'{0x00000000eb316870}: 'java.lang.Object java.lang.invoke.Invokers$Holder.invoke_MT(java.lang.Object, java.lang.Object, java.lang.Object, java.lang.Object, java.lang.Object, java.lang.Object, java.lang.Object, java.lang.Object, java.lang.Object, java.lang.Object)'> (0x00000000eb316870) 
thrown [s\src\hotspot\share\interpreter\linkResolver.cpp, line 773]
Event: 3.750 Thread 0x000002138c449d60 Exception <a 'java/lang/NoSuchMethodError'{0x00000000eb38f9d8}: 'int java.lang.invoke.DirectMethodHandle$Holder.invokeVirtual(java.lang.Object, java.lang.Object, java.lang.Object)'> (0x00000000eb38f9d8) 
thrown [s\src\hotspot\share\interpreter\linkResolver.cpp, line 773]
Event: 3.750 Thread 0x000002138c449d60 Exception <a 'java/lang/NoSuchMethodError'{0x00000000eb393c80}: 'int java.lang.invoke.DirectMethodHandle$Holder.invokeStaticInit(java.lang.Object, int, int)'> (0x00000000eb393c80) 
thrown [s\src\hotspot\share\interpreter\linkResolver.cpp, line 773]
Event: 3.751 Thread 0x000002138c449d60 Exception <a 'java/lang/NoSuchMethodError'{0x00000000eb3a29b8}: 'int java.lang.invoke.DirectMethodHandle$Holder.invokeStaticInit(java.lang.Object, long, long)'> (0x00000000eb3a29b8) 
thrown [s\src\hotspot\share\interpreter\linkResolver.cpp, line 773]
Event: 3.751 Thread 0x000002138c449d60 Exception <a 'java/lang/NoSuchMethodError'{0x00000000eb3a9660}: 'int java.lang.invoke.DirectMethodHandle$Holder.invokeStaticInit(java.lang.Object, float, float)'> (0x00000000eb3a9660) 
thrown [s\src\hotspot\share\interpreter\linkResolver.cpp, line 773]
Event: 3.751 Thread 0x000002138c449d60 Exception <a 'java/lang/NoSuchMethodError'{0x00000000eb3b0300}: 'int java.lang.invoke.DirectMethodHandle$Holder.invokeStaticInit(java.lang.Object, double, double)'> (0x00000000eb3b0300) 
thrown [s\src\hotspot\share\interpreter\linkResolver.cpp, line 773]
Event: 3.752 Thread 0x000002138c449d60 Exception <a 'java/lang/NoSuchMethodError'{0x00000000eb3b4a60}: 'int java.lang.invoke.DirectMethodHandle$Holder.invokeStatic(java.lang.Object, long)'> (0x00000000eb3b4a60) 
thrown [s\src\hotspot\share\interpreter\linkResolver.cpp, line 773]
Event: 3.754 Thread 0x000002138c444180 Exception <a 'java/lang/NoSuchMethodError'{0x00000000eb3f8cf8}: 'int java.lang.invoke.Invokers$Holder.linkToTargetMethod(java.lang.Object, java.lang.Object)'> (0x00000000eb3f8cf8) 
thrown [s\src\hotspot\share\interpreter\linkResolver.cpp, line 773]
Event: 3.754 Thread 0x000002138c447c90 Exception <a 'java/lang/NoSuchMethodError'{0x00000000eb3f3648}: 'int java.lang.invoke.Invokers$Holder.linkToTargetMethod(java.lang.Object, java.lang.Object)'> (0x00000000eb3f3648) 
thrown [s\src\hotspot\share\interpreter\linkResolver.cpp, line 773]
Event: 3.754 Thread 0x000002138c449d60 Exception <a 'java/lang/NoSuchMethodError'{0x00000000eb3d34e0}: 'int java.lang.invoke.Invokers$Holder.linkToTargetMethod(java.lang.Object, java.lang.Object)'> (0x00000000eb3d34e0) 
thrown [s\src\hotspot\share\interpreter\linkResolver.cpp, line 773]
Event: 3.934 Thread 0x000002138c449d60 Exception <a 'java/lang/NoSuchMethodError'{0x00000000eb490618}: 'int java.lang.invoke.DirectMethodHandle$Holder.invokeSpecial(java.lang.Object, java.lang.Object, java.lang.Object, java.lang.Object)'> (0x00000000eb490618) 
thrown [s\src\hotspot\share\interpreter\linkResolver.cpp, line 773]
Event: 3.934 Thread 0x000002138c447c90 Exception <a 'java/lang/NoSuchMethodError'{0x00000000eb48d180}: 'int java.lang.invoke.DirectMethodHandle$Holder.invokeSpecial(java.lang.Object, java.lang.Object, java.lang.Object, java.lang.Object)'> (0x00000000eb48d180) 
thrown [s\src\hotspot\share\interpreter\linkResolver.cpp, line 773]
Event: 3.935 Thread 0x000002138c447c90 Exception <a 'java/lang/NoSuchMethodError'{0x00000000eb4d7808}: 'java.lang.Object java.lang.invoke.DirectMethodHandle$Holder.invokeStatic(java.lang.Object, int, java.lang.Object, java.lang.Object)'> (0x00000000eb4d7808) 
thrown [s\src\hotspot\share\interpreter\linkResolver.cpp, line 773]
Event: 3.935 Thread 0x000002138c449d60 Exception <a 'java/lang/NoSuchMethodError'{0x00000000eb49d8b8}: 'java.lang.Object java.lang.invoke.DirectMethodHandle$Holder.invokeStatic(java.lang.Object, int, java.lang.Object, java.lang.Object)'> (0x00000000eb49d8b8) 
thrown [s\src\hotspot\share\interpreter\linkResolver.cpp, line 773]
Event: 3.935 Thread 0x000002138c447c90 Exception <a 'java/lang/NoSuchMethodError'{0x00000000eb4db4c0}: 'java.lang.Object java.lang.invoke.DelegatingMethodHandle$Holder.delegate(java.lang.Object, int, java.lang.Object, java.lang.Object)'> (0x00000000eb4db4c0) 
thrown [s\src\hotspot\share\interpreter\linkResolver.cpp, line 773]
Event: 3.935 Thread 0x000002138c449d60 Exception <a 'java/lang/NoSuchMethodError'{0x00000000eb4a1038}: 'java.lang.Object java.lang.invoke.DelegatingMethodHandle$Holder.delegate(java.lang.Object, int, java.lang.Object, java.lang.Object)'> (0x00000000eb4a1038) 
thrown [s\src\hotspot\share\interpreter\linkResolver.cpp, line 773]
Event: 3.938 Thread 0x000002138c447c90 Exception <a 'java/lang/NoSuchMethodError'{0x00000000eb511830}: 'int java.lang.invoke.Invokers$Holder.linkToTargetMethod(java.lang.Object, java.lang.Object, java.lang.Object)'> (0x00000000eb511830) 
thrown [s\src\hotspot\share\interpreter\linkResolver.cpp, line 773]
Event: 5.341 Thread 0x000002138c449d60 Implicit null exception at 0x0000021338c5e41d to 0x0000021338c5ef18
Event: 5.493 Thread 0x000002138c449d60 Exception <a 'java/lang/LinkageError'{0x00000000eacabe90}: loader lombok.launch.ShadowClassLoader @7865f27a attempted duplicate class definition for lombok.launch.PatchFixesHider$ValPortal. (lombok.launch.PatchFixesHider$ValPortal is in unnamed module of loader lombok.launch.ShadowClassLoader @7865f27a, parent loader org.eclipse.osgi.internal.loader.EquinoxClassLoader @6039461b)> (0x00000000eacabe90) 
thrown [s\src\hotspot\share\classfile\systemDictionary.cpp, line 1682]
Event: 5.493 Thread 0x000002138c447c90 Exception <a 'java/lang/LinkageError'{0x00000000ead8f9f8}: loader lombok.launch.ShadowClassLoader @7865f27a attempted duplicate class definition for lombok.launch.PatchFixesHider$ValPortal. (lombok.launch.PatchFixesHider$ValPortal is in unnamed module of loader lombok.launch.ShadowClassLoader @7865f27a, parent loader org.eclipse.osgi.internal.loader.EquinoxClassLoader @6039461b)> (0x00000000ead8f9f8) 
thrown [s\src\hotspot\share\classfile\systemDictionary.cpp, line 1682]

ZGC Phase Switch (0 events):
No events

VM Operations (20 events):
Event: 3.855 Executing VM operation: ParallelGCFailedAllocation (Allocation Failure)
Event: 3.863 Executing VM operation: ParallelGCFailedAllocation (Allocation Failure) done
Event: 3.991 Executing VM operation: ParallelGCFailedAllocation (Allocation Failure)
Event: 3.996 Executing VM operation: ParallelGCFailedAllocation (Allocation Failure) done
Event: 4.073 Executing VM operation: ParallelGCFailedAllocation (Allocation Failure)
Event: 4.077 Executing VM operation: ParallelGCFailedAllocation (Allocation Failure) done
Event: 4.148 Executing VM operation: ParallelGCFailedAllocation (Allocation Failure)
Event: 4.154 Executing VM operation: ParallelGCFailedAllocation (Allocation Failure) done
Event: 4.232 Executing VM operation: ParallelGCFailedAllocation (Allocation Failure)
Event: 4.240 Executing VM operation: ParallelGCFailedAllocation (Allocation Failure) done
Event: 4.341 Executing VM operation: ParallelGCFailedAllocation (Allocation Failure)
Event: 4.347 Executing VM operation: ParallelGCFailedAllocation (Allocation Failure) done
Event: 4.572 Executing VM operation: HandshakeAllThreads (Deoptimize)
Event: 4.572 Executing VM operation: HandshakeAllThreads (Deoptimize) done
Event: 4.967 Executing VM operation: ParallelGCFailedAllocation (Allocation Failure)
Event: 4.970 Executing VM operation: ParallelGCFailedAllocation (Allocation Failure) done
Event: 5.390 Executing VM operation: CollectForMetadataAllocation (Metadata GC Threshold)
Event: 5.445 Executing VM operation: CollectForMetadataAllocation (Metadata GC Threshold) done
Event: 5.596 Executing VM operation: ParallelGCFailedAllocation (Allocation Failure)
Event: 5.598 Executing VM operation: ParallelGCFailedAllocation (Allocation Failure) done

Memory protections (0 events):
No events

Nmethod flushes (20 events):
Event: 5.410 Thread 0x00000213831a1b50 flushing  nmethod 0x00000213311e2b10
Event: 5.410 Thread 0x00000213831a1b50 flushing  nmethod 0x00000213311e6210
Event: 5.410 Thread 0x00000213831a1b50 flushing  nmethod 0x00000213311e9990
Event: 5.410 Thread 0x00000213831a1b50 flushing  nmethod 0x0000021331224a10
Event: 5.410 Thread 0x00000213831a1b50 flushing  nmethod 0x0000021331238e10
Event: 5.410 Thread 0x00000213831a1b50 flushing  nmethod 0x0000021331240690
Event: 5.410 Thread 0x00000213831a1b50 flushing  nmethod 0x00000213312f3d90
Event: 5.410 Thread 0x00000213831a1b50 flushing  nmethod 0x00000213312f4210
Event: 5.410 Thread 0x00000213831a1b50 flushing  nmethod 0x00000213312f5010
Event: 5.410 Thread 0x00000213831a1b50 flushing  nmethod 0x0000021331361310
Event: 5.410 Thread 0x00000213831a1b50 flushing  nmethod 0x0000021331363f10
Event: 5.410 Thread 0x00000213831a1b50 flushing  nmethod 0x0000021331390710
Event: 5.410 Thread 0x00000213831a1b50 flushing  nmethod 0x0000021331390b10
Event: 5.410 Thread 0x00000213831a1b50 flushing  nmethod 0x0000021331391510
Event: 5.410 Thread 0x00000213831a1b50 flushing  nmethod 0x0000021331396190
Event: 5.410 Thread 0x00000213831a1b50 flushing  nmethod 0x00000213313b0f10
Event: 5.410 Thread 0x00000213831a1b50 flushing  nmethod 0x00000213313b3890
Event: 5.410 Thread 0x00000213831a1b50 flushing  nmethod 0x00000213313c4190
Event: 5.410 Thread 0x00000213831a1b50 flushing  nmethod 0x00000213313c6b90
Event: 5.410 Thread 0x00000213831a1b50 flushing  nmethod 0x00000213313c8110

Events (20 events):
Event: 2.820 Thread 0x0000021389dabd10 Thread exited: 0x0000021389dabd10
Event: 2.942 Thread 0x00000213831fd7f0 Thread added: 0x000002138a337940
Event: 3.071 Thread 0x000002132dd00520 Thread added: 0x0000021389dad750
Event: 3.071 Thread 0x000002132dd00520 Thread added: 0x0000021389dac3a0
Event: 3.071 Thread 0x000002132dd00520 Thread added: 0x0000021389dadde0
Event: 3.071 Thread 0x000002132dd00520 Thread added: 0x0000021389daaff0
Event: 3.071 Thread 0x000002132dd00520 Thread added: 0x0000021389daca30
Event: 3.071 Thread 0x000002132dd00520 Thread added: 0x0000021389dabd10
Event: 3.071 Thread 0x000002132dd00520 Thread added: 0x0000021389dad0c0
Event: 3.071 Thread 0x000002132dd00520 Thread added: 0x0000021389daa960
Event: 3.071 Thread 0x000002132dd00520 Thread added: 0x000002138c448320
Event: 3.100 Thread 0x000002132dd00520 Thread added: 0x000002138c445530
Event: 3.305 Thread 0x000002132dd00520 Thread added: 0x000002138c444810
Event: 3.305 Thread 0x000002132dd00520 Thread added: 0x000002138c449d60
Event: 3.558 Thread 0x000002138c449d60 Thread added: 0x000002138c447c90
Event: 3.560 Thread 0x000002138c449d60 Thread added: 0x000002138c444180
Event: 4.913 Thread 0x000002138a337940 Thread exited: 0x000002138a337940
Event: 4.913 Thread 0x0000021389eb6d60 Thread exited: 0x0000021389eb6d60
Event: 5.529 Thread 0x00000213831fd7f0 Thread added: 0x0000021389a9e890
Event: 5.532 Thread 0x00000213831ca360 Thread added: 0x000002138a619bf0


Dynamic libraries:
0x00007ff612800000 - 0x00007ff61280e000 	c:\Users\ASUS\.vscode\extensions\redhat.java-1.40.0-win32-x64\jre\21.0.6-win32-x86_64\bin\java.exe
0x00007ff8848b0000 - 0x00007ff884ac7000 	C:\WINDOWS\SYSTEM32\ntdll.dll
0x00007ff882580000 - 0x00007ff882644000 	C:\WINDOWS\System32\KERNEL32.DLL
0x00007ff882030000 - 0x00007ff882401000 	C:\WINDOWS\System32\KERNELBASE.dll
0x00007ff881b80000 - 0x00007ff881c91000 	C:\WINDOWS\System32\ucrtbase.dll
0x00007ff85e8a0000 - 0x00007ff85e8be000 	c:\Users\ASUS\.vscode\extensions\redhat.java-1.40.0-win32-x64\jre\21.0.6-win32-x86_64\bin\VCRUNTIME140.dll
0x00007ff872fe0000 - 0x00007ff872ff8000 	c:\Users\ASUS\.vscode\extensions\redhat.java-1.40.0-win32-x64\jre\21.0.6-win32-x86_64\bin\jli.dll
0x00007ff883730000 - 0x00007ff8838e1000 	C:\WINDOWS\System32\USER32.dll
0x00007ff881b50000 - 0x00007ff881b76000 	C:\WINDOWS\System32\win32u.dll
0x00007ff883fb0000 - 0x00007ff883fd9000 	C:\WINDOWS\System32\GDI32.dll
0x00007ff881d20000 - 0x00007ff881e3b000 	C:\WINDOWS\System32\gdi32full.dll
0x00007ff8697f0000 - 0x00007ff869a82000 	C:\WINDOWS\WinSxS\amd64_microsoft.windows.common-controls_6595b64144ccf1df_6.0.22621.4830_none_270fe7d773858e80\COMCTL32.dll
0x00007ff881ab0000 - 0x00007ff881b4a000 	C:\WINDOWS\System32\msvcp_win.dll
0x00007ff8826d0000 - 0x00007ff882777000 	C:\WINDOWS\System32\msvcrt.dll
0x00007ff884540000 - 0x00007ff884571000 	C:\WINDOWS\System32\IMM32.DLL
0x00007ff870c30000 - 0x00007ff870c3c000 	c:\Users\ASUS\.vscode\extensions\redhat.java-1.40.0-win32-x64\jre\21.0.6-win32-x86_64\bin\vcruntime140_1.dll
0x00007ff84fd80000 - 0x00007ff84fe0d000 	c:\Users\ASUS\.vscode\extensions\redhat.java-1.40.0-win32-x64\jre\21.0.6-win32-x86_64\bin\msvcp140.dll
0x00007fffc7df0000 - 0x00007fffc8b80000 	c:\Users\ASUS\.vscode\extensions\redhat.java-1.40.0-win32-x64\jre\21.0.6-win32-x86_64\bin\server\jvm.dll
0x00007ff884480000 - 0x00007ff884531000 	C:\WINDOWS\System32\ADVAPI32.dll
0x00007ff883ae0000 - 0x00007ff883b87000 	C:\WINDOWS\System32\sechost.dll
0x00007ff882550000 - 0x00007ff882578000 	C:\WINDOWS\System32\bcrypt.dll
0x00007ff8845a0000 - 0x00007ff8846b4000 	C:\WINDOWS\System32\RPCRT4.dll
0x00007ff883c50000 - 0x00007ff883cc1000 	C:\WINDOWS\System32\WS2_32.dll
0x00007ff8808a0000 - 0x00007ff8808ed000 	C:\WINDOWS\SYSTEM32\POWRPROF.dll
0x00007ff8797b0000 - 0x00007ff8797e4000 	C:\WINDOWS\SYSTEM32\WINMM.dll
0x00007ff87a720000 - 0x00007ff87a72a000 	C:\WINDOWS\SYSTEM32\VERSION.dll
0x00007ff880880000 - 0x00007ff880893000 	C:\WINDOWS\SYSTEM32\UMPDC.dll
0x00007ff880ad0000 - 0x00007ff880ae8000 	C:\WINDOWS\SYSTEM32\kernel.appcore.dll
0x00007ff86efe0000 - 0x00007ff86efea000 	c:\Users\ASUS\.vscode\extensions\redhat.java-1.40.0-win32-x64\jre\21.0.6-win32-x86_64\bin\jimage.dll
0x00007ff87f4b0000 - 0x00007ff87f6e2000 	C:\WINDOWS\SYSTEM32\DBGHELP.DLL
0x00007ff883fe0000 - 0x00007ff884370000 	C:\WINDOWS\System32\combase.dll
0x00007ff883a00000 - 0x00007ff883ad7000 	C:\WINDOWS\System32\OLEAUT32.dll
0x00007ff877b50000 - 0x00007ff877b82000 	C:\WINDOWS\SYSTEM32\dbgcore.DLL
0x00007ff881ca0000 - 0x00007ff881d1b000 	C:\WINDOWS\System32\bcryptPrimitives.dll
0x00007ff86ed20000 - 0x00007ff86ed2f000 	c:\Users\ASUS\.vscode\extensions\redhat.java-1.40.0-win32-x64\jre\21.0.6-win32-x86_64\bin\instrument.dll
0x00007ff85e650000 - 0x00007ff85e66f000 	c:\Users\ASUS\.vscode\extensions\redhat.java-1.40.0-win32-x64\jre\21.0.6-win32-x86_64\bin\java.dll
0x00007ff8827e0000 - 0x00007ff883068000 	C:\WINDOWS\System32\SHELL32.dll
0x00007ff882410000 - 0x00007ff88254f000 	C:\WINDOWS\System32\wintypes.dll
0x00007ff87f960000 - 0x00007ff88026d000 	C:\WINDOWS\SYSTEM32\windows.storage.dll
0x00007ff884370000 - 0x00007ff88447a000 	C:\WINDOWS\System32\SHCORE.dll
0x00007ff8838f0000 - 0x00007ff88394e000 	C:\WINDOWS\System32\shlwapi.dll
0x00007ff881920000 - 0x00007ff88194b000 	C:\WINDOWS\SYSTEM32\profapi.dll
0x00007ff8520d0000 - 0x00007ff8520e8000 	c:\Users\ASUS\.vscode\extensions\redhat.java-1.40.0-win32-x64\jre\21.0.6-win32-x86_64\bin\zip.dll
0x00007ff86ecf0000 - 0x00007ff86ed00000 	C:\Users\ASUS\.vscode\extensions\redhat.java-1.40.0-win32-x64\jre\21.0.6-win32-x86_64\bin\net.dll
0x00007ff87b810000 - 0x00007ff87b93c000 	C:\WINDOWS\SYSTEM32\WINHTTP.dll
0x00007ff880fa0000 - 0x00007ff88100a000 	C:\WINDOWS\system32\mswsock.dll
0x00007ff850c10000 - 0x00007ff850c26000 	C:\Users\ASUS\.vscode\extensions\redhat.java-1.40.0-win32-x64\jre\21.0.6-win32-x86_64\bin\nio.dll
0x00007ff8681c0000 - 0x00007ff8681d0000 	c:\Users\ASUS\.vscode\extensions\redhat.java-1.40.0-win32-x64\jre\21.0.6-win32-x86_64\bin\verify.dll
0x00007ff846ae0000 - 0x00007ff846b25000 	C:\Users\ASUS\AppData\Roaming\Code\User\globalStorage\redhat.java\1.40.0\config_ss_win\org.eclipse.equinox.launcher\org.eclipse.equinox.launcher.win32.win32.x86_64_1.2.1200.v20250212-0927\eclipse_11909.dll
0x00007ff8846c0000 - 0x00007ff884861000 	C:\WINDOWS\System32\ole32.dll
0x00007ff8811f0000 - 0x00007ff88120b000 	C:\WINDOWS\SYSTEM32\CRYPTSP.dll
0x00007ff880a90000 - 0x00007ff880ac7000 	C:\WINDOWS\system32\rsaenh.dll
0x00007ff881090000 - 0x00007ff8810b8000 	C:\WINDOWS\SYSTEM32\USERENV.dll
0x00007ff881210000 - 0x00007ff88121c000 	C:\WINDOWS\SYSTEM32\CRYPTBASE.dll
0x00007ff880540000 - 0x00007ff88056d000 	C:\WINDOWS\SYSTEM32\IPHLPAPI.DLL
0x00007ff883b90000 - 0x00007ff883b99000 	C:\WINDOWS\System32\NSI.dll
0x00007ff83a9a0000 - 0x00007ff83a9e9000 	C:\Users\ASUS\AppData\Local\Temp\jna-2018896\jna10816575326218732056.dll
0x00007ff884590000 - 0x00007ff884598000 	C:\WINDOWS\System32\PSAPI.DLL
0x00007ff87bae0000 - 0x00007ff87baf9000 	C:\WINDOWS\SYSTEM32\dhcpcsvc6.DLL
0x00007ff87b140000 - 0x00007ff87b15f000 	C:\WINDOWS\SYSTEM32\dhcpcsvc.DLL

dbghelp: loaded successfully - version: 4.0.5 - missing functions: none
symbol engine: initialized successfully - sym options: 0x614 - pdb path: .;c:\Users\ASUS\.vscode\extensions\redhat.java-1.40.0-win32-x64\jre\21.0.6-win32-x86_64\bin;C:\WINDOWS\SYSTEM32;C:\WINDOWS\WinSxS\amd64_microsoft.windows.common-controls_6595b64144ccf1df_6.0.22621.4830_none_270fe7d773858e80;c:\Users\ASUS\.vscode\extensions\redhat.java-1.40.0-win32-x64\jre\21.0.6-win32-x86_64\bin\server;C:\Users\ASUS\AppData\Roaming\Code\User\globalStorage\redhat.java\1.40.0\config_ss_win\org.eclipse.equinox.launcher\org.eclipse.equinox.launcher.win32.win32.x86_64_1.2.1200.v20250212-0927;C:\Users\ASUS\AppData\Local\Temp\jna-2018896

VM Arguments:
jvm_args: --add-modules=ALL-SYSTEM --add-opens=java.base/java.util=ALL-UNNAMED --add-opens=java.base/java.lang=ALL-UNNAMED --add-opens=java.base/sun.nio.fs=ALL-UNNAMED -Declipse.application=org.eclipse.jdt.ls.core.id1 -Dosgi.bundles.defaultStartLevel=4 -Declipse.product=org.eclipse.jdt.ls.core.product -Djava.import.generatesMetadataFilesAtProjectRoot=false -DDetectVMInstallationsJob.disabled=true -Dfile.encoding=utf8 -XX:+UseParallelGC -XX:GCTimeRatio=4 -XX:AdaptiveSizePolicyWeight=90 -Dsun.zip.disableMemoryMapping=true -Xmx1G -Xms100m -Xlog:disable -javaagent:c:\Users\ASUS\.vscode\extensions\redhat.java-1.40.0-win32-x64\lombok\lombok-1.18.36.jar 
java_command: c:\Users\ASUS\.vscode\extensions\redhat.java-1.40.0-win32-x64\server\plugins\org.eclipse.equinox.launcher_1.6.1000.v20250131-0606.jar -configuration c:\Users\ASUS\AppData\Roaming\Code\User\globalStorage\redhat.java\1.40.0\config_ss_win -data c:\Users\ASUS\AppData\Roaming\Code\User\workspaceStorage\b386038ac4fada495da08a274342fa16\redhat.java\ss_ws --pipe=\\.\pipe\lsp-7a0d859f69f9391f7b39a79898f80cc3-sock
java_class_path (initial): c:\Users\ASUS\.vscode\extensions\redhat.java-1.40.0-win32-x64\server\plugins\org.eclipse.equinox.launcher_1.6.1000.v20250131-0606.jar
Launcher Type: SUN_STANDARD

[Global flags]
    uintx AdaptiveSizePolicyWeight                 = 90                                        {product} {command line}
     intx CICompilerCount                          = 4                                         {product} {ergonomic}
    uintx GCTimeRatio                              = 4                                         {product} {command line}
   size_t InitialHeapSize                          = 104857600                                 {product} {command line}
   size_t MaxHeapSize                              = 1073741824                                {product} {command line}
   size_t MaxNewSize                               = 357564416                                 {product} {ergonomic}
   size_t MinHeapDeltaBytes                        = 524288                                    {product} {ergonomic}
   size_t MinHeapSize                              = 104857600                                 {product} {command line}
   size_t NewSize                                  = 34603008                                  {product} {ergonomic}
    uintx NonNMethodCodeHeapSize                   = 5839372                                {pd product} {ergonomic}
    uintx NonProfiledCodeHeapSize                  = 122909434                              {pd product} {ergonomic}
   size_t OldSize                                  = 70254592                                  {product} {ergonomic}
    uintx ProfiledCodeHeapSize                     = 122909434                              {pd product} {ergonomic}
    uintx ReservedCodeCacheSize                    = 251658240                              {pd product} {ergonomic}
     bool SegmentedCodeCache                       = true                                      {product} {ergonomic}
   size_t SoftMaxHeapSize                          = 1073741824                             {manageable} {ergonomic}
     bool UseCompressedOops                        = true                           {product lp64_product} {ergonomic}
     bool UseLargePagesIndividualAllocation        = false                                  {pd product} {ergonomic}
     bool UseParallelGC                            = true                                      {product} {command line}

Logging:
Log output configuration:
 #0: stdout all=off uptime,level,tags foldmultilines=false
 #1: stderr all=off uptime,level,tags foldmultilines=false

Environment Variables:
JAVA_HOME=C:\Users\ASUS\AppData\Local\Programs\Eclipse Adoptium\jdk-17.0.8.101-hotspot\
PATH=C:\Users\ASUS\AppData\Local\cloud-code\installer\google-cloud-sdk\bin;C:\Program Files\jdk-21.0.5\bin;C:\Users\ASUS\AppData\Local\Programs\Python\Python312\Scripts\;C:\Users\ASUS\AppData\Local\Programs\Python\Python312\;C:\Program Files (x86)\Common Files\Oracle\Java\javapath;C:\ProgramData\Oracle\Java\javapath;C:\Windows\system32;C:\Windows;C:\Windows\System32\Wbem;C:\Windows\System32\WindowsPowerShell\v1.0\;C:\Windows\System32\OpenSSH\;C:\Program Files (x86)\NVIDIA Corporation\PhysX\Common;C:\Program Files\NVIDIA Corporation\NVIDIA NvDLISR;C:\Program Files\Calibre2\;C:\WINDOWS\system32;C:\WINDOWS;C:\WINDOWS\System32\Wbem;C:\WINDOWS\System32\WindowsPowerShell\v1.0\;C:\WINDOWS\System32\OpenSSH\;C:\Program Files\Git\cmd;C:\Program Files\nodejs\;C:\ProgramData\chocolatey\bin;C:\Program Files\MySQL\MySQL Shell 8.0\bin\;C:\Users\ASUS\AppData\Local\Programs\Eclipse Adoptium\jdk-17.0.8.101-hotspot\bin;C:\Users\ASUS\AppData\Local\Microsoft\WindowsApps;C:\Users\ASUS\AppData\Local\Programs\Microsoft VS Code\bin;C:\msys64\ucrt64\bin;C:\Users\ASUS\AppData\Local\GitHubDesktop\bin;C:\Users\ASUS\AppData\Roaming\npm;C:\Users\ASUS\AppData\Local\Programs\Python\Python312\python.exe;
USERNAME=ASUS
OS=Windows_NT
PROCESSOR_IDENTIFIER=Intel64 Family 6 Model 140 Stepping 1, GenuineIntel
TMP=C:\Users\ASUS\AppData\Local\Temp
TEMP=C:\Users\ASUS\AppData\Local\Temp




Periodic native trim disabled

---------------  S Y S T E M  ---------------

OS:
 Windows 11 , 64 bit Build 22621 (10.0.22621.4974)
OS uptime: 4 days 6:14 hours

CPU: total 8 (initial active 8) (4 cores per cpu, 2 threads per core) family 6 model 140 stepping 1 microcode 0x86, cx8, cmov, fxsr, ht, mmx, 3dnowpref, sse, sse2, sse3, ssse3, sse4.1, sse4.2, popcnt, lzcnt, tsc, tscinvbit, avx, avx2, aes, erms, clmul, bmi1, bmi2, adx, avx512f, avx512dq, avx512cd, avx512bw, avx512vl, sha, fma, vzeroupper, avx512_vpopcntdq, avx512_vpclmulqdq, avx512_vaes, avx512_vnni, clflush, clflushopt, clwb, avx512_vbmi2, avx512_vbmi, rdtscp, rdpid, fsrm, gfni, avx512_bitalg, f16c, pku, cet_ibt, cet_ss, avx512_ifma
Processor Information for the first 8 processors :
  Max Mhz: 3302, Current Mhz: 3302, Mhz Limit: 3302

Memory: 4k page, system-wide physical 16075M (3296M free)
TotalPageFile size 20267M (AvailPageFile size 7M)
current process WorkingSet (physical memory assigned to process): 199M, peak: 208M
current process commit charge ("private bytes"): 279M, peak: 306M

vm_info: OpenJDK 64-Bit Server VM (21.0.6+7-LTS) for windows-amd64 JRE (21.0.6+7-LTS), built on 2025-01-21T00:00:00Z by "admin" with MS VC++ 17.7 (VS2022)

END.
