#
# There is insufficient memory for the Java Runtime Environment to continue.
# Native memory allocation (malloc) failed to allocate 48016 bytes for Chunk::new
# Possible reasons:
#   The system is out of physical RAM or swap space
#   The process is running with CompressedOops enabled, and the Java Heap may be blocking the growth of the native heap
# Possible solutions:
#   Reduce memory load on the system
#   Increase physical memory or swap space
#   Check if swap backing store is full
#   Decrease Java heap size (-Xmx/-Xms)
#   Decrease number of Java threads
#   Decrease Java thread stack sizes (-Xss)
#   Set larger code cache with -XX:ReservedCodeCacheSize=
#   JVM is running with Zero Based Compressed Oops mode in which the Java heap is
#     placed in the first 32GB address space. The Java Heap base address is the
#     maximum limit for the native heap growth. Please use -XX:HeapBaseMinAddress
#     to set the Java Heap base and to place the Java Heap above 32GB virtual address.
# This output file may be truncated or incomplete.
#
#  Out of Memory Error (arena.cpp:168), pid=18908, tid=5992
#
# JRE version: Java(TM) SE Runtime Environment (21.0.5+9) (build 21.0.5+9-LTS-239)
# Java VM: Java HotSpot(TM) 64-Bit Server VM (21.0.5+9-LTS-239, mixed mode, sharing, tiered, compressed oops, compressed class ptrs, g1 gc, windows-amd64)
# No core dump will be written. Minidumps are not enabled by default on client versions of Windows
#

---------------  S U M M A R Y ------------

Command Line: parade.ParadeTester

Host: 11th Gen Intel(R) Core(TM) i7-11370H @ 3.30GHz, 8 cores, 15G,  Windows 11 , 64 bit Build 22621 (10.0.22621.4974)
Time: Mon Mar 17 23:54:23 2025 Malay Peninsula Standard Time elapsed time: 0.174446 seconds (0d 0h 0m 0s)

---------------  T H R E A D  ---------------

Current thread (0x00000199dcf83550):  JavaThread "C2 CompilerThread0" daemon [_thread_in_native, id=5992, stack(0x00000061d7d00000,0x00000061d7e00000) (1024K)]


Current CompileTask:
C2:    174  156       4       java.util.regex.Pattern$BmpCharPropertyGreedy::match (89 bytes)

Stack: [0x00000061d7d00000,0x00000061d7e00000]
Native frames: (J=compiled Java code, j=interpreted, Vv=VM code, C=native code)
V  [jvm.dll+0x6ca289]
V  [jvm.dll+0x854a51]
V  [jvm.dll+0x856f7e]
V  [jvm.dll+0x857653]
V  [jvm.dll+0x27dd26]
V  [jvm.dll+0xc4c2d]
V  [jvm.dll+0xc5163]
V  [jvm.dll+0x2f0ccd]
V  [jvm.dll+0x5f4ffa]
V  [jvm.dll+0x24f882]
V  [jvm.dll+0x24829c]
V  [jvm.dll+0x245de4]
V  [jvm.dll+0x1c6d0e]
V  [jvm.dll+0x2554d9]
V  [jvm.dll+0x253a6a]
V  [jvm.dll+0x3ee136]
V  [jvm.dll+0x7fee9b]
V  [jvm.dll+0x6c896d]
C  [ucrtbase.dll+0x29333]
C  [KERNEL32.DLL+0x1259d]
C  [ntdll.dll+0x5af38]


---------------  P R O C E S S  ---------------

Threads class SMR info:
_java_thread_list=0x0000019a22256f30, length=11, elements={
0x00000199bdeff4c0, 0x00000199dcf69f40, 0x00000199dcf6b470, 0x00000199dcf6dc20,
0x00000199dcf71690, 0x00000199dcf72440, 0x00000199dcf74ea0, 0x00000199dcf83550,
0x00000199dcfa7010, 0x0000019a22278720, 0x0000019a2227b990
}

Java Threads: ( => current thread )
  0x00000199bdeff4c0 JavaThread "main"                              [_thread_in_native, id=8696, stack(0x00000061d6f00000,0x00000061d7000000) (1024K)]
  0x00000199dcf69f40 JavaThread "Reference Handler"          daemon [_thread_blocked, id=21992, stack(0x00000061d7700000,0x00000061d7800000) (1024K)]
  0x00000199dcf6b470 JavaThread "Finalizer"                  daemon [_thread_blocked, id=10532, stack(0x00000061d7800000,0x00000061d7900000) (1024K)]
  0x00000199dcf6dc20 JavaThread "Signal Dispatcher"          daemon [_thread_blocked, id=11236, stack(0x00000061d7900000,0x00000061d7a00000) (1024K)]
  0x00000199dcf71690 JavaThread "Attach Listener"            daemon [_thread_blocked, id=28444, stack(0x00000061d7a00000,0x00000061d7b00000) (1024K)]
  0x00000199dcf72440 JavaThread "Service Thread"             daemon [_thread_blocked, id=25844, stack(0x00000061d7b00000,0x00000061d7c00000) (1024K)]
  0x00000199dcf74ea0 JavaThread "Monitor Deflation Thread"   daemon [_thread_blocked, id=23488, stack(0x00000061d7c00000,0x00000061d7d00000) (1024K)]
=>0x00000199dcf83550 JavaThread "C2 CompilerThread0"         daemon [_thread_in_native, id=5992, stack(0x00000061d7d00000,0x00000061d7e00000) (1024K)]
  0x00000199dcfa7010 JavaThread "C1 CompilerThread0"         daemon [_thread_blocked, id=24564, stack(0x00000061d7e00000,0x00000061d7f00000) (1024K)]
  0x0000019a22278720 JavaThread "Notification Thread"        daemon [_thread_blocked, id=18088, stack(0x00000061d7f00000,0x00000061d8000000) (1024K)]
  0x0000019a2227b990 JavaThread "Common-Cleaner"             daemon [_thread_blocked, id=22416, stack(0x00000061d8000000,0x00000061d8100000) (1024K)]
Total: 11

Other Threads:
  0x00000199bbc4c9e0 VMThread "VM Thread"                           [id=26328, stack(0x00000061d7600000,0x00000061d7700000) (1024K)]
  0x00000199dcf40bd0 WatcherThread "VM Periodic Task Thread"        [id=11684, stack(0x00000061d7500000,0x00000061d7600000) (1024K)]
  0x00000199bbc4d120 WorkerThread "GC Thread#0"                     [id=28288, stack(0x00000061d7000000,0x00000061d7100000) (1024K)]
  0x00000199bdf70090 ConcurrentGCThread "G1 Main Marker"            [id=10672, stack(0x00000061d7100000,0x00000061d7200000) (1024K)]
  0x00000199bbc4d4c0 WorkerThread "G1 Conc#0"                       [id=20320, stack(0x00000061d7200000,0x00000061d7300000) (1024K)]
  0x00000199dce0f160 ConcurrentGCThread "G1 Refine#0"               [id=11036, stack(0x00000061d7300000,0x00000061d7400000) (1024K)]
  0x00000199dce0f980 ConcurrentGCThread "G1 Service"                [id=17180, stack(0x00000061d7400000,0x00000061d7500000) (1024K)]
Total: 7

Threads with active compile tasks:
C2 CompilerThread0      208  156       4       java.util.regex.Pattern$BmpCharPropertyGreedy::match (89 bytes)
Total: 1

VM state: not at safepoint (normal execution)

VM Mutex/Monitor currently owned by a thread: None

Heap address: 0x0000000704c00000, size: 4020 MB, Compressed Oops mode: Zero based, Oop shift amount: 3

CDS archive(s) mapped at: [0x00000199dd000000-0x00000199ddc90000-0x00000199ddc90000), size 13172736, SharedBaseAddress: 0x00000199dd000000, ArchiveRelocationMode: 1.
Compressed class space mapped at: 0x00000199de000000-0x0000019a1e000000, reserved size: 1073741824
Narrow klass base: 0x00000199dd000000, Narrow klass shift: 0, Narrow klass range: 0x100000000

GC Precious Log:
 CardTable entry size: 512
 Card Set container configuration: InlinePtr #cards 4 size 8 Array Of Cards #cards 16 size 48 Howl #buckets 8 coarsen threshold 3686 Howl Bitmap #cards 512 size 80 coarsen threshold 460 Card regions per heap region 1 cards per card region 4096
 CPUs: 8 total, 8 available
 Memory: 16075M
 Large Page Support: Disabled
 NUMA Support: Disabled
 Compressed Oops: Enabled (Zero based)
 Heap Region Size: 2M
 Heap Min Capacity: 8M
 Heap Initial Capacity: 252M
 Heap Max Capacity: 4020M
 Pre-touch: Disabled
 Parallel Workers: 8
 Concurrent Workers: 2
 Concurrent Refinement Workers: 8
 Periodic GC: Disabled

Heap:
 garbage-first heap   total 258048K, used 2048K [0x0000000704c00000, 0x0000000800000000)
  region size 2048K, 2 young (4096K), 0 survivors (0K)
 Metaspace       used 499K, committed 704K, reserved 1114112K
  class space    used 37K, committed 128K, reserved 1048576K

Heap Regions: E=young(eden), S=young(survivor), O=old, HS=humongous(starts), HC=humongous(continues), CS=collection set, F=free, TAMS=top-at-mark-start, PB=parsable bottom
|   0|0x0000000704c00000, 0x0000000704c00000, 0x0000000704e00000|  0%| F|  |TAMS 0x0000000704c00000| PB 0x0000000704c00000| Untracked 
|   1|0x0000000704e00000, 0x0000000704e00000, 0x0000000705000000|  0%| F|  |TAMS 0x0000000704e00000| PB 0x0000000704e00000| Untracked 
|   2|0x0000000705000000, 0x0000000705000000, 0x0000000705200000|  0%| F|  |TAMS 0x0000000705000000| PB 0x0000000705000000| Untracked 
|   3|0x0000000705200000, 0x0000000705200000, 0x0000000705400000|  0%| F|  |TAMS 0x0000000705200000| PB 0x0000000705200000| Untracked 
|   4|0x0000000705400000, 0x0000000705400000, 0x0000000705600000|  0%| F|  |TAMS 0x0000000705400000| PB 0x0000000705400000| Untracked 
|   5|0x0000000705600000, 0x0000000705600000, 0x0000000705800000|  0%| F|  |TAMS 0x0000000705600000| PB 0x0000000705600000| Untracked 
|   6|0x0000000705800000, 0x0000000705800000, 0x0000000705a00000|  0%| F|  |TAMS 0x0000000705800000| PB 0x0000000705800000| Untracked 
|   7|0x0000000705a00000, 0x0000000705a00000, 0x0000000705c00000|  0%| F|  |TAMS 0x0000000705a00000| PB 0x0000000705a00000| Untracked 
|   8|0x0000000705c00000, 0x0000000705c00000, 0x0000000705e00000|  0%| F|  |TAMS 0x0000000705c00000| PB 0x0000000705c00000| Untracked 
|   9|0x0000000705e00000, 0x0000000705e00000, 0x0000000706000000|  0%| F|  |TAMS 0x0000000705e00000| PB 0x0000000705e00000| Untracked 
|  10|0x0000000706000000, 0x0000000706000000, 0x0000000706200000|  0%| F|  |TAMS 0x0000000706000000| PB 0x0000000706000000| Untracked 
|  11|0x0000000706200000, 0x0000000706200000, 0x0000000706400000|  0%| F|  |TAMS 0x0000000706200000| PB 0x0000000706200000| Untracked 
|  12|0x0000000706400000, 0x0000000706400000, 0x0000000706600000|  0%| F|  |TAMS 0x0000000706400000| PB 0x0000000706400000| Untracked 
|  13|0x0000000706600000, 0x0000000706600000, 0x0000000706800000|  0%| F|  |TAMS 0x0000000706600000| PB 0x0000000706600000| Untracked 
|  14|0x0000000706800000, 0x0000000706800000, 0x0000000706a00000|  0%| F|  |TAMS 0x0000000706800000| PB 0x0000000706800000| Untracked 
|  15|0x0000000706a00000, 0x0000000706a00000, 0x0000000706c00000|  0%| F|  |TAMS 0x0000000706a00000| PB 0x0000000706a00000| Untracked 
|  16|0x0000000706c00000, 0x0000000706c00000, 0x0000000706e00000|  0%| F|  |TAMS 0x0000000706c00000| PB 0x0000000706c00000| Untracked 
|  17|0x0000000706e00000, 0x0000000706e00000, 0x0000000707000000|  0%| F|  |TAMS 0x0000000706e00000| PB 0x0000000706e00000| Untracked 
|  18|0x0000000707000000, 0x0000000707000000, 0x0000000707200000|  0%| F|  |TAMS 0x0000000707000000| PB 0x0000000707000000| Untracked 
|  19|0x0000000707200000, 0x0000000707200000, 0x0000000707400000|  0%| F|  |TAMS 0x0000000707200000| PB 0x0000000707200000| Untracked 
|  20|0x0000000707400000, 0x0000000707400000, 0x0000000707600000|  0%| F|  |TAMS 0x0000000707400000| PB 0x0000000707400000| Untracked 
|  21|0x0000000707600000, 0x0000000707600000, 0x0000000707800000|  0%| F|  |TAMS 0x0000000707600000| PB 0x0000000707600000| Untracked 
|  22|0x0000000707800000, 0x0000000707800000, 0x0000000707a00000|  0%| F|  |TAMS 0x0000000707800000| PB 0x0000000707800000| Untracked 
|  23|0x0000000707a00000, 0x0000000707a00000, 0x0000000707c00000|  0%| F|  |TAMS 0x0000000707a00000| PB 0x0000000707a00000| Untracked 
|  24|0x0000000707c00000, 0x0000000707c00000, 0x0000000707e00000|  0%| F|  |TAMS 0x0000000707c00000| PB 0x0000000707c00000| Untracked 
|  25|0x0000000707e00000, 0x0000000707e00000, 0x0000000708000000|  0%| F|  |TAMS 0x0000000707e00000| PB 0x0000000707e00000| Untracked 
|  26|0x0000000708000000, 0x0000000708000000, 0x0000000708200000|  0%| F|  |TAMS 0x0000000708000000| PB 0x0000000708000000| Untracked 
|  27|0x0000000708200000, 0x0000000708200000, 0x0000000708400000|  0%| F|  |TAMS 0x0000000708200000| PB 0x0000000708200000| Untracked 
|  28|0x0000000708400000, 0x0000000708400000, 0x0000000708600000|  0%| F|  |TAMS 0x0000000708400000| PB 0x0000000708400000| Untracked 
|  29|0x0000000708600000, 0x0000000708600000, 0x0000000708800000|  0%| F|  |TAMS 0x0000000708600000| PB 0x0000000708600000| Untracked 
|  30|0x0000000708800000, 0x0000000708800000, 0x0000000708a00000|  0%| F|  |TAMS 0x0000000708800000| PB 0x0000000708800000| Untracked 
|  31|0x0000000708a00000, 0x0000000708a00000, 0x0000000708c00000|  0%| F|  |TAMS 0x0000000708a00000| PB 0x0000000708a00000| Untracked 
|  32|0x0000000708c00000, 0x0000000708c00000, 0x0000000708e00000|  0%| F|  |TAMS 0x0000000708c00000| PB 0x0000000708c00000| Untracked 
|  33|0x0000000708e00000, 0x0000000708e00000, 0x0000000709000000|  0%| F|  |TAMS 0x0000000708e00000| PB 0x0000000708e00000| Untracked 
|  34|0x0000000709000000, 0x0000000709000000, 0x0000000709200000|  0%| F|  |TAMS 0x0000000709000000| PB 0x0000000709000000| Untracked 
|  35|0x0000000709200000, 0x0000000709200000, 0x0000000709400000|  0%| F|  |TAMS 0x0000000709200000| PB 0x0000000709200000| Untracked 
|  36|0x0000000709400000, 0x0000000709400000, 0x0000000709600000|  0%| F|  |TAMS 0x0000000709400000| PB 0x0000000709400000| Untracked 
|  37|0x0000000709600000, 0x0000000709600000, 0x0000000709800000|  0%| F|  |TAMS 0x0000000709600000| PB 0x0000000709600000| Untracked 
|  38|0x0000000709800000, 0x0000000709800000, 0x0000000709a00000|  0%| F|  |TAMS 0x0000000709800000| PB 0x0000000709800000| Untracked 
|  39|0x0000000709a00000, 0x0000000709a00000, 0x0000000709c00000|  0%| F|  |TAMS 0x0000000709a00000| PB 0x0000000709a00000| Untracked 
|  40|0x0000000709c00000, 0x0000000709c00000, 0x0000000709e00000|  0%| F|  |TAMS 0x0000000709c00000| PB 0x0000000709c00000| Untracked 
|  41|0x0000000709e00000, 0x0000000709e00000, 0x000000070a000000|  0%| F|  |TAMS 0x0000000709e00000| PB 0x0000000709e00000| Untracked 
|  42|0x000000070a000000, 0x000000070a000000, 0x000000070a200000|  0%| F|  |TAMS 0x000000070a000000| PB 0x000000070a000000| Untracked 
|  43|0x000000070a200000, 0x000000070a200000, 0x000000070a400000|  0%| F|  |TAMS 0x000000070a200000| PB 0x000000070a200000| Untracked 
|  44|0x000000070a400000, 0x000000070a400000, 0x000000070a600000|  0%| F|  |TAMS 0x000000070a400000| PB 0x000000070a400000| Untracked 
|  45|0x000000070a600000, 0x000000070a600000, 0x000000070a800000|  0%| F|  |TAMS 0x000000070a600000| PB 0x000000070a600000| Untracked 
|  46|0x000000070a800000, 0x000000070a800000, 0x000000070aa00000|  0%| F|  |TAMS 0x000000070a800000| PB 0x000000070a800000| Untracked 
|  47|0x000000070aa00000, 0x000000070aa00000, 0x000000070ac00000|  0%| F|  |TAMS 0x000000070aa00000| PB 0x000000070aa00000| Untracked 
|  48|0x000000070ac00000, 0x000000070ac00000, 0x000000070ae00000|  0%| F|  |TAMS 0x000000070ac00000| PB 0x000000070ac00000| Untracked 
|  49|0x000000070ae00000, 0x000000070ae00000, 0x000000070b000000|  0%| F|  |TAMS 0x000000070ae00000| PB 0x000000070ae00000| Untracked 
|  50|0x000000070b000000, 0x000000070b000000, 0x000000070b200000|  0%| F|  |TAMS 0x000000070b000000| PB 0x000000070b000000| Untracked 
|  51|0x000000070b200000, 0x000000070b200000, 0x000000070b400000|  0%| F|  |TAMS 0x000000070b200000| PB 0x000000070b200000| Untracked 
|  52|0x000000070b400000, 0x000000070b400000, 0x000000070b600000|  0%| F|  |TAMS 0x000000070b400000| PB 0x000000070b400000| Untracked 
|  53|0x000000070b600000, 0x000000070b600000, 0x000000070b800000|  0%| F|  |TAMS 0x000000070b600000| PB 0x000000070b600000| Untracked 
|  54|0x000000070b800000, 0x000000070b800000, 0x000000070ba00000|  0%| F|  |TAMS 0x000000070b800000| PB 0x000000070b800000| Untracked 
|  55|0x000000070ba00000, 0x000000070ba00000, 0x000000070bc00000|  0%| F|  |TAMS 0x000000070ba00000| PB 0x000000070ba00000| Untracked 
|  56|0x000000070bc00000, 0x000000070bc00000, 0x000000070be00000|  0%| F|  |TAMS 0x000000070bc00000| PB 0x000000070bc00000| Untracked 
|  57|0x000000070be00000, 0x000000070be00000, 0x000000070c000000|  0%| F|  |TAMS 0x000000070be00000| PB 0x000000070be00000| Untracked 
|  58|0x000000070c000000, 0x000000070c000000, 0x000000070c200000|  0%| F|  |TAMS 0x000000070c000000| PB 0x000000070c000000| Untracked 
|  59|0x000000070c200000, 0x000000070c200000, 0x000000070c400000|  0%| F|  |TAMS 0x000000070c200000| PB 0x000000070c200000| Untracked 
|  60|0x000000070c400000, 0x000000070c400000, 0x000000070c600000|  0%| F|  |TAMS 0x000000070c400000| PB 0x000000070c400000| Untracked 
|  61|0x000000070c600000, 0x000000070c600000, 0x000000070c800000|  0%| F|  |TAMS 0x000000070c600000| PB 0x000000070c600000| Untracked 
|  62|0x000000070c800000, 0x000000070c800000, 0x000000070ca00000|  0%| F|  |TAMS 0x000000070c800000| PB 0x000000070c800000| Untracked 
|  63|0x000000070ca00000, 0x000000070ca00000, 0x000000070cc00000|  0%| F|  |TAMS 0x000000070ca00000| PB 0x000000070ca00000| Untracked 
|  64|0x000000070cc00000, 0x000000070cc00000, 0x000000070ce00000|  0%| F|  |TAMS 0x000000070cc00000| PB 0x000000070cc00000| Untracked 
|  65|0x000000070ce00000, 0x000000070ce00000, 0x000000070d000000|  0%| F|  |TAMS 0x000000070ce00000| PB 0x000000070ce00000| Untracked 
|  66|0x000000070d000000, 0x000000070d000000, 0x000000070d200000|  0%| F|  |TAMS 0x000000070d000000| PB 0x000000070d000000| Untracked 
|  67|0x000000070d200000, 0x000000070d200000, 0x000000070d400000|  0%| F|  |TAMS 0x000000070d200000| PB 0x000000070d200000| Untracked 
|  68|0x000000070d400000, 0x000000070d400000, 0x000000070d600000|  0%| F|  |TAMS 0x000000070d400000| PB 0x000000070d400000| Untracked 
|  69|0x000000070d600000, 0x000000070d600000, 0x000000070d800000|  0%| F|  |TAMS 0x000000070d600000| PB 0x000000070d600000| Untracked 
|  70|0x000000070d800000, 0x000000070d800000, 0x000000070da00000|  0%| F|  |TAMS 0x000000070d800000| PB 0x000000070d800000| Untracked 
|  71|0x000000070da00000, 0x000000070da00000, 0x000000070dc00000|  0%| F|  |TAMS 0x000000070da00000| PB 0x000000070da00000| Untracked 
|  72|0x000000070dc00000, 0x000000070dc00000, 0x000000070de00000|  0%| F|  |TAMS 0x000000070dc00000| PB 0x000000070dc00000| Untracked 
|  73|0x000000070de00000, 0x000000070de00000, 0x000000070e000000|  0%| F|  |TAMS 0x000000070de00000| PB 0x000000070de00000| Untracked 
|  74|0x000000070e000000, 0x000000070e000000, 0x000000070e200000|  0%| F|  |TAMS 0x000000070e000000| PB 0x000000070e000000| Untracked 
|  75|0x000000070e200000, 0x000000070e200000, 0x000000070e400000|  0%| F|  |TAMS 0x000000070e200000| PB 0x000000070e200000| Untracked 
|  76|0x000000070e400000, 0x000000070e400000, 0x000000070e600000|  0%| F|  |TAMS 0x000000070e400000| PB 0x000000070e400000| Untracked 
|  77|0x000000070e600000, 0x000000070e600000, 0x000000070e800000|  0%| F|  |TAMS 0x000000070e600000| PB 0x000000070e600000| Untracked 
|  78|0x000000070e800000, 0x000000070e800000, 0x000000070ea00000|  0%| F|  |TAMS 0x000000070e800000| PB 0x000000070e800000| Untracked 
|  79|0x000000070ea00000, 0x000000070ea00000, 0x000000070ec00000|  0%| F|  |TAMS 0x000000070ea00000| PB 0x000000070ea00000| Untracked 
|  80|0x000000070ec00000, 0x000000070ec00000, 0x000000070ee00000|  0%| F|  |TAMS 0x000000070ec00000| PB 0x000000070ec00000| Untracked 
|  81|0x000000070ee00000, 0x000000070ee00000, 0x000000070f000000|  0%| F|  |TAMS 0x000000070ee00000| PB 0x000000070ee00000| Untracked 
|  82|0x000000070f000000, 0x000000070f000000, 0x000000070f200000|  0%| F|  |TAMS 0x000000070f000000| PB 0x000000070f000000| Untracked 
|  83|0x000000070f200000, 0x000000070f200000, 0x000000070f400000|  0%| F|  |TAMS 0x000000070f200000| PB 0x000000070f200000| Untracked 
|  84|0x000000070f400000, 0x000000070f400000, 0x000000070f600000|  0%| F|  |TAMS 0x000000070f400000| PB 0x000000070f400000| Untracked 
|  85|0x000000070f600000, 0x000000070f600000, 0x000000070f800000|  0%| F|  |TAMS 0x000000070f600000| PB 0x000000070f600000| Untracked 
|  86|0x000000070f800000, 0x000000070f800000, 0x000000070fa00000|  0%| F|  |TAMS 0x000000070f800000| PB 0x000000070f800000| Untracked 
|  87|0x000000070fa00000, 0x000000070fa00000, 0x000000070fc00000|  0%| F|  |TAMS 0x000000070fa00000| PB 0x000000070fa00000| Untracked 
|  88|0x000000070fc00000, 0x000000070fc00000, 0x000000070fe00000|  0%| F|  |TAMS 0x000000070fc00000| PB 0x000000070fc00000| Untracked 
|  89|0x000000070fe00000, 0x000000070fe00000, 0x0000000710000000|  0%| F|  |TAMS 0x000000070fe00000| PB 0x000000070fe00000| Untracked 
|  90|0x0000000710000000, 0x0000000710000000, 0x0000000710200000|  0%| F|  |TAMS 0x0000000710000000| PB 0x0000000710000000| Untracked 
|  91|0x0000000710200000, 0x0000000710200000, 0x0000000710400000|  0%| F|  |TAMS 0x0000000710200000| PB 0x0000000710200000| Untracked 
|  92|0x0000000710400000, 0x0000000710400000, 0x0000000710600000|  0%| F|  |TAMS 0x0000000710400000| PB 0x0000000710400000| Untracked 
|  93|0x0000000710600000, 0x0000000710600000, 0x0000000710800000|  0%| F|  |TAMS 0x0000000710600000| PB 0x0000000710600000| Untracked 
|  94|0x0000000710800000, 0x0000000710800000, 0x0000000710a00000|  0%| F|  |TAMS 0x0000000710800000| PB 0x0000000710800000| Untracked 
|  95|0x0000000710a00000, 0x0000000710a00000, 0x0000000710c00000|  0%| F|  |TAMS 0x0000000710a00000| PB 0x0000000710a00000| Untracked 
|  96|0x0000000710c00000, 0x0000000710c00000, 0x0000000710e00000|  0%| F|  |TAMS 0x0000000710c00000| PB 0x0000000710c00000| Untracked 
|  97|0x0000000710e00000, 0x0000000710e00000, 0x0000000711000000|  0%| F|  |TAMS 0x0000000710e00000| PB 0x0000000710e00000| Untracked 
|  98|0x0000000711000000, 0x0000000711000000, 0x0000000711200000|  0%| F|  |TAMS 0x0000000711000000| PB 0x0000000711000000| Untracked 
|  99|0x0000000711200000, 0x0000000711200000, 0x0000000711400000|  0%| F|  |TAMS 0x0000000711200000| PB 0x0000000711200000| Untracked 
| 100|0x0000000711400000, 0x0000000711400000, 0x0000000711600000|  0%| F|  |TAMS 0x0000000711400000| PB 0x0000000711400000| Untracked 
| 101|0x0000000711600000, 0x0000000711600000, 0x0000000711800000|  0%| F|  |TAMS 0x0000000711600000| PB 0x0000000711600000| Untracked 
| 102|0x0000000711800000, 0x0000000711800000, 0x0000000711a00000|  0%| F|  |TAMS 0x0000000711800000| PB 0x0000000711800000| Untracked 
| 103|0x0000000711a00000, 0x0000000711a00000, 0x0000000711c00000|  0%| F|  |TAMS 0x0000000711a00000| PB 0x0000000711a00000| Untracked 
| 104|0x0000000711c00000, 0x0000000711c00000, 0x0000000711e00000|  0%| F|  |TAMS 0x0000000711c00000| PB 0x0000000711c00000| Untracked 
| 105|0x0000000711e00000, 0x0000000711e00000, 0x0000000712000000|  0%| F|  |TAMS 0x0000000711e00000| PB 0x0000000711e00000| Untracked 
| 106|0x0000000712000000, 0x0000000712000000, 0x0000000712200000|  0%| F|  |TAMS 0x0000000712000000| PB 0x0000000712000000| Untracked 
| 107|0x0000000712200000, 0x0000000712200000, 0x0000000712400000|  0%| F|  |TAMS 0x0000000712200000| PB 0x0000000712200000| Untracked 
| 108|0x0000000712400000, 0x0000000712400000, 0x0000000712600000|  0%| F|  |TAMS 0x0000000712400000| PB 0x0000000712400000| Untracked 
| 109|0x0000000712600000, 0x0000000712600000, 0x0000000712800000|  0%| F|  |TAMS 0x0000000712600000| PB 0x0000000712600000| Untracked 
| 110|0x0000000712800000, 0x0000000712800000, 0x0000000712a00000|  0%| F|  |TAMS 0x0000000712800000| PB 0x0000000712800000| Untracked 
| 111|0x0000000712a00000, 0x0000000712a00000, 0x0000000712c00000|  0%| F|  |TAMS 0x0000000712a00000| PB 0x0000000712a00000| Untracked 
| 112|0x0000000712c00000, 0x0000000712c00000, 0x0000000712e00000|  0%| F|  |TAMS 0x0000000712c00000| PB 0x0000000712c00000| Untracked 
| 113|0x0000000712e00000, 0x0000000712e00000, 0x0000000713000000|  0%| F|  |TAMS 0x0000000712e00000| PB 0x0000000712e00000| Untracked 
| 114|0x0000000713000000, 0x0000000713000000, 0x0000000713200000|  0%| F|  |TAMS 0x0000000713000000| PB 0x0000000713000000| Untracked 
| 115|0x0000000713200000, 0x0000000713200000, 0x0000000713400000|  0%| F|  |TAMS 0x0000000713200000| PB 0x0000000713200000| Untracked 
| 116|0x0000000713400000, 0x0000000713400000, 0x0000000713600000|  0%| F|  |TAMS 0x0000000713400000| PB 0x0000000713400000| Untracked 
| 117|0x0000000713600000, 0x0000000713600000, 0x0000000713800000|  0%| F|  |TAMS 0x0000000713600000| PB 0x0000000713600000| Untracked 
| 118|0x0000000713800000, 0x0000000713800000, 0x0000000713a00000|  0%| F|  |TAMS 0x0000000713800000| PB 0x0000000713800000| Untracked 
| 119|0x0000000713a00000, 0x0000000713a00000, 0x0000000713c00000|  0%| F|  |TAMS 0x0000000713a00000| PB 0x0000000713a00000| Untracked 
| 120|0x0000000713c00000, 0x0000000713c00000, 0x0000000713e00000|  0%| F|  |TAMS 0x0000000713c00000| PB 0x0000000713c00000| Untracked 
| 121|0x0000000713e00000, 0x0000000713e00000, 0x0000000714000000|  0%| F|  |TAMS 0x0000000713e00000| PB 0x0000000713e00000| Untracked 
| 122|0x0000000714000000, 0x0000000714000000, 0x0000000714200000|  0%| F|  |TAMS 0x0000000714000000| PB 0x0000000714000000| Untracked 
| 123|0x0000000714200000, 0x0000000714200000, 0x0000000714400000|  0%| F|  |TAMS 0x0000000714200000| PB 0x0000000714200000| Untracked 
| 124|0x0000000714400000, 0x0000000714552780, 0x0000000714600000| 66%| E|  |TAMS 0x0000000714400000| PB 0x0000000714400000| Complete 
| 125|0x0000000714600000, 0x0000000714800000, 0x0000000714800000|100%| E|CS|TAMS 0x0000000714600000| PB 0x0000000714600000| Complete 

Card table byte_map: [0x00000199d5e90000,0x00000199d6670000] _byte_map_base: 0x00000199d266a000

Marking Bits: (CMBitMap*) 0x00000199bdf5fac0
 Bits: [0x00000199d6670000, 0x00000199da540000)

Polling page: 0x00000199bd6c0000

Metaspace:

Usage:
  Non-class:    462.12 KB used.
      Class:     37.62 KB used.
       Both:    499.74 KB used.

Virtual space:
  Non-class space:       64.00 MB reserved,     576.00 KB ( <1%) committed,  1 nodes.
      Class space:        1.00 GB reserved,     128.00 KB ( <1%) committed,  1 nodes.
             Both:        1.06 GB reserved,     704.00 KB ( <1%) committed. 

Chunk freelists:
   Non-Class:  11.93 MB
       Class:  15.73 MB
        Both:  27.66 MB

MaxMetaspaceSize: unlimited
CompressedClassSpaceSize: 1.00 GB
Initial GC threshold: 21.00 MB
Current GC threshold: 21.00 MB
CDS: on
 - commit_granule_bytes: 65536.
 - commit_granule_words: 8192.
 - virtual_space_node_default_size: 8388608.
 - enlarge_chunks_in_place: 1.
 - use_allocation_guard: 0.


Internal statistics:

num_allocs_failed_limit: 0.
num_arena_births: 10.
num_arena_deaths: 0.
num_vsnodes_births: 2.
num_vsnodes_deaths: 0.
num_space_committed: 11.
num_space_uncommitted: 0.
num_chunks_returned_to_freelist: 0.
num_chunks_taken_from_freelist: 19.
num_chunk_merges: 0.
num_chunk_splits: 9.
num_chunks_enlarged: 6.
num_inconsistent_stats: 0.

CodeHeap 'non-profiled nmethods': size=120000Kb used=64Kb max_used=64Kb free=119935Kb
 bounds [0x00000199cde50000, 0x00000199ce0c0000, 0x00000199d5380000]
CodeHeap 'profiled nmethods': size=120000Kb used=198Kb max_used=198Kb free=119802Kb
 bounds [0x00000199c6380000, 0x00000199c65f0000, 0x00000199cd8b0000]
CodeHeap 'non-nmethods': size=5760Kb used=1390Kb max_used=1390Kb free=4369Kb
 bounds [0x00000199cd8b0000, 0x00000199cdb20000, 0x00000199cde50000]
 total_blobs=587 nmethods=192 adapters=300
 compilation: enabled
              stopped_count=0, restarted_count=0
 full_count=0

Compilation events (20 events):
Event: 0.166 Thread 0x00000199dcfa7010 nmethod 144 0x00000199c63a0790 code [0x00000199c63a0940, 0x00000199c63a0bc8]
Event: 0.166 Thread 0x00000199dcfa7010  145       3       java.util.regex.Matcher::hasMatch (13 bytes)
Event: 0.166 Thread 0x00000199dcfa7010 nmethod 145 0x00000199c63a0c90 code [0x00000199c63a0e20, 0x00000199c63a0f88]
Event: 0.166 Thread 0x00000199dcfa7010  140       3       jdk.internal.util.Preconditions::checkFromToIndex (24 bytes)
Event: 0.166 Thread 0x00000199dcfa7010 nmethod 140 0x00000199c63a1010 code [0x00000199c63a11c0, 0x00000199c63a1398]
Event: 0.167 Thread 0x00000199dcfa7010  141       3       java.lang.String::toString (2 bytes)
Event: 0.167 Thread 0x00000199dcfa7010 nmethod 141 0x00000199c63a1490 code [0x00000199c63a1620, 0x00000199c63a1730]
Event: 0.167 Thread 0x00000199dcfa7010  142       3       java.lang.String::checkBoundsBeginEnd (11 bytes)
Event: 0.167 Thread 0x00000199dcfa7010 nmethod 142 0x00000199c63a1790 code [0x00000199c63a1940, 0x00000199c63a1b80]
Event: 0.167 Thread 0x00000199dcfa7010  146       3       java.util.ArrayList::add (25 bytes)
Event: 0.167 Thread 0x00000199dcf83550  155       4       java.util.regex.Pattern$$Lambda/0x80000002a::is (9 bytes)
Event: 0.168 Thread 0x00000199dcfa7010 nmethod 146 0x00000199c63a1c90 code [0x00000199c63a1e60, 0x00000199c63a2290]
Event: 0.168 Thread 0x00000199dcfa7010  153       3       java.util.regex.Pattern$Start::match (90 bytes)
Event: 0.168 Thread 0x00000199dcf83550 nmethod 155 0x00000199cde5d090 code [0x00000199cde5d200, 0x00000199cde5d298]
Event: 0.168 Thread 0x00000199dcf83550  156       4       java.util.regex.Pattern$BmpCharPropertyGreedy::match (89 bytes)
Event: 0.168 Thread 0x00000199dcfa7010 nmethod 153 0x00000199c63a2490 code [0x00000199c63a2660, 0x00000199c63a2a68]
Event: 0.168 Thread 0x00000199dcfa7010  148       3       java.lang.StringLatin1::newString (24 bytes)
Event: 0.170 Thread 0x00000199dcfa7010 nmethod 148 0x00000199c63a2c10 code [0x00000199c63a2ec0, 0x00000199c63a3ca8]
Event: 0.170 Thread 0x00000199dcfa7010  147       3       java.util.ArrayList::add (23 bytes)
Event: 0.170 Thread 0x00000199dcfa7010 nmethod 147 0x00000199c63a4190 code [0x00000199c63a4360, 0x00000199c63a4710]

GC Heap History (0 events):
No events

Dll operation events (3 events):
Event: 0.017 Loaded shared library C:\Program Files\jdk-21.0.5\bin\java.dll
Event: 0.084 Loaded shared library C:\Program Files\jdk-21.0.5\bin\jsvml.dll
Event: 0.157 Loaded shared library C:\Program Files\jdk-21.0.5\bin\jimage.dll

Deoptimization events (0 events):
No events

Classes loaded (20 events):
Event: 0.109 Loading class jdk/internal/loader/URLClassPath$FileLoader
Event: 0.109 Loading class jdk/internal/loader/URLClassPath$FileLoader done
Event: 0.110 Loading class jdk/internal/loader/URLClassPath$FileLoader$1
Event: 0.110 Loading class jdk/internal/loader/URLClassPath$FileLoader$1 done
Event: 0.126 Loading class java/util/Scanner
Event: 0.127 Loading class java/util/Scanner done
Event: 0.147 Loading class java/io/InputStreamReader
Event: 0.147 Loading class java/io/Reader
Event: 0.147 Loading class java/io/Reader done
Event: 0.148 Loading class java/io/InputStreamReader done
Event: 0.148 Loading class sun/nio/cs/StreamDecoder
Event: 0.148 Loading class sun/nio/cs/StreamDecoder done
Event: 0.148 Loading class sun/nio/cs/UTF_8$Decoder
Event: 0.148 Loading class sun/nio/cs/UTF_8$Decoder done
Event: 0.148 Loading class java/util/Scanner$PatternLRUCache
Event: 0.148 Loading class java/util/Scanner$PatternLRUCache done
Event: 0.153 Loading class jdk/internal/module/ModulePatcher$PatchedModuleReader
Event: 0.154 Loading class jdk/internal/module/ModulePatcher$PatchedModuleReader done
Event: 0.159 Loading class sun/net/www/protocol/jrt/Handler
Event: 0.159 Loading class sun/net/www/protocol/jrt/Handler done

Classes unloaded (0 events):
No events

Classes redefined (0 events):
No events

Internal exceptions (0 events):
No events

ZGC Phase Switch (0 events):
No events

VM Operations (0 events):
No events

Events (11 events):
Event: 0.049 Thread 0x00000199bdeff4c0 Thread added: 0x00000199bdeff4c0
Event: 0.077 Thread 0x00000199dcf69f40 Thread added: 0x00000199dcf69f40
Event: 0.077 Thread 0x00000199dcf6b470 Thread added: 0x00000199dcf6b470
Event: 0.078 Thread 0x00000199dcf6dc20 Thread added: 0x00000199dcf6dc20
Event: 0.078 Thread 0x00000199dcf71690 Thread added: 0x00000199dcf71690
Event: 0.078 Thread 0x00000199dcf72440 Thread added: 0x00000199dcf72440
Event: 0.078 Thread 0x00000199dcf74ea0 Thread added: 0x00000199dcf74ea0
Event: 0.078 Thread 0x00000199dcf83550 Thread added: 0x00000199dcf83550
Event: 0.079 Thread 0x00000199dcfa7010 Thread added: 0x00000199dcfa7010
Event: 0.107 Thread 0x0000019a22278720 Thread added: 0x0000019a22278720
Event: 0.112 Thread 0x0000019a2227b990 Thread added: 0x0000019a2227b990


Dynamic libraries:
0x00007ff7d8d00000 - 0x00007ff7d8d10000 	C:\Program Files\jdk-21.0.5\bin\java.exe
0x00007ff8848b0000 - 0x00007ff884ac7000 	C:\WINDOWS\SYSTEM32\ntdll.dll
0x00007ff882580000 - 0x00007ff882644000 	C:\WINDOWS\System32\KERNEL32.DLL
0x00007ff882030000 - 0x00007ff882401000 	C:\WINDOWS\System32\KERNELBASE.dll
0x00007ff881b80000 - 0x00007ff881c91000 	C:\WINDOWS\System32\ucrtbase.dll
0x00007ff873130000 - 0x00007ff873149000 	C:\Program Files\jdk-21.0.5\bin\jli.dll
0x00007ff872fe0000 - 0x00007ff872ffb000 	C:\Program Files\jdk-21.0.5\bin\VCRUNTIME140.dll
0x00007ff884480000 - 0x00007ff884531000 	C:\WINDOWS\System32\ADVAPI32.dll
0x00007ff8826d0000 - 0x00007ff882777000 	C:\WINDOWS\System32\msvcrt.dll
0x00007ff883ae0000 - 0x00007ff883b87000 	C:\WINDOWS\System32\sechost.dll
0x00007ff882550000 - 0x00007ff882578000 	C:\WINDOWS\System32\bcrypt.dll
0x00007ff8845a0000 - 0x00007ff8846b4000 	C:\WINDOWS\System32\RPCRT4.dll
0x00007ff883730000 - 0x00007ff8838e1000 	C:\WINDOWS\System32\USER32.dll
0x00007ff881b50000 - 0x00007ff881b76000 	C:\WINDOWS\System32\win32u.dll
0x00007ff883fb0000 - 0x00007ff883fd9000 	C:\WINDOWS\System32\GDI32.dll
0x00007ff8697f0000 - 0x00007ff869a82000 	C:\WINDOWS\WinSxS\amd64_microsoft.windows.common-controls_6595b64144ccf1df_6.0.22621.4830_none_270fe7d773858e80\COMCTL32.dll
0x00007ff881d20000 - 0x00007ff881e3b000 	C:\WINDOWS\System32\gdi32full.dll
0x00007ff881ab0000 - 0x00007ff881b4a000 	C:\WINDOWS\System32\msvcp_win.dll
0x00007ff87a720000 - 0x00007ff87a72a000 	C:\WINDOWS\SYSTEM32\VERSION.dll
0x00007ff884540000 - 0x00007ff884571000 	C:\WINDOWS\System32\IMM32.DLL
0x00007ff873160000 - 0x00007ff87316c000 	C:\Program Files\jdk-21.0.5\bin\vcruntime140_1.dll
0x00007ff84a080000 - 0x00007ff84a10e000 	C:\Program Files\jdk-21.0.5\bin\msvcp140.dll
0x00007fffc7e60000 - 0x00007fffc8b78000 	C:\Program Files\jdk-21.0.5\bin\server\jvm.dll
0x00007ff883c50000 - 0x00007ff883cc1000 	C:\WINDOWS\System32\WS2_32.dll
0x00007ff8808a0000 - 0x00007ff8808ed000 	C:\WINDOWS\SYSTEM32\POWRPROF.dll
0x00007ff8797b0000 - 0x00007ff8797e4000 	C:\WINDOWS\SYSTEM32\WINMM.dll
0x00007ff880880000 - 0x00007ff880893000 	C:\WINDOWS\SYSTEM32\UMPDC.dll
0x00007ff880ad0000 - 0x00007ff880ae8000 	C:\WINDOWS\SYSTEM32\kernel.appcore.dll
0x00007ff872df0000 - 0x00007ff872dfa000 	C:\Program Files\jdk-21.0.5\bin\jimage.dll
0x00007ff87f4b0000 - 0x00007ff87f6e2000 	C:\WINDOWS\SYSTEM32\DBGHELP.DLL
0x00007ff883fe0000 - 0x00007ff884370000 	C:\WINDOWS\System32\combase.dll
0x00007ff883a00000 - 0x00007ff883ad7000 	C:\WINDOWS\System32\OLEAUT32.dll
0x00007ff877b50000 - 0x00007ff877b82000 	C:\WINDOWS\SYSTEM32\dbgcore.DLL
0x00007ff881ca0000 - 0x00007ff881d1b000 	C:\WINDOWS\System32\bcryptPrimitives.dll
0x00007ff872d40000 - 0x00007ff872d5f000 	C:\Program Files\jdk-21.0.5\bin\java.dll
0x00007ff8827e0000 - 0x00007ff883068000 	C:\WINDOWS\System32\SHELL32.dll
0x00007ff882410000 - 0x00007ff88254f000 	C:\WINDOWS\System32\wintypes.dll
0x00007ff87f960000 - 0x00007ff88026d000 	C:\WINDOWS\SYSTEM32\windows.storage.dll
0x00007ff884370000 - 0x00007ff88447a000 	C:\WINDOWS\System32\SHCORE.dll
0x00007ff8838f0000 - 0x00007ff88394e000 	C:\WINDOWS\System32\shlwapi.dll
0x00007ff881920000 - 0x00007ff88194b000 	C:\WINDOWS\SYSTEM32\profapi.dll
0x00007ff8263a0000 - 0x00007ff826477000 	C:\Program Files\jdk-21.0.5\bin\jsvml.dll

dbghelp: loaded successfully - version: 4.0.5 - missing functions: none
symbol engine: initialized successfully - sym options: 0x614 - pdb path: .;C:\Program Files\jdk-21.0.5\bin;C:\WINDOWS\SYSTEM32;C:\WINDOWS\WinSxS\amd64_microsoft.windows.common-controls_6595b64144ccf1df_6.0.22621.4830_none_270fe7d773858e80;C:\Program Files\jdk-21.0.5\bin\server

VM Arguments:
java_command: parade.ParadeTester
java_class_path (initial): classes
Launcher Type: SUN_STANDARD

[Global flags]
     intx CICompilerCount                          = 4                                         {product} {ergonomic}
     uint ConcGCThreads                            = 2                                         {product} {ergonomic}
     uint G1ConcRefinementThreads                  = 8                                         {product} {ergonomic}
   size_t G1HeapRegionSize                         = 2097152                                   {product} {ergonomic}
    uintx GCDrainStackTargetSize                   = 64                                        {product} {ergonomic}
   size_t InitialHeapSize                          = 264241152                                 {product} {ergonomic}
   size_t MarkStackSize                            = 4194304                                   {product} {ergonomic}
   size_t MaxHeapSize                              = 4215275520                                {product} {ergonomic}
   size_t MaxNewSize                               = 2529165312                                {product} {ergonomic}
   size_t MinHeapDeltaBytes                        = 2097152                                   {product} {ergonomic}
   size_t MinHeapSize                              = 8388608                                   {product} {ergonomic}
    uintx NonNMethodCodeHeapSize                   = 5839372                                {pd product} {ergonomic}
    uintx NonProfiledCodeHeapSize                  = 122909434                              {pd product} {ergonomic}
    uintx ProfiledCodeHeapSize                     = 122909434                              {pd product} {ergonomic}
    uintx ReservedCodeCacheSize                    = 251658240                              {pd product} {ergonomic}
     bool SegmentedCodeCache                       = true                                      {product} {ergonomic}
   size_t SoftMaxHeapSize                          = 4215275520                             {manageable} {ergonomic}
     bool UseCompressedOops                        = true                           {product lp64_product} {ergonomic}
     bool UseG1GC                                  = true                                      {product} {ergonomic}
     bool UseLargePagesIndividualAllocation        = false                                  {pd product} {ergonomic}

Logging:
Log output configuration:
 #0: stdout all=warning uptime,level,tags foldmultilines=false
 #1: stderr all=off uptime,level,tags foldmultilines=false

Environment Variables:
JAVA_HOME=C:\Users\ASUS\AppData\Local\Programs\Eclipse Adoptium\jdk-17.0.8.101-hotspot\
PATH=C:\Program Files\jdk-21.0.5\bin;C:\Users\ASUS\AppData\Local\Programs\Python\Python312\Scripts\;C:\Users\ASUS\AppData\Local\Programs\Python\Python312\;C:\Program Files (x86)\Common Files\Oracle\Java\javapath;C:\ProgramData\Oracle\Java\javapath;C:\Windows\system32;C:\Windows;C:\Windows\System32\Wbem;C:\Windows\System32\WindowsPowerShell\v1.0\;C:\Windows\System32\OpenSSH\;C:\Program Files (x86)\NVIDIA Corporation\PhysX\Common;C:\Program Files\NVIDIA Corporation\NVIDIA NvDLISR;C:\Program Files\Calibre2\;C:\WINDOWS\system32;C:\WINDOWS;C:\WINDOWS\System32\Wbem;C:\WINDOWS\System32\WindowsPowerShell\v1.0\;C:\WINDOWS\System32\OpenSSH\;C:\Program Files\Git\cmd;C:\Program Files\nodejs\;C:\ProgramData\chocolatey\bin;C:\Program Files\MySQL\MySQL Shell 8.0\bin\;C:\Users\ASUS\AppData\Local\Programs\Eclipse Adoptium\jdk-17.0.8.101-hotspot\bin;C:\Users\ASUS\AppData\Local\Microsoft\WindowsApps;C:\Users\ASUS\AppData\Local\Programs\Microsoft VS Code\bin;C:\msys64\ucrt64\bin;C:\Users\ASUS\AppData\Local\GitHubDesktop\bin;C:\Users\ASUS\AppData\Roaming\npm;C:\Users\ASUS\AppData\Local\Programs\Python\Python312\python.exe;
USERNAME=ASUS
LANG=en_US.UTF-8
OS=Windows_NT
PROCESSOR_IDENTIFIER=Intel64 Family 6 Model 140 Stepping 1, GenuineIntel
TMP=C:\Users\ASUS\AppData\Local\Temp
TEMP=C:\Users\ASUS\AppData\Local\Temp




Periodic native trim disabled

---------------  S Y S T E M  ---------------

OS:
 Windows 11 , 64 bit Build 22621 (10.0.22621.4974)
OS uptime: 4 days 6:12 hours

CPU: total 8 (initial active 8) (4 cores per cpu, 2 threads per core) family 6 model 140 stepping 1 microcode 0x86, cx8, cmov, fxsr, ht, mmx, 3dnowpref, sse, sse2, sse3, ssse3, sse4.1, sse4.2, popcnt, lzcnt, tsc, tscinvbit, avx, avx2, aes, erms, clmul, bmi1, bmi2, adx, avx512f, avx512dq, avx512cd, avx512bw, avx512vl, sha, fma, vzeroupper, avx512_vpopcntdq, avx512_vpclmulqdq, avx512_vaes, avx512_vnni, clflush, clflushopt, clwb, avx512_vbmi2, avx512_vbmi, rdtscp, rdpid, fsrm, gfni, avx512_bitalg, f16c, pku, cet_ibt, cet_ss, avx512_ifma
Processor Information for processor 0
  Max Mhz: 3302, Current Mhz: 1000, Mhz Limit: 3302
Processor Information for processor 1
  Max Mhz: 3302, Current Mhz: 3302, Mhz Limit: 3302
Processor Information for processor 2
  Max Mhz: 3302, Current Mhz: 1000, Mhz Limit: 3302
Processor Information for processor 3
  Max Mhz: 3302, Current Mhz: 1000, Mhz Limit: 3302
Processor Information for processor 4
  Max Mhz: 3302, Current Mhz: 3302, Mhz Limit: 3302
Processor Information for processor 5
  Max Mhz: 3302, Current Mhz: 3302, Mhz Limit: 3302
Processor Information for processor 6
  Max Mhz: 3302, Current Mhz: 3302, Mhz Limit: 3302
Processor Information for processor 7
  Max Mhz: 3302, Current Mhz: 3302, Mhz Limit: 3302

Memory: 4k page, system-wide physical 16075M (3053M free)
TotalPageFile size 20267M (AvailPageFile size 3M)
current process WorkingSet (physical memory assigned to process): 37M, peak: 37M
current process commit charge ("private bytes"): 336M, peak: 336M

vm_info: Java HotSpot(TM) 64-Bit Server VM (21.0.5+9-LTS-239) for windows-amd64 JRE (21.0.5+9-LTS-239), built on 2024-09-30T05:17:38Z by "mach5one" with MS VC++ 17.6 (VS2022)

END.
