#
# There is insufficient memory for the Java Runtime Environment to continue.
# Native memory allocation (malloc) failed to allocate 1083696 bytes. Error detail: Chunk::new
# Possible reasons:
#   The system is out of physical RAM or swap space
#   This process is running with CompressedOops enabled, and the Java Heap may be blocking the growth of the native heap
# Possible solutions:
#   Reduce memory load on the system
#   Increase physical memory or swap space
#   Check if swap backing store is full
#   Decrease Java heap size (-Xmx/-Xms)
#   Decrease number of Java threads
#   Decrease Java thread stack sizes (-Xss)
#   Set larger code cache with -XX:ReservedCodeCacheSize=
#   JVM is running with Unscaled Compressed Oops mode in which the Java heap is
#     placed in the first 4GB address space. The Java Heap base address is the
#     maximum limit for the native heap growth. Please use -XX:HeapBaseMinAddress
#     to set the Java Heap base and to place the Java Heap above 4GB virtual address.
# This output file may be truncated or incomplete.
#
#  Out of Memory Error (arena.cpp:168), pid=6988, tid=21516
#
# JRE version: OpenJDK Runtime Environment Temurin-21.0.6+7 (21.0.6+7) (build 21.0.6+7-LTS)
# Java VM: OpenJDK 64-Bit Server VM Temurin-21.0.6+7 (21.0.6+7-LTS, mixed mode, sharing, tiered, compressed oops, compressed class ptrs, parallel gc, windows-amd64)
# No core dump will be written. Minidumps are not enabled by default on client versions of Windows
#

---------------  S U M M A R Y ------------

Command Line: --add-modules=ALL-SYSTEM --add-opens=java.base/java.util=ALL-UNNAMED --add-opens=java.base/java.lang=ALL-UNNAMED --add-opens=java.base/sun.nio.fs=ALL-UNNAMED -Declipse.application=org.eclipse.jdt.ls.core.id1 -Dosgi.bundles.defaultStartLevel=4 -Declipse.product=org.eclipse.jdt.ls.core.product -Djava.import.generatesMetadataFilesAtProjectRoot=false -DDetectVMInstallationsJob.disabled=true -Dfile.encoding=utf8 -XX:+UseParallelGC -XX:GCTimeRatio=4 -XX:AdaptiveSizePolicyWeight=90 -Dsun.zip.disableMemoryMapping=true -Xmx1G -Xms100m -Xlog:disable -javaagent:c:\Users\ASUS\.vscode\extensions\redhat.java-1.40.0-win32-x64\lombok\lombok-1.18.36.jar -XX:+HeapDumpOnOutOfMemoryError -XX:HeapDumpPath=c:\Users\ASUS\AppData\Roaming\Code\User\workspaceStorage\b386038ac4fada495da08a274342fa16\redhat.java -Daether.dependencyCollector.impl=bf c:\Users\ASUS\.vscode\extensions\redhat.java-1.40.0-win32-x64\server\plugins\org.eclipse.equinox.launcher_1.6.1000.v20250131-0606.jar -configuration c:\Users\ASUS\AppData\Roaming\Code\User\globalStorage\redhat.java\1.40.0\config_win -data c:\Users\ASUS\AppData\Roaming\Code\User\workspaceStorage\b386038ac4fada495da08a274342fa16\redhat.java\jdt_ws --pipe=\\.\pipe\lsp-92dc78e267f668bceaf39bd047e656fa-sock

Host: 11th Gen Intel(R) Core(TM) i7-11370H @ 3.30GHz, 8 cores, 15G,  Windows 11 , 64 bit Build 22621 (10.0.22621.4974)
Time: Mon Mar 17 23:55:19 2025 Malay Peninsula Standard Time elapsed time: 11.653895 seconds (0d 0h 0m 11s)

---------------  T H R E A D  ---------------

Current thread (0x0000028173989db0):  JavaThread "C2 CompilerThread0" daemon [_thread_in_native, id=21516, stack(0x0000008cad800000,0x0000008cad900000) (1024K)]


Current CompileTask:
C2:11653 9409       4       org.eclipse.jdt.internal.compiler.lookup.BinaryTypeBinding::createMethod (1724 bytes)

Stack: [0x0000008cad800000,0x0000008cad900000]
Native frames: (J=compiled Java code, j=interpreted, Vv=VM code, C=native code)
V  [jvm.dll+0x6cdee9]
V  [jvm.dll+0x8a83d1]
V  [jvm.dll+0x8aa8fe]
V  [jvm.dll+0x8aafe3]
V  [jvm.dll+0x27f706]
V  [jvm.dll+0xc500d]
V  [jvm.dll+0xc5543]
V  [jvm.dll+0x3b6752]
V  [jvm.dll+0x1e0009]
V  [jvm.dll+0x247b42]
V  [jvm.dll+0x246fcf]
V  [jvm.dll+0x1c75ee]
V  [jvm.dll+0x25685a]
V  [jvm.dll+0x254dfa]
V  [jvm.dll+0x3f0256]
V  [jvm.dll+0x851f8b]
V  [jvm.dll+0x6cc5ed]
C  [ucrtbase.dll+0x29333]
C  [KERNEL32.DLL+0x1259d]
C  [ntdll.dll+0x5af38]


---------------  P R O C E S S  ---------------

Threads class SMR info:
_java_thread_list=0x000002817e6bbe00, length=64, elements={
0x000002816e5cda90, 0x000002817397d5f0, 0x000002817397eef0, 0x0000028173981ee0,
0x0000028173983010, 0x0000028173985140, 0x0000028173985e80, 0x0000028173989db0,
0x000002817538bcd0, 0x000002817540f090, 0x00000281755ce570, 0x0000028175c8ea20,
0x0000028175dff010, 0x0000028175f40530, 0x000002817a24c480, 0x000002817a479a00,
0x000002817a3a8850, 0x000002817a74ac30, 0x000002817a748b60, 0x000002817a749880,
0x000002817a7491f0, 0x000002817bff1550, 0x000002817c322540, 0x000002817a74b2c0,
0x000002817a747e40, 0x000002817a749f10, 0x000002817a74a5a0, 0x000002817a7484d0,
0x000002817d45a3b0, 0x000002817d45b760, 0x000002817d457c50, 0x000002817d45aa40,
0x000002817d45b0d0, 0x000002817d4568a0, 0x000002817d45cb10, 0x000002817d45bdf0,
0x000002817d4582e0, 0x000002817d45c480, 0x000002817d458970, 0x000002817d459000,
0x000002817d45dec0, 0x000002817d45d1a0, 0x000002817d45d830, 0x000002817d456f30,
0x000002817d4575c0, 0x000002817d459690, 0x000002817d459d20, 0x000002817dbe4140,
0x000002817dbe6210, 0x000002817dbe68a0, 0x000002817dbe2d90, 0x000002817dbe47d0,
0x000002817dbe8970, 0x000002817dbe6f30, 0x000002817dbe3420, 0x000002817dbe82e0,
0x000002817dbe9690, 0x000002817dbe2700, 0x000002817dbe4e60, 0x000002817dbe7c50,
0x000002817dbe75c0, 0x000002817dbe5b80, 0x000002817dbe9000, 0x000002817bf73c00
}

Java Threads: ( => current thread )
  0x000002816e5cda90 JavaThread "main"                              [_thread_blocked, id=25020, stack(0x0000008cace00000,0x0000008cacf00000) (1024K)]
  0x000002817397d5f0 JavaThread "Reference Handler"          daemon [_thread_blocked, id=21248, stack(0x0000008cad200000,0x0000008cad300000) (1024K)]
  0x000002817397eef0 JavaThread "Finalizer"                  daemon [_thread_blocked, id=25764, stack(0x0000008cad300000,0x0000008cad400000) (1024K)]
  0x0000028173981ee0 JavaThread "Signal Dispatcher"          daemon [_thread_blocked, id=20508, stack(0x0000008cad400000,0x0000008cad500000) (1024K)]
  0x0000028173983010 JavaThread "Attach Listener"            daemon [_thread_blocked, id=6628, stack(0x0000008cad500000,0x0000008cad600000) (1024K)]
  0x0000028173985140 JavaThread "Service Thread"             daemon [_thread_blocked, id=4112, stack(0x0000008cad600000,0x0000008cad700000) (1024K)]
  0x0000028173985e80 JavaThread "Monitor Deflation Thread"   daemon [_thread_blocked, id=3612, stack(0x0000008cad700000,0x0000008cad800000) (1024K)]
=>0x0000028173989db0 JavaThread "C2 CompilerThread0"         daemon [_thread_in_native, id=21516, stack(0x0000008cad800000,0x0000008cad900000) (1024K)]
  0x000002817538bcd0 JavaThread "C1 CompilerThread0"         daemon [_thread_blocked, id=26240, stack(0x0000008cad900000,0x0000008cada00000) (1024K)]
  0x000002817540f090 JavaThread "Common-Cleaner"             daemon [_thread_blocked, id=23028, stack(0x0000008cada00000,0x0000008cadb00000) (1024K)]
  0x00000281755ce570 JavaThread "Notification Thread"        daemon [_thread_blocked, id=9896, stack(0x0000008cadc00000,0x0000008cadd00000) (1024K)]
  0x0000028175c8ea20 JavaThread "Active Thread: Equinox Container: 4da2dab7-7149-4003-9e6d-81459a0ed624"        [_thread_blocked, id=26140, stack(0x0000008cae400000,0x0000008cae500000) (1024K)]
  0x0000028175dff010 JavaThread "Refresh Thread: Equinox Container: 4da2dab7-7149-4003-9e6d-81459a0ed624" daemon [_thread_blocked, id=25440, stack(0x0000008cae500000,0x0000008cae600000) (1024K)]
  0x0000028175f40530 JavaThread "Framework Event Dispatcher: Equinox Container: 4da2dab7-7149-4003-9e6d-81459a0ed624" daemon [_thread_blocked, id=14300, stack(0x0000008cae700000,0x0000008cae800000) (1024K)]
  0x000002817a24c480 JavaThread "Start Level: Equinox Container: 4da2dab7-7149-4003-9e6d-81459a0ed624" daemon [_thread_blocked, id=24356, stack(0x0000008cae800000,0x0000008cae900000) (1024K)]
  0x000002817a479a00 JavaThread "Bundle File Closer"         daemon [_thread_blocked, id=20720, stack(0x0000008cae900000,0x0000008caea00000) (1024K)]
  0x000002817a3a8850 JavaThread "SCR Component Actor"        daemon [_thread_blocked, id=22468, stack(0x0000008caea00000,0x0000008caeb00000) (1024K)]
  0x000002817a74ac30 JavaThread "Worker-JM"                         [_thread_blocked, id=9868, stack(0x0000008caec00000,0x0000008caed00000) (1024K)]
  0x000002817a748b60 JavaThread "JNA Cleaner"                daemon [_thread_blocked, id=15828, stack(0x0000008caed00000,0x0000008caee00000) (1024K)]
  0x000002817a749880 JavaThread "Worker-0: Java indexing... "        [_thread_blocked, id=21508, stack(0x0000008caee00000,0x0000008caef00000) (1024K)]
  0x000002817a7491f0 JavaThread "Worker-1"                          [_thread_blocked, id=22884, stack(0x0000008caef00000,0x0000008caf000000) (1024K)]
  0x000002817bff1550 JavaThread "C2 CompilerThread1"         daemon [_thread_in_native, id=8988, stack(0x0000008cadb00000,0x0000008cadc00000) (1024K)]
  0x000002817c322540 JavaThread "C2 CompilerThread2"         daemon [_thread_blocked, id=3708, stack(0x0000008cadd00000,0x0000008cade00000) (1024K)]
  0x000002817a74b2c0 JavaThread "Java indexing"              daemon [_thread_blocked, id=2656, stack(0x0000008caf000000,0x0000008caf100000) (1024K)]
  0x000002817a747e40 JavaThread "Worker-2"                          [_thread_blocked, id=16624, stack(0x0000008caf100000,0x0000008caf200000) (1024K)]
  0x000002817a749f10 JavaThread "Worker-3: Check JDK Index"         [_thread_blocked, id=23052, stack(0x0000008caf200000,0x0000008caf300000) (1024K)]
  0x000002817a74a5a0 JavaThread "Worker-4"                          [_thread_blocked, id=20788, stack(0x0000008caf300000,0x0000008caf400000) (1024K)]
  0x000002817a7484d0 JavaThread "Worker-5"                          [_thread_blocked, id=26292, stack(0x0000008caf400000,0x0000008caf500000) (1024K)]
  0x000002817d45a3b0 JavaThread "Thread-2"                   daemon [_thread_in_native, id=24888, stack(0x0000008caf500000,0x0000008caf600000) (1024K)]
  0x000002817d45b760 JavaThread "Thread-3"                   daemon [_thread_in_native, id=21568, stack(0x0000008caf600000,0x0000008caf700000) (1024K)]
  0x000002817d457c50 JavaThread "Thread-4"                   daemon [_thread_in_native, id=19812, stack(0x0000008caf700000,0x0000008caf800000) (1024K)]
  0x000002817d45aa40 JavaThread "Thread-5"                   daemon [_thread_in_native, id=26692, stack(0x0000008caf800000,0x0000008caf900000) (1024K)]
  0x000002817d45b0d0 JavaThread "Thread-6"                   daemon [_thread_in_native, id=4460, stack(0x0000008caf900000,0x0000008cafa00000) (1024K)]
  0x000002817d4568a0 JavaThread "Thread-7"                   daemon [_thread_in_native, id=18692, stack(0x0000008cafa00000,0x0000008cafb00000) (1024K)]
  0x000002817d45cb10 JavaThread "Thread-8"                   daemon [_thread_in_native, id=2404, stack(0x0000008cafb00000,0x0000008cafc00000) (1024K)]
  0x000002817d45bdf0 JavaThread "Thread-9"                   daemon [_thread_in_native, id=20960, stack(0x0000008cafc00000,0x0000008cafd00000) (1024K)]
  0x000002817d4582e0 JavaThread "Thread-10"                  daemon [_thread_in_native, id=20728, stack(0x0000008cafd00000,0x0000008cafe00000) (1024K)]
  0x000002817d45c480 JavaThread "pool-2-thread-1"                   [_thread_blocked, id=13344, stack(0x0000008cafe00000,0x0000008caff00000) (1024K)]
  0x000002817d458970 JavaThread "WorkspaceEventsHandler"            [_thread_blocked, id=27052, stack(0x0000008caff00000,0x0000008cb0000000) (1024K)]
  0x000002817d459000 JavaThread "pool-1-thread-1"                   [_thread_blocked, id=24100, stack(0x0000008cb0000000,0x0000008cb0100000) (1024K)]
  0x000002817d45dec0 JavaThread "LocalFile Deleter"          daemon [_thread_blocked, id=9964, stack(0x0000008cb0100000,0x0000008cb0200000) (1024K)]
  0x000002817d45d1a0 JavaThread "LocalFile Deleter"          daemon [_thread_blocked, id=8492, stack(0x0000008cb0200000,0x0000008cb0300000) (1024K)]
  0x000002817d45d830 JavaThread "LocalFile Deleter"          daemon [_thread_blocked, id=27264, stack(0x0000008cb0300000,0x0000008cb0400000) (1024K)]
  0x000002817d456f30 JavaThread "LocalFile Deleter"          daemon [_thread_blocked, id=16336, stack(0x0000008cb0400000,0x0000008cb0500000) (1024K)]
  0x000002817d4575c0 JavaThread "LocalFile Deleter"          daemon [_thread_blocked, id=27588, stack(0x0000008cb0500000,0x0000008cb0600000) (1024K)]
  0x000002817d459690 JavaThread "LocalFile Deleter"          daemon [_thread_blocked, id=25896, stack(0x0000008cb0600000,0x0000008cb0700000) (1024K)]
  0x000002817d459d20 JavaThread "LocalFile Deleter"          daemon [_thread_blocked, id=25036, stack(0x0000008cb0700000,0x0000008cb0800000) (1024K)]
  0x000002817dbe4140 JavaThread "LocalFile Deleter"          daemon [_thread_blocked, id=23956, stack(0x0000008cb0800000,0x0000008cb0900000) (1024K)]
  0x000002817dbe6210 JavaThread "Compiler Source File Reader" daemon [_thread_blocked, id=13924, stack(0x0000008cb0900000,0x0000008cb0a00000) (1024K)]
  0x000002817dbe68a0 JavaThread "Compiler Source File Reader" daemon [_thread_blocked, id=27424, stack(0x0000008cb0a00000,0x0000008cb0b00000) (1024K)]
  0x000002817dbe2d90 JavaThread "Compiler Source File Reader" daemon [_thread_blocked, id=23628, stack(0x0000008cb0b00000,0x0000008cb0c00000) (1024K)]
  0x000002817dbe47d0 JavaThread "Compiler Source File Reader" daemon [_thread_blocked, id=616, stack(0x0000008cb0c00000,0x0000008cb0d00000) (1024K)]
  0x000002817dbe8970 JavaThread "Compiler Source File Reader" daemon [_thread_blocked, id=26032, stack(0x0000008cb0d00000,0x0000008cb0e00000) (1024K)]
  0x000002817dbe6f30 JavaThread "Compiler Source File Reader" daemon [_thread_blocked, id=12044, stack(0x0000008cb0e00000,0x0000008cb0f00000) (1024K)]
  0x000002817dbe3420 JavaThread "Compiler Processing Task"   daemon [_thread_blocked, id=8420, stack(0x0000008caeb00000,0x0000008caec00000) (1024K)]
  0x000002817dbe82e0 JavaThread "Compiler Class File Writer" daemon [_thread_blocked, id=23736, stack(0x0000008cb0f00000,0x0000008cb1000000) (1024K)]
  0x000002817dbe9690 JavaThread "Compiler Class File Writer" daemon [_thread_blocked, id=23484, stack(0x0000008cb1000000,0x0000008cb1100000) (1024K)]
  0x000002817dbe2700 JavaThread "Compiler Class File Writer" daemon [_thread_blocked, id=18352, stack(0x0000008cb1100000,0x0000008cb1200000) (1024K)]
  0x000002817dbe4e60 JavaThread "Compiler Class File Writer" daemon [_thread_blocked, id=24488, stack(0x0000008cb1200000,0x0000008cb1300000) (1024K)]
  0x000002817dbe7c50 JavaThread "Compiler Class File Writer" daemon [_thread_blocked, id=21864, stack(0x0000008cb1300000,0x0000008cb1400000) (1024K)]
  0x000002817dbe75c0 JavaThread "Compiler Class File Writer" daemon [_thread_blocked, id=14764, stack(0x0000008cb1400000,0x0000008cb1500000) (1024K)]
  0x000002817dbe5b80 
[error occurred during error reporting (printing all threads), id 0xc0000005, EXCEPTION_ACCESS_VIOLATION (0xc0000005) at pc=0x00007fffc7f32be0]
VM state: at safepoint (normal execution)

VM Mutex/Monitor currently owned by a thread:  ([mutex/lock_event])
[0x00007fffc8a9e380] Threads_lock - owner thread: 0x000002816e68dbd0
[0x00007fffc8a9e480] Heap_lock - owner thread: 0x000002817a74b2c0

Heap address: 0x00000000c0000000, size: 1024 MB, Compressed Oops mode: 32-bit

CDS archive(s) mapped at: [0x000002810f000000-0x000002810fba0000-0x000002810fba0000), size 12189696, SharedBaseAddress: 0x000002810f000000, ArchiveRelocationMode: 1.
Compressed class space mapped at: 0x0000028110000000-0x0000028150000000, reserved size: 1073741824
Narrow klass base: 0x000002810f000000, Narrow klass shift: 0, Narrow klass range: 0x100000000

GC Precious Log:
 CardTable entry size: 512
 CPUs: 8 total, 8 available
 Memory: 16075M
 Large Page Support: Disabled
 NUMA Support: Disabled
 Compressed Oops: Enabled (32-bit)
 Alignments: Space 512K, Generation 512K, Heap 2M
 Heap Min Capacity: 100M
 Heap Initial Capacity: 100M
 Heap Max Capacity: 1G
 Pre-touch: Disabled
 Parallel Workers: 8

Heap:
 PSYoungGen      total 16384K, used 16377K [0x00000000eab00000, 0x00000000ec580000, 0x0000000100000000)
  eden space 13312K, 100% used [0x00000000eab00000,0x00000000eb800000,0x00000000eb800000)
  from space 3072K, 99% used [0x00000000eb800000,0x00000000ebafe730,0x00000000ebb00000)
  to   space 6144K, 49% used [0x00000000ebf80000,0x00000000ec27cbb8,0x00000000ec580000)
 ParOldGen       total 202240K, used 201788K [0x00000000c0000000, 0x00000000cc580000, 0x00000000eab00000)
  object space 202240K, 99% used [0x00000000c0000000,0x00000000cc50f3a0,0x00000000cc580000)
 Metaspace       used 60575K, committed 61888K, reserved 1114112K
  class space    used 6291K, committed 6848K, reserved 1048576K

Card table byte_map: [0x000002816df70000,0x000002816e180000] _byte_map_base: 0x000002816d970000

Marking Bits: (ParMarkBitMap*) 0x00007fffc8aa3260
 Begin Bits: [0x00000281717c0000, 0x00000281727c0000)
 End Bits:   [0x00000281727c0000, 0x00000281737c0000)

Polling page: 0x000002816c490000

Metaspace:

Usage:
  Non-class:     53.01 MB used.
      Class:      6.14 MB used.
       Both:     59.16 MB used.

Virtual space:
  Non-class space:       64.00 MB reserved,      53.75 MB ( 84%) committed,  1 nodes.
      Class space:        1.00 GB reserved,       6.69 MB ( <1%) committed,  1 nodes.
             Both:        1.06 GB reserved,      60.44 MB (  6%) committed. 

Chunk freelists:
   Non-Class:  9.46 MB
       Class:  9.34 MB
        Both:  18.80 MB

MaxMetaspaceSize: unlimited
CompressedClassSpaceSize: 1.00 GB
Initial GC threshold: 21.00 MB
Current GC threshold: 96.56 MB
CDS: on
 - commit_granule_bytes: 65536.
 - commit_granule_words: 8192.
 - virtual_space_node_default_size: 8388608.
 - enlarge_chunks_in_place: 1.
 - use_allocation_guard: 0.


Internal statistics:

num_allocs_failed_limit: 6.
num_arena_births: 1046.
num_arena_deaths: 14.
num_vsnodes_births: 2.
num_vsnodes_deaths: 0.
num_space_committed: 967.
num_space_uncommitted: 0.
num_chunks_returned_to_freelist: 20.
num_chunks_taken_from_freelist: 3806.
num_chunk_merges: 12.
num_chunk_splits: 2372.
num_chunks_enlarged: 1419.
num_inconsistent_stats: 0.

CodeHeap 'non-profiled nmethods': size=120000Kb used=5323Kb max_used=6378Kb free=114676Kb
 bounds [0x0000028107ad0000, 0x0000028108110000, 0x000002810f000000]
CodeHeap 'profiled nmethods': size=120000Kb used=15990Kb max_used=19488Kb free=104009Kb
 bounds [0x0000028100000000, 0x0000028101310000, 0x0000028107530000]
CodeHeap 'non-nmethods': size=5760Kb used=1449Kb max_used=1525Kb free=4310Kb
 bounds [0x0000028107530000, 0x00000281077a0000, 0x0000028107ad0000]
 total_blobs=8462 nmethods=7706 adapters=661
 compilation: enabled
              stopped_count=0, restarted_count=0
 full_count=0

Compilation events (20 events):
Event: 11.500 Thread 0x0000028173989db0 nmethod 9303 0x00000281080fa310 code [0x00000281080fa9c0, 0x00000281080fe2c0]
Event: 11.502 Thread 0x0000028173989db0 9485       4       java.util.ArrayList::toArray (57 bytes)
Event: 11.506 Thread 0x0000028173989db0 nmethod 9485 0x0000028108100490 code [0x0000028108100640, 0x0000028108100d28]
Event: 11.506 Thread 0x0000028173989db0 9409       4       org.eclipse.jdt.internal.compiler.lookup.BinaryTypeBinding::createMethod (1724 bytes)
Event: 11.542 Thread 0x000002817c322540 nmethod 9403 0x0000028108100f10 code [0x0000028108101480, 0x00000281081041a8]
Event: 11.542 Thread 0x000002817c322540 9343       4       org.eclipse.jdt.internal.compiler.lookup.BinaryTypeBinding::isPrototype (12 bytes)
Event: 11.543 Thread 0x000002817c322540 nmethod 9343 0x0000028108105290 code [0x0000028108105420, 0x00000281081054d0]
Event: 11.543 Thread 0x000002817c322540 9418       4       org.eclipse.jdt.internal.compiler.util.CharArray::hashCode (8 bytes)
Event: 11.543 Thread 0x000002817c322540 nmethod 9418 0x0000028108105590 code [0x0000028108105740, 0x0000028108105a08]
Event: 11.543 Thread 0x000002817c322540 9302       4       org.eclipse.jdt.internal.compiler.parser.Parser::tAction (35 bytes)
Event: 11.544 Thread 0x000002817c322540 nmethod 9302 0x0000028108105b10 code [0x0000028108105ca0, 0x0000028108105e08]
Event: 11.544 Thread 0x000002817c322540 9295  s    4       org.eclipse.jdt.internal.core.JavaModelManager::getInfo (39 bytes)
Event: 11.548 Thread 0x000002817538bcd0 9493       3       org.eclipse.jdt.internal.core.search.indexing.AbstractIndexer::addModuleExportedPackages (42 bytes)
Event: 11.548 Thread 0x000002817538bcd0 nmethod 9493 0x0000028101306a90 code [0x0000028101306ca0, 0x00000281013072f0]
Event: 11.548 Thread 0x000002817538bcd0 9494       3       org.eclipse.jdt.internal.core.search.matching.ModulePattern::createIndexKey (2 bytes)
Event: 11.549 Thread 0x000002817538bcd0 nmethod 9494 0x0000028101307610 code [0x00000281013077a0, 0x0000028101307890]
Event: 11.553 Thread 0x000002817538bcd0 9495       3       org.eclipse.jdt.internal.core.search.indexing.AbstractIndexer::addModuleReference (12 bytes)
Event: 11.554 Thread 0x000002817538bcd0 nmethod 9495 0x0000028101307910 code [0x0000028101307b00, 0x0000028101308068]
Event: 11.585 Thread 0x000002817c322540 nmethod 9295 0x0000028108105f90 code [0x00000281081063e0, 0x0000028108109508]
Event: 11.585 Thread 0x000002817c322540 9492       4       org.eclipse.jdt.internal.compiler.classfmt.MethodInfo::createMethod (710 bytes)

GC Heap History (20 events):
Event: 11.384 GC heap after
{Heap after GC invocations=156 (full 3):
 PSYoungGen      total 9216K, used 1841K [0x00000000eab00000, 0x00000000eb700000, 0x0000000100000000)
  eden space 7168K, 0% used [0x00000000eab00000,0x00000000eab00000,0x00000000eb200000)
  from space 2048K, 89% used [0x00000000eb200000,0x00000000eb3cc5d0,0x00000000eb400000)
  to   space 2048K, 0% used [0x00000000eb500000,0x00000000eb500000,0x00000000eb700000)
 ParOldGen       total 190976K, used 183114K [0x00000000c0000000, 0x00000000cba80000, 0x00000000eab00000)
  object space 190976K, 95% used [0x00000000c0000000,0x00000000cb2d2bf0,0x00000000cba80000)
 Metaspace       used 60298K, committed 61632K, reserved 1114112K
  class space    used 6280K, committed 6848K, reserved 1048576K
}
Event: 11.401 GC heap before
{Heap before GC invocations=157 (full 3):
 PSYoungGen      total 9216K, used 9009K [0x00000000eab00000, 0x00000000eb700000, 0x0000000100000000)
  eden space 7168K, 100% used [0x00000000eab00000,0x00000000eb200000,0x00000000eb200000)
  from space 2048K, 89% used [0x00000000eb200000,0x00000000eb3cc5d0,0x00000000eb400000)
  to   space 2048K, 0% used [0x00000000eb500000,0x00000000eb500000,0x00000000eb700000)
 ParOldGen       total 190976K, used 183114K [0x00000000c0000000, 0x00000000cba80000, 0x00000000eab00000)
  object space 190976K, 95% used [0x00000000c0000000,0x00000000cb2d2bf0,0x00000000cba80000)
 Metaspace       used 60316K, committed 61632K, reserved 1114112K
  class space    used 6281K, committed 6848K, reserved 1048576K
}
Event: 11.404 GC heap after
{Heap after GC invocations=157 (full 3):
 PSYoungGen      total 10240K, used 1857K [0x00000000eab00000, 0x00000000eb700000, 0x0000000100000000)
  eden space 8192K, 0% used [0x00000000eab00000,0x00000000eab00000,0x00000000eb300000)
  from space 2048K, 90% used [0x00000000eb500000,0x00000000eb6d0540,0x00000000eb700000)
  to   space 2048K, 0% used [0x00000000eb300000,0x00000000eb300000,0x00000000eb500000)
 ParOldGen       total 190976K, used 184687K [0x00000000c0000000, 0x00000000cba80000, 0x00000000eab00000)
  object space 190976K, 96% used [0x00000000c0000000,0x00000000cb45bd70,0x00000000cba80000)
 Metaspace       used 60316K, committed 61632K, reserved 1114112K
  class space    used 6281K, committed 6848K, reserved 1048576K
}
Event: 11.420 GC heap before
{Heap before GC invocations=158 (full 3):
 PSYoungGen      total 10240K, used 10049K [0x00000000eab00000, 0x00000000eb700000, 0x0000000100000000)
  eden space 8192K, 100% used [0x00000000eab00000,0x00000000eb300000,0x00000000eb300000)
  from space 2048K, 90% used [0x00000000eb500000,0x00000000eb6d0540,0x00000000eb700000)
  to   space 2048K, 0% used [0x00000000eb300000,0x00000000eb300000,0x00000000eb500000)
 ParOldGen       total 190976K, used 184687K [0x00000000c0000000, 0x00000000cba80000, 0x00000000eab00000)
  object space 190976K, 96% used [0x00000000c0000000,0x00000000cb45bd70,0x00000000cba80000)
 Metaspace       used 60371K, committed 61696K, reserved 1114112K
  class space    used 6283K, committed 6848K, reserved 1048576K
}
Event: 11.422 GC heap after
{Heap after GC invocations=158 (full 3):
 PSYoungGen      total 10240K, used 1808K [0x00000000eab00000, 0x00000000eb880000, 0x0000000100000000)
  eden space 8192K, 0% used [0x00000000eab00000,0x00000000eab00000,0x00000000eb300000)
  from space 2048K, 88% used [0x00000000eb300000,0x00000000eb4c42e8,0x00000000eb500000)
  to   space 2048K, 0% used [0x00000000eb680000,0x00000000eb680000,0x00000000eb880000)
 ParOldGen       total 190976K, used 186389K [0x00000000c0000000, 0x00000000cba80000, 0x00000000eab00000)
  object space 190976K, 97% used [0x00000000c0000000,0x00000000cb6055f0,0x00000000cba80000)
 Metaspace       used 60371K, committed 61696K, reserved 1114112K
  class space    used 6283K, committed 6848K, reserved 1048576K
}
Event: 11.443 GC heap before
{Heap before GC invocations=159 (full 3):
 PSYoungGen      total 10240K, used 10000K [0x00000000eab00000, 0x00000000eb880000, 0x0000000100000000)
  eden space 8192K, 100% used [0x00000000eab00000,0x00000000eb300000,0x00000000eb300000)
  from space 2048K, 88% used [0x00000000eb300000,0x00000000eb4c42e8,0x00000000eb500000)
  to   space 2048K, 0% used [0x00000000eb680000,0x00000000eb680000,0x00000000eb880000)
 ParOldGen       total 190976K, used 186389K [0x00000000c0000000, 0x00000000cba80000, 0x00000000eab00000)
  object space 190976K, 97% used [0x00000000c0000000,0x00000000cb6055f0,0x00000000cba80000)
 Metaspace       used 60422K, committed 61760K, reserved 1114112K
  class space    used 6284K, committed 6848K, reserved 1048576K
}
Event: 11.445 GC heap after
{Heap after GC invocations=159 (full 3):
 PSYoungGen      total 11776K, used 1978K [0x00000000eab00000, 0x00000000eb880000, 0x0000000100000000)
  eden space 9728K, 0% used [0x00000000eab00000,0x00000000eab00000,0x00000000eb480000)
  from space 2048K, 96% used [0x00000000eb680000,0x00000000eb86e950,0x00000000eb880000)
  to   space 2048K, 0% used [0x00000000eb480000,0x00000000eb480000,0x00000000eb680000)
 ParOldGen       total 190976K, used 188116K [0x00000000c0000000, 0x00000000cba80000, 0x00000000eab00000)
  object space 190976K, 98% used [0x00000000c0000000,0x00000000cb7b5370,0x00000000cba80000)
 Metaspace       used 60422K, committed 61760K, reserved 1114112K
  class space    used 6284K, committed 6848K, reserved 1048576K
}
Event: 11.465 GC heap before
{Heap before GC invocations=160 (full 3):
 PSYoungGen      total 11776K, used 11706K [0x00000000eab00000, 0x00000000eb880000, 0x0000000100000000)
  eden space 9728K, 100% used [0x00000000eab00000,0x00000000eb480000,0x00000000eb480000)
  from space 2048K, 96% used [0x00000000eb680000,0x00000000eb86e950,0x00000000eb880000)
  to   space 2048K, 0% used [0x00000000eb480000,0x00000000eb480000,0x00000000eb680000)
 ParOldGen       total 190976K, used 188116K [0x00000000c0000000, 0x00000000cba80000, 0x00000000eab00000)
  object space 190976K, 98% used [0x00000000c0000000,0x00000000cb7b5370,0x00000000cba80000)
 Metaspace       used 60476K, committed 61760K, reserved 1114112K
  class space    used 6285K, committed 6848K, reserved 1048576K
}
Event: 11.467 GC heap after
{Heap after GC invocations=160 (full 3):
 PSYoungGen      total 11776K, used 2019K [0x00000000eab00000, 0x00000000ebf80000, 0x0000000100000000)
  eden space 9728K, 0% used [0x00000000eab00000,0x00000000eab00000,0x00000000eb480000)
  from space 2048K, 98% used [0x00000000eb480000,0x00000000eb678c88,0x00000000eb680000)
  to   space 5120K, 0% used [0x00000000eba80000,0x00000000eba80000,0x00000000ebf80000)
 ParOldGen       total 190976K, used 190320K [0x00000000c0000000, 0x00000000cba80000, 0x00000000eab00000)
  object space 190976K, 99% used [0x00000000c0000000,0x00000000cb9dc3f0,0x00000000cba80000)
 Metaspace       used 60476K, committed 61760K, reserved 1114112K
  class space    used 6285K, committed 6848K, reserved 1048576K
}
Event: 11.491 GC heap before
{Heap before GC invocations=161 (full 3):
 PSYoungGen      total 11776K, used 11708K [0x00000000eab00000, 0x00000000ebf80000, 0x0000000100000000)
  eden space 9728K, 99% used [0x00000000eab00000,0x00000000eb476768,0x00000000eb480000)
  from space 2048K, 98% used [0x00000000eb480000,0x00000000eb678c88,0x00000000eb680000)
  to   space 5120K, 0% used [0x00000000eba80000,0x00000000eba80000,0x00000000ebf80000)
 ParOldGen       total 190976K, used 190320K [0x00000000c0000000, 0x00000000cba80000, 0x00000000eab00000)
  object space 190976K, 99% used [0x00000000c0000000,0x00000000cb9dc3f0,0x00000000cba80000)
 Metaspace       used 60571K, committed 61888K, reserved 1114112K
  class space    used 6291K, committed 6848K, reserved 1048576K
}
Event: 11.496 GC heap after
{Heap after GC invocations=161 (full 3):
 PSYoungGen      total 13824K, used 2272K [0x00000000eab00000, 0x00000000ebd00000, 0x0000000100000000)
  eden space 11264K, 0% used [0x00000000eab00000,0x00000000eab00000,0x00000000eb600000)
  from space 2560K, 88% used [0x00000000eba80000,0x00000000ebcb83d0,0x00000000ebd00000)
  to   space 3072K, 0% used [0x00000000eb700000,0x00000000eb700000,0x00000000eba00000)
 ParOldGen       total 192512K, used 192260K [0x00000000c0000000, 0x00000000cbc00000, 0x00000000eab00000)
  object space 192512K, 99% used [0x00000000c0000000,0x00000000cbbc13b8,0x00000000cbc00000)
 Metaspace       used 60571K, committed 61888K, reserved 1114112K
  class space    used 6291K, committed 6848K, reserved 1048576K
}
Event: 11.518 GC heap before
{Heap before GC invocations=162 (full 3):
 PSYoungGen      total 13824K, used 13536K [0x00000000eab00000, 0x00000000ebd00000, 0x0000000100000000)
  eden space 11264K, 100% used [0x00000000eab00000,0x00000000eb600000,0x00000000eb600000)
  from space 2560K, 88% used [0x00000000eba80000,0x00000000ebcb83d0,0x00000000ebd00000)
  to   space 3072K, 0% used [0x00000000eb700000,0x00000000eb700000,0x00000000eba00000)
 ParOldGen       total 192512K, used 192260K [0x00000000c0000000, 0x00000000cbc00000, 0x00000000eab00000)
  object space 192512K, 99% used [0x00000000c0000000,0x00000000cbbc13b8,0x00000000cbc00000)
 Metaspace       used 60574K, committed 61888K, reserved 1114112K
  class space    used 6291K, committed 6848K, reserved 1048576K
}
Event: 11.521 GC heap after
{Heap after GC invocations=162 (full 3):
 PSYoungGen      total 15360K, used 2988K [0x00000000eab00000, 0x00000000ebe80000, 0x0000000100000000)
  eden space 12288K, 0% used [0x00000000eab00000,0x00000000eab00000,0x00000000eb700000)
  from space 3072K, 97% used [0x00000000eb700000,0x00000000eb9eb068,0x00000000eba00000)
  to   space 3584K, 0% used [0x00000000ebb00000,0x00000000ebb00000,0x00000000ebe80000)
 ParOldGen       total 194560K, used 194358K [0x00000000c0000000, 0x00000000cbe00000, 0x00000000eab00000)
  object space 194560K, 99% used [0x00000000c0000000,0x00000000cbdcd9f8,0x00000000cbe00000)
 Metaspace       used 60574K, committed 61888K, reserved 1114112K
  class space    used 6291K, committed 6848K, reserved 1048576K
}
Event: 11.549 GC heap before
{Heap before GC invocations=163 (full 3):
 PSYoungGen      total 15360K, used 15276K [0x00000000eab00000, 0x00000000ebe80000, 0x0000000100000000)
  eden space 12288K, 100% used [0x00000000eab00000,0x00000000eb700000,0x00000000eb700000)
  from space 3072K, 97% used [0x00000000eb700000,0x00000000eb9eb068,0x00000000eba00000)
  to   space 3584K, 0% used [0x00000000ebb00000,0x00000000ebb00000,0x00000000ebe80000)
 ParOldGen       total 194560K, used 194358K [0x00000000c0000000, 0x00000000cbe00000, 0x00000000eab00000)
  object space 194560K, 99% used [0x00000000c0000000,0x00000000cbdcd9f8,0x00000000cbe00000)
 Metaspace       used 60575K, committed 61888K, reserved 1114112K
  class space    used 6291K, committed 6848K, reserved 1048576K
}
Event: 11.552 GC heap after
{Heap after GC invocations=163 (full 3):
 PSYoungGen      total 16896K, used 2852K [0x00000000eab00000, 0x00000000ebe80000, 0x0000000100000000)
  eden space 13312K, 0% used [0x00000000eab00000,0x00000000eab00000,0x00000000eb800000)
  from space 3584K, 79% used [0x00000000ebb00000,0x00000000ebdc9270,0x00000000ebe80000)
  to   space 3072K, 0% used [0x00000000eb800000,0x00000000eb800000,0x00000000ebb00000)
 ParOldGen       total 197632K, used 197181K [0x00000000c0000000, 0x00000000cc100000, 0x00000000eab00000)
  object space 197632K, 99% used [0x00000000c0000000,0x00000000cc08f450,0x00000000cc100000)
 Metaspace       used 60575K, committed 61888K, reserved 1114112K
  class space    used 6291K, committed 6848K, reserved 1048576K
}
Event: 11.576 GC heap before
{Heap before GC invocations=164 (full 3):
 PSYoungGen      total 16896K, used 16164K [0x00000000eab00000, 0x00000000ebe80000, 0x0000000100000000)
  eden space 13312K, 100% used [0x00000000eab00000,0x00000000eb800000,0x00000000eb800000)
  from space 3584K, 79% used [0x00000000ebb00000,0x00000000ebdc9270,0x00000000ebe80000)
  to   space 3072K, 0% used [0x00000000eb800000,0x00000000eb800000,0x00000000ebb00000)
 ParOldGen       total 197632K, used 197181K [0x00000000c0000000, 0x00000000cc100000, 0x00000000eab00000)
  object space 197632K, 99% used [0x00000000c0000000,0x00000000cc08f450,0x00000000cc100000)
 Metaspace       used 60575K, committed 61888K, reserved 1114112K
  class space    used 6291K, committed 6848K, reserved 1048576K
}
Event: 11.580 GC heap after
{Heap after GC invocations=164 (full 3):
 PSYoungGen      total 16384K, used 3065K [0x00000000eab00000, 0x00000000ec580000, 0x0000000100000000)
  eden space 13312K, 0% used [0x00000000eab00000,0x00000000eab00000,0x00000000eb800000)
  from space 3072K, 99% used [0x00000000eb800000,0x00000000ebafe730,0x00000000ebb00000)
  to   space 6144K, 0% used [0x00000000ebf80000,0x00000000ebf80000,0x00000000ec580000)
 ParOldGen       total 200192K, used 199681K [0x00000000c0000000, 0x00000000cc380000, 0x00000000eab00000)
  object space 200192K, 99% used [0x00000000c0000000,0x00000000cc300778,0x00000000cc380000)
 Metaspace       used 60575K, committed 61888K, reserved 1114112K
  class space    used 6291K, committed 6848K, reserved 1048576K
}
Event: 11.601 GC heap before
{Heap before GC invocations=165 (full 3):
 PSYoungGen      total 16384K, used 16377K [0x00000000eab00000, 0x00000000ec580000, 0x0000000100000000)
  eden space 13312K, 100% used [0x00000000eab00000,0x00000000eb800000,0x00000000eb800000)
  from space 3072K, 99% used [0x00000000eb800000,0x00000000ebafe730,0x00000000ebb00000)
  to   space 6144K, 0% used [0x00000000ebf80000,0x00000000ebf80000,0x00000000ec580000)
 ParOldGen       total 200192K, used 199681K [0x00000000c0000000, 0x00000000cc380000, 0x00000000eab00000)
  object space 200192K, 99% used [0x00000000c0000000,0x00000000cc300778,0x00000000cc380000)
 Metaspace       used 60575K, committed 61888K, reserved 1114112K
  class space    used 6291K, committed 6848K, reserved 1048576K
}
Event: 11.605 GC heap after
{Heap after GC invocations=165 (full 3):
 PSYoungGen      total 16384K, used 16377K [0x00000000eab00000, 0x00000000ec580000, 0x0000000100000000)
  eden space 13312K, 100% used [0x00000000eab00000,0x00000000eb800000,0x00000000eb800000)
  from space 3072K, 99% used [0x00000000eb800000,0x00000000ebafe730,0x00000000ebb00000)
  to   space 6144K, 49% used [0x00000000ebf80000,0x00000000ec27cbb8,0x00000000ec580000)
 ParOldGen       total 202240K, used 201788K [0x00000000c0000000, 0x00000000cc580000, 0x00000000eab00000)
  object space 202240K, 99% used [0x00000000c0000000,0x00000000cc50f3a0,0x00000000cc580000)
 Metaspace       used 60575K, committed 61888K, reserved 1114112K
  class space    used 6291K, committed 6848K, reserved 1048576K
}
Event: 11.605 GC heap before
{Heap before GC invocations=166 (full 4):
 PSYoungGen      total 16384K, used 16377K [0x00000000eab00000, 0x00000000ec580000, 0x0000000100000000)
  eden space 13312K, 100% used [0x00000000eab00000,0x00000000eb800000,0x00000000eb800000)
  from space 3072K, 99% used [0x00000000eb800000,0x00000000ebafe730,0x00000000ebb00000)
  to   space 6144K, 49% used [0x00000000ebf80000,0x00000000ec27cbb8,0x00000000ec580000)
 ParOldGen       total 202240K, used 201788K [0x00000000c0000000, 0x00000000cc580000, 0x00000000eab00000)
  object space 202240K, 99% used [0x00000000c0000000,0x00000000cc50f3a0,0x00000000cc580000)
 Metaspace       used 60575K, committed 61888K, reserved 1114112K
  class space    used 6291K, committed 6848K, reserved 1048576K
}

Dll operation events (10 events):
Event: 0.012 Loaded shared library c:\Users\ASUS\.vscode\extensions\redhat.java-1.40.0-win32-x64\jre\21.0.6-win32-x86_64\bin\java.dll
Event: 0.133 Loaded shared library c:\Users\ASUS\.vscode\extensions\redhat.java-1.40.0-win32-x64\jre\21.0.6-win32-x86_64\bin\zip.dll
Event: 0.157 Loaded shared library C:\Users\ASUS\.vscode\extensions\redhat.java-1.40.0-win32-x64\jre\21.0.6-win32-x86_64\bin\instrument.dll
Event: 0.162 Loaded shared library C:\Users\ASUS\.vscode\extensions\redhat.java-1.40.0-win32-x64\jre\21.0.6-win32-x86_64\bin\net.dll
Event: 0.164 Loaded shared library C:\Users\ASUS\.vscode\extensions\redhat.java-1.40.0-win32-x64\jre\21.0.6-win32-x86_64\bin\nio.dll
Event: 0.173 Loaded shared library C:\Users\ASUS\.vscode\extensions\redhat.java-1.40.0-win32-x64\jre\21.0.6-win32-x86_64\bin\zip.dll
Event: 0.198 Loaded shared library C:\Users\ASUS\.vscode\extensions\redhat.java-1.40.0-win32-x64\jre\21.0.6-win32-x86_64\bin\jimage.dll
Event: 0.303 Loaded shared library c:\Users\ASUS\.vscode\extensions\redhat.java-1.40.0-win32-x64\jre\21.0.6-win32-x86_64\bin\verify.dll
Event: 1.636 Loaded shared library C:\Users\ASUS\AppData\Roaming\Code\User\globalStorage\redhat.java\1.40.0\config_win\org.eclipse.equinox.launcher\org.eclipse.equinox.launcher.win32.win32.x86_64_1.2.1200.v20250212-0927\eclipse_11909.dll
Event: 3.018 Loaded shared library C:\Users\ASUS\AppData\Local\Temp\jna-2018896\jna3865328370527796307.dll

Deoptimization events (20 events):
Event: 11.334 Thread 0x000002817a74b2c0 Uncommon trap: trap_request=0xffffff45 fr.pc=0x0000028107f136d8 relative=0x0000000000000e18
Event: 11.334 Thread 0x000002817a74b2c0 Uncommon trap: reason=unstable_if action=reinterpret pc=0x0000028107f136d8 method=org.eclipse.jdt.internal.compiler.classfmt.FieldInfo.createField([B[IIJ)Lorg/eclipse/jdt/internal/compiler/classfmt/FieldInfo; @ 167 c2
Event: 11.334 Thread 0x000002817a74b2c0 DEOPT PACKING pc=0x0000028107f136d8 sp=0x0000008caf0fec00
Event: 11.334 Thread 0x000002817a74b2c0 DEOPT UNPACKING pc=0x0000028107586da2 sp=0x0000008caf0feb68 mode 2
Event: 11.390 Thread 0x000002817a747e40 DEOPT PACKING pc=0x000002810117863e sp=0x0000008caf1fe850
Event: 11.390 Thread 0x000002817a747e40 DEOPT UNPACKING pc=0x00000281075878e2 sp=0x0000008caf1fdd60 mode 0
Event: 11.405 Thread 0x000002817a747e40 DEOPT PACKING pc=0x000002810080c350 sp=0x0000008caf1fbb40
Event: 11.405 Thread 0x000002817a747e40 DEOPT UNPACKING pc=0x00000281075878e2 sp=0x0000008caf1fb0e8 mode 0
Event: 11.416 Thread 0x000002817a747e40 Uncommon trap: trap_request=0xffffffd6 fr.pc=0x00000281080700dc relative=0x00000000000017dc
Event: 11.416 Thread 0x000002817a747e40 Uncommon trap: reason=array_check action=maybe_recompile pc=0x00000281080700dc method=java.util.TimSort.reverseRange([Ljava/lang/Object;II)V @ 27 c2
Event: 11.416 Thread 0x000002817a747e40 DEOPT PACKING pc=0x00000281080700dc sp=0x0000008caf1fe2b0
Event: 11.416 Thread 0x000002817a747e40 DEOPT UNPACKING pc=0x0000028107586da2 sp=0x0000008caf1fe158 mode 2
Event: 11.418 Thread 0x000002817a747e40 Uncommon trap: trap_request=0xffffffd6 fr.pc=0x00000281080700dc relative=0x00000000000017dc
Event: 11.418 Thread 0x000002817a747e40 Uncommon trap: reason=array_check action=maybe_recompile pc=0x00000281080700dc method=java.util.TimSort.reverseRange([Ljava/lang/Object;II)V @ 27 c2
Event: 11.418 Thread 0x000002817a747e40 DEOPT PACKING pc=0x00000281080700dc sp=0x0000008caf1fdd80
Event: 11.418 Thread 0x000002817a747e40 DEOPT UNPACKING pc=0x0000028107586da2 sp=0x0000008caf1fdc28 mode 2
Event: 11.458 Thread 0x000002817a747e40 Uncommon trap: trap_request=0xffffff45 fr.pc=0x0000028107e21ea0 relative=0x0000000000000080
Event: 11.458 Thread 0x000002817a747e40 Uncommon trap: reason=unstable_if action=reinterpret pc=0x0000028107e21ea0 method=java.util.Arrays.equals([C[C)Z @ 8 c2
Event: 11.458 Thread 0x000002817a747e40 DEOPT PACKING pc=0x0000028107e21ea0 sp=0x0000008caf1fe880
Event: 11.458 Thread 0x000002817a747e40 DEOPT UNPACKING pc=0x0000028107586da2 sp=0x0000008caf1fe808 mode 2

Classes loaded (20 events):
Event: 9.858 Loading class java/util/Collections$SynchronizedRandomAccessList
Event: 9.858 Loading class java/util/Collections$SynchronizedList
Event: 9.858 Loading class java/util/Collections$SynchronizedList done
Event: 9.858 Loading class java/util/Collections$SynchronizedRandomAccessList done
Event: 9.872 Loading class java/util/concurrent/CompletableFuture$Signaller
Event: 9.873 Loading class java/util/concurrent/CompletableFuture$Signaller done
Event: 9.948 Loading class java/nio/charset/CharacterCodingException
Event: 9.948 Loading class java/nio/charset/CharacterCodingException done
Event: 9.948 Loading class java/io/SequenceInputStream
Event: 9.948 Loading class java/io/SequenceInputStream done
Event: 11.041 Loading class java/util/concurrent/CompletableFuture$UniApply
Event: 11.041 Loading class java/util/concurrent/CompletableFuture$UniCompletion
Event: 11.041 Loading class java/util/concurrent/CompletableFuture$UniCompletion done
Event: 11.041 Loading class java/util/concurrent/CompletableFuture$UniApply done
Event: 11.041 Loading class java/util/concurrent/CompletableFuture$UniAccept
Event: 11.041 Loading class java/util/concurrent/CompletableFuture$UniAccept done
Event: 11.041 Loading class java/util/concurrent/CompletableFuture$UniExceptionally
Event: 11.041 Loading class java/util/concurrent/CompletableFuture$UniExceptionally done
Event: 11.075 Loading class java/util/Hashtable$KeySet
Event: 11.076 Loading class java/util/Hashtable$KeySet done

Classes unloaded (7 events):
Event: 3.683 Thread 0x000002816e68dbd0 Unloading class 0x000002811019bc00 'java/lang/invoke/LambdaForm$MH+0x000002811019bc00'
Event: 3.683 Thread 0x000002816e68dbd0 Unloading class 0x000002811019b800 'java/lang/invoke/LambdaForm$MH+0x000002811019b800'
Event: 3.683 Thread 0x000002816e68dbd0 Unloading class 0x000002811019b400 'java/lang/invoke/LambdaForm$MH+0x000002811019b400'
Event: 3.683 Thread 0x000002816e68dbd0 Unloading class 0x000002811019b000 'java/lang/invoke/LambdaForm$MH+0x000002811019b000'
Event: 3.683 Thread 0x000002816e68dbd0 Unloading class 0x000002811019ac00 'java/lang/invoke/LambdaForm$BMH+0x000002811019ac00'
Event: 3.683 Thread 0x000002816e68dbd0 Unloading class 0x000002811019a800 'java/lang/invoke/LambdaForm$DMH+0x000002811019a800'
Event: 3.683 Thread 0x000002816e68dbd0 Unloading class 0x0000028110199400 'java/lang/invoke/LambdaForm$DMH+0x0000028110199400'

Classes redefined (0 events):
No events

Internal exceptions (20 events):
Event: 11.115 Thread 0x000002817a7484d0 Exception <a 'java/io/FileNotFoundException'{0x00000000eac90288}> (0x00000000eac90288) 
thrown [s\src\hotspot\share\prims\jni.cpp, line 520]
Event: 11.116 Thread 0x000002817a7484d0 Exception <a 'java/io/FileNotFoundException'{0x00000000eac90ff8}> (0x00000000eac90ff8) 
thrown [s\src\hotspot\share\prims\jni.cpp, line 520]
Event: 11.124 Thread 0x000002817a7484d0 Exception <a 'sun/nio/fs/WindowsException'{0x00000000eaddc2a8}> (0x00000000eaddc2a8) 
thrown [s\src\hotspot\share\prims\jni.cpp, line 520]
Event: 11.124 Thread 0x000002817a7484d0 Exception <a 'sun/nio/fs/WindowsException'{0x00000000eaddcaa8}> (0x00000000eaddcaa8) 
thrown [s\src\hotspot\share\prims\jni.cpp, line 520]
Event: 11.138 Thread 0x000002817a7484d0 Exception <a 'sun/nio/fs/WindowsException'{0x00000000eafabc70}> (0x00000000eafabc70) 
thrown [s\src\hotspot\share\prims\jni.cpp, line 520]
Event: 11.138 Thread 0x000002817a7484d0 Exception <a 'sun/nio/fs/WindowsException'{0x00000000eafac470}> (0x00000000eafac470) 
thrown [s\src\hotspot\share\prims\jni.cpp, line 520]
Event: 11.139 Thread 0x000002817a7484d0 Exception <a 'sun/nio/fs/WindowsException'{0x00000000eafad530}> (0x00000000eafad530) 
thrown [s\src\hotspot\share\prims\jni.cpp, line 520]
Event: 11.139 Thread 0x000002817a7484d0 Exception <a 'sun/nio/fs/WindowsException'{0x00000000eafadd30}> (0x00000000eafadd30) 
thrown [s\src\hotspot\share\prims\jni.cpp, line 520]
Event: 11.139 Thread 0x000002817a7484d0 Exception <a 'sun/nio/fs/WindowsException'{0x00000000eafaf4d8}> (0x00000000eafaf4d8) 
thrown [s\src\hotspot\share\prims\jni.cpp, line 520]
Event: 11.139 Thread 0x000002817a7484d0 Exception <a 'sun/nio/fs/WindowsException'{0x00000000eafd8248}> (0x00000000eafd8248) 
thrown [s\src\hotspot\share\prims\jni.cpp, line 520]
Event: 11.151 Thread 0x000002817a7484d0 Exception <a 'sun/nio/fs/WindowsException'{0x00000000eb0b84f0}> (0x00000000eb0b84f0) 
thrown [s\src\hotspot\share\prims\jni.cpp, line 520]
Event: 11.151 Thread 0x000002817a7484d0 Exception <a 'sun/nio/fs/WindowsException'{0x00000000eb0b8f30}> (0x00000000eb0b8f30) 
thrown [s\src\hotspot\share\prims\jni.cpp, line 520]
Event: 11.151 Thread 0x000002817a7484d0 Exception <a 'sun/nio/fs/WindowsException'{0x00000000eb0b9ff0}> (0x00000000eb0b9ff0) 
thrown [s\src\hotspot\share\prims\jni.cpp, line 520]
Event: 11.151 Thread 0x000002817a7484d0 Exception <a 'sun/nio/fs/WindowsException'{0x00000000eb0ba7f0}> (0x00000000eb0ba7f0) 
thrown [s\src\hotspot\share\prims\jni.cpp, line 520]
Event: 11.152 Thread 0x000002817a7484d0 Exception <a 'sun/nio/fs/WindowsException'{0x00000000eb0bbf98}> (0x00000000eb0bbf98) 
thrown [s\src\hotspot\share\prims\jni.cpp, line 520]
Event: 11.152 Thread 0x000002817a7484d0 Exception <a 'sun/nio/fs/WindowsException'{0x00000000eb0bc798}> (0x00000000eb0bc798) 
thrown [s\src\hotspot\share\prims\jni.cpp, line 520]
Event: 11.166 Thread 0x000002817d459000 Exception <a 'java/lang/IncompatibleClassChangeError'{0x00000000eaba2588}: Found class java.lang.Object, but interface was expected> (0x00000000eaba2588) 
thrown [s\src\hotspot\share\interpreter\linkResolver.cpp, line 840]
Event: 11.236 Thread 0x000002817a7484d0 Exception <a 'java/lang/NoSuchMethodError'{0x00000000eaf6ac30}: 'java.lang.Object java.lang.invoke.DirectMethodHandle$Holder.invokeStatic(java.lang.Object, java.lang.Object, int, java.lang.Object)'> (0x00000000eaf6ac30) 
thrown [s\src\hotspot\share\interpreter\linkResolver.cpp, line 773]
Event: 11.237 Thread 0x000002817a7484d0 Exception <a 'java/lang/NoSuchMethodError'{0x00000000eaf71598}: 'java.lang.Object java.lang.invoke.DirectMethodHandle$Holder.newInvokeSpecial(java.lang.Object, java.lang.Object, int)'> (0x00000000eaf71598) 
thrown [s\src\hotspot\share\interpreter\linkResolver.cpp, line 773]
Event: 11.458 Thread 0x000002817a747e40 Implicit null exception at 0x0000028107e21e46 to 0x0000028107e21e8f

ZGC Phase Switch (0 events):
No events

VM Operations (20 events):
Event: 11.367 Executing VM operation: ParallelGCFailedAllocation (Allocation Failure) done
Event: 11.382 Executing VM operation: ParallelGCFailedAllocation (Allocation Failure)
Event: 11.384 Executing VM operation: ParallelGCFailedAllocation (Allocation Failure) done
Event: 11.401 Executing VM operation: ParallelGCFailedAllocation (Allocation Failure)
Event: 11.404 Executing VM operation: ParallelGCFailedAllocation (Allocation Failure) done
Event: 11.419 Executing VM operation: ParallelGCFailedAllocation (Allocation Failure)
Event: 11.422 Executing VM operation: ParallelGCFailedAllocation (Allocation Failure) done
Event: 11.443 Executing VM operation: ParallelGCFailedAllocation (Allocation Failure)
Event: 11.445 Executing VM operation: ParallelGCFailedAllocation (Allocation Failure) done
Event: 11.465 Executing VM operation: ParallelGCFailedAllocation (Allocation Failure)
Event: 11.467 Executing VM operation: ParallelGCFailedAllocation (Allocation Failure) done
Event: 11.491 Executing VM operation: ParallelGCFailedAllocation (Allocation Failure)
Event: 11.496 Executing VM operation: ParallelGCFailedAllocation (Allocation Failure) done
Event: 11.518 Executing VM operation: ParallelGCFailedAllocation (Allocation Failure)
Event: 11.521 Executing VM operation: ParallelGCFailedAllocation (Allocation Failure) done
Event: 11.549 Executing VM operation: ParallelGCFailedAllocation (Allocation Failure)
Event: 11.552 Executing VM operation: ParallelGCFailedAllocation (Allocation Failure) done
Event: 11.576 Executing VM operation: ParallelGCFailedAllocation (Allocation Failure)
Event: 11.580 Executing VM operation: ParallelGCFailedAllocation (Allocation Failure) done
Event: 11.601 Executing VM operation: ParallelGCFailedAllocation (Allocation Failure)

Memory protections (0 events):
No events

Nmethod flushes (20 events):
Event: 10.109 Thread 0x000002816e68dbd0 flushing  nmethod 0x00000281008a3c10
Event: 10.109 Thread 0x000002816e68dbd0 flushing  nmethod 0x00000281008a5510
Event: 10.109 Thread 0x000002816e68dbd0 flushing  nmethod 0x00000281008a5d90
Event: 10.109 Thread 0x000002816e68dbd0 flushing  nmethod 0x00000281008a6390
Event: 10.109 Thread 0x000002816e68dbd0 flushing  nmethod 0x00000281008a9890
Event: 10.109 Thread 0x000002816e68dbd0 flushing  nmethod 0x00000281008aa390
Event: 10.109 Thread 0x000002816e68dbd0 flushing  nmethod 0x00000281008bbb90
Event: 10.109 Thread 0x000002816e68dbd0 flushing  nmethod 0x00000281008be290
Event: 10.109 Thread 0x000002816e68dbd0 flushing  nmethod 0x00000281008c6f10
Event: 10.109 Thread 0x000002816e68dbd0 flushing  nmethod 0x00000281008cec90
Event: 10.109 Thread 0x000002816e68dbd0 flushing  nmethod 0x00000281008e1c90
Event: 10.109 Thread 0x000002816e68dbd0 flushing  nmethod 0x00000281008fc610
Event: 10.109 Thread 0x000002816e68dbd0 flushing  nmethod 0x000002810092f410
Event: 10.109 Thread 0x000002816e68dbd0 flushing  nmethod 0x000002810092f890
Event: 10.109 Thread 0x000002816e68dbd0 flushing  nmethod 0x0000028100935d90
Event: 10.109 Thread 0x000002816e68dbd0 flushing  nmethod 0x0000028100937890
Event: 10.109 Thread 0x000002816e68dbd0 flushing  nmethod 0x0000028100945a90
Event: 10.109 Thread 0x000002816e68dbd0 flushing  nmethod 0x0000028100948690
Event: 10.109 Thread 0x000002816e68dbd0 flushing  nmethod 0x0000028100948c90
Event: 10.109 Thread 0x000002816e68dbd0 flushing  nmethod 0x000002810094ee90

Events (20 events):
Event: 7.881 Thread 0x000002817d45dec0 Thread added: 0x000002817d459690
Event: 7.881 Thread 0x000002817d456f30 Thread added: 0x000002817d459d20
Event: 7.881 Thread 0x000002817d4575c0 Thread added: 0x000002817dbe4140
Event: 7.906 Thread 0x000002817a74a5a0 Thread added: 0x000002817dbe6210
Event: 7.906 Thread 0x000002817a74a5a0 Thread added: 0x000002817dbe68a0
Event: 7.906 Thread 0x000002817a74a5a0 Thread added: 0x000002817dbe2d90
Event: 7.906 Thread 0x000002817a74a5a0 Thread added: 0x000002817dbe47d0
Event: 7.906 Thread 0x000002817a74a5a0 Thread added: 0x000002817dbe8970
Event: 7.906 Thread 0x000002817a74a5a0 Thread added: 0x000002817dbe6f30
Event: 8.634 Thread 0x000002817aa74040 Thread exited: 0x000002817aa74040
Event: 8.783 Thread 0x000002817a74a5a0 Thread added: 0x000002817dbe3420
Event: 8.884 Thread 0x000002817a74a5a0 Thread added: 0x000002817dbe82e0
Event: 8.895 Thread 0x000002817a74a5a0 Thread added: 0x000002817dbe9690
Event: 8.940 Thread 0x000002817a74a5a0 Thread added: 0x000002817dbe2700
Event: 8.940 Thread 0x000002817a74a5a0 Thread added: 0x000002817dbe4e60
Event: 8.948 Thread 0x000002817a74a5a0 Thread added: 0x000002817dbe7c50
Event: 8.976 Thread 0x000002817a74a5a0 Thread added: 0x000002817dbe75c0
Event: 10.038 Thread 0x000002817d459000 Thread added: 0x000002817dbe5b80
Event: 11.043 Thread 0x000002817d459000 Thread added: 0x000002817dbe9000
Event: 11.197 Thread 0x000002817dbe5b80 Thread added: 0x000002817bf73c00


Dynamic libraries:
0x00007ff612800000 - 0x00007ff61280e000 	c:\Users\ASUS\.vscode\extensions\redhat.java-1.40.0-win32-x64\jre\21.0.6-win32-x86_64\bin\java.exe
0x00007ff8848b0000 - 0x00007ff884ac7000 	C:\WINDOWS\SYSTEM32\ntdll.dll
0x00007ff882580000 - 0x00007ff882644000 	C:\WINDOWS\System32\KERNEL32.DLL
0x00007ff882030000 - 0x00007ff882401000 	C:\WINDOWS\System32\KERNELBASE.dll
0x00007ff881b80000 - 0x00007ff881c91000 	C:\WINDOWS\System32\ucrtbase.dll
0x00007ff872fe0000 - 0x00007ff872ff8000 	c:\Users\ASUS\.vscode\extensions\redhat.java-1.40.0-win32-x64\jre\21.0.6-win32-x86_64\bin\jli.dll
0x00007ff85e8a0000 - 0x00007ff85e8be000 	c:\Users\ASUS\.vscode\extensions\redhat.java-1.40.0-win32-x64\jre\21.0.6-win32-x86_64\bin\VCRUNTIME140.dll
0x00007ff883730000 - 0x00007ff8838e1000 	C:\WINDOWS\System32\USER32.dll
0x00007ff8697f0000 - 0x00007ff869a82000 	C:\WINDOWS\WinSxS\amd64_microsoft.windows.common-controls_6595b64144ccf1df_6.0.22621.4830_none_270fe7d773858e80\COMCTL32.dll
0x00007ff881b50000 - 0x00007ff881b76000 	C:\WINDOWS\System32\win32u.dll
0x00007ff8826d0000 - 0x00007ff882777000 	C:\WINDOWS\System32\msvcrt.dll
0x00007ff883fb0000 - 0x00007ff883fd9000 	C:\WINDOWS\System32\GDI32.dll
0x00007ff881d20000 - 0x00007ff881e3b000 	C:\WINDOWS\System32\gdi32full.dll
0x00007ff881ab0000 - 0x00007ff881b4a000 	C:\WINDOWS\System32\msvcp_win.dll
0x00007ff884540000 - 0x00007ff884571000 	C:\WINDOWS\System32\IMM32.DLL
0x00007ff870c30000 - 0x00007ff870c3c000 	c:\Users\ASUS\.vscode\extensions\redhat.java-1.40.0-win32-x64\jre\21.0.6-win32-x86_64\bin\vcruntime140_1.dll
0x00007ff84fd80000 - 0x00007ff84fe0d000 	c:\Users\ASUS\.vscode\extensions\redhat.java-1.40.0-win32-x64\jre\21.0.6-win32-x86_64\bin\msvcp140.dll
0x00007fffc7df0000 - 0x00007fffc8b80000 	c:\Users\ASUS\.vscode\extensions\redhat.java-1.40.0-win32-x64\jre\21.0.6-win32-x86_64\bin\server\jvm.dll
0x00007ff884480000 - 0x00007ff884531000 	C:\WINDOWS\System32\ADVAPI32.dll
0x00007ff883ae0000 - 0x00007ff883b87000 	C:\WINDOWS\System32\sechost.dll
0x00007ff882550000 - 0x00007ff882578000 	C:\WINDOWS\System32\bcrypt.dll
0x00007ff8845a0000 - 0x00007ff8846b4000 	C:\WINDOWS\System32\RPCRT4.dll
0x00007ff883c50000 - 0x00007ff883cc1000 	C:\WINDOWS\System32\WS2_32.dll
0x00007ff8808a0000 - 0x00007ff8808ed000 	C:\WINDOWS\SYSTEM32\POWRPROF.dll
0x00007ff8797b0000 - 0x00007ff8797e4000 	C:\WINDOWS\SYSTEM32\WINMM.dll
0x00007ff87a720000 - 0x00007ff87a72a000 	C:\WINDOWS\SYSTEM32\VERSION.dll
0x00007ff880880000 - 0x00007ff880893000 	C:\WINDOWS\SYSTEM32\UMPDC.dll
0x00007ff880ad0000 - 0x00007ff880ae8000 	C:\WINDOWS\SYSTEM32\kernel.appcore.dll
0x00007ff86efe0000 - 0x00007ff86efea000 	c:\Users\ASUS\.vscode\extensions\redhat.java-1.40.0-win32-x64\jre\21.0.6-win32-x86_64\bin\jimage.dll
0x00007ff87f4b0000 - 0x00007ff87f6e2000 	C:\WINDOWS\SYSTEM32\DBGHELP.DLL
0x00007ff883fe0000 - 0x00007ff884370000 	C:\WINDOWS\System32\combase.dll
0x00007ff883a00000 - 0x00007ff883ad7000 	C:\WINDOWS\System32\OLEAUT32.dll
0x00007ff877b50000 - 0x00007ff877b82000 	C:\WINDOWS\SYSTEM32\dbgcore.DLL
0x00007ff881ca0000 - 0x00007ff881d1b000 	C:\WINDOWS\System32\bcryptPrimitives.dll
0x00007ff86ed20000 - 0x00007ff86ed2f000 	c:\Users\ASUS\.vscode\extensions\redhat.java-1.40.0-win32-x64\jre\21.0.6-win32-x86_64\bin\instrument.dll
0x00007ff85e650000 - 0x00007ff85e66f000 	c:\Users\ASUS\.vscode\extensions\redhat.java-1.40.0-win32-x64\jre\21.0.6-win32-x86_64\bin\java.dll
0x00007ff8827e0000 - 0x00007ff883068000 	C:\WINDOWS\System32\SHELL32.dll
0x00007ff882410000 - 0x00007ff88254f000 	C:\WINDOWS\System32\wintypes.dll
0x00007ff87f960000 - 0x00007ff88026d000 	C:\WINDOWS\SYSTEM32\windows.storage.dll
0x00007ff884370000 - 0x00007ff88447a000 	C:\WINDOWS\System32\SHCORE.dll
0x00007ff8838f0000 - 0x00007ff88394e000 	C:\WINDOWS\System32\shlwapi.dll
0x00007ff881920000 - 0x00007ff88194b000 	C:\WINDOWS\SYSTEM32\profapi.dll
0x00007ff8520d0000 - 0x00007ff8520e8000 	c:\Users\ASUS\.vscode\extensions\redhat.java-1.40.0-win32-x64\jre\21.0.6-win32-x86_64\bin\zip.dll
0x00007ff86ecf0000 - 0x00007ff86ed00000 	C:\Users\ASUS\.vscode\extensions\redhat.java-1.40.0-win32-x64\jre\21.0.6-win32-x86_64\bin\net.dll
0x00007ff87b810000 - 0x00007ff87b93c000 	C:\WINDOWS\SYSTEM32\WINHTTP.dll
0x00007ff880fa0000 - 0x00007ff88100a000 	C:\WINDOWS\system32\mswsock.dll
0x00007ff850c10000 - 0x00007ff850c26000 	C:\Users\ASUS\.vscode\extensions\redhat.java-1.40.0-win32-x64\jre\21.0.6-win32-x86_64\bin\nio.dll
0x00007ff8681c0000 - 0x00007ff8681d0000 	c:\Users\ASUS\.vscode\extensions\redhat.java-1.40.0-win32-x64\jre\21.0.6-win32-x86_64\bin\verify.dll
0x00007ff850a30000 - 0x00007ff850a75000 	C:\Users\ASUS\AppData\Roaming\Code\User\globalStorage\redhat.java\1.40.0\config_win\org.eclipse.equinox.launcher\org.eclipse.equinox.launcher.win32.win32.x86_64_1.2.1200.v20250212-0927\eclipse_11909.dll
0x00007ff8846c0000 - 0x00007ff884861000 	C:\WINDOWS\System32\ole32.dll
0x00007ff8811f0000 - 0x00007ff88120b000 	C:\WINDOWS\SYSTEM32\CRYPTSP.dll
0x00007ff880a90000 - 0x00007ff880ac7000 	C:\WINDOWS\system32\rsaenh.dll
0x00007ff881090000 - 0x00007ff8810b8000 	C:\WINDOWS\SYSTEM32\USERENV.dll
0x00007ff881210000 - 0x00007ff88121c000 	C:\WINDOWS\SYSTEM32\CRYPTBASE.dll
0x00007ff880540000 - 0x00007ff88056d000 	C:\WINDOWS\SYSTEM32\IPHLPAPI.DLL
0x00007ff883b90000 - 0x00007ff883b99000 	C:\WINDOWS\System32\NSI.dll
0x00007ff84e170000 - 0x00007ff84e1b9000 	C:\Users\ASUS\AppData\Local\Temp\jna-2018896\jna3865328370527796307.dll
0x00007ff884590000 - 0x00007ff884598000 	C:\WINDOWS\System32\PSAPI.DLL
0x00007ff87bae0000 - 0x00007ff87baf9000 	C:\WINDOWS\SYSTEM32\dhcpcsvc6.DLL
0x00007ff87b140000 - 0x00007ff87b15f000 	C:\WINDOWS\SYSTEM32\dhcpcsvc.DLL

dbghelp: loaded successfully - version: 4.0.5 - missing functions: none
symbol engine: initialized successfully - sym options: 0x614 - pdb path: .;c:\Users\ASUS\.vscode\extensions\redhat.java-1.40.0-win32-x64\jre\21.0.6-win32-x86_64\bin;C:\WINDOWS\SYSTEM32;C:\WINDOWS\WinSxS\amd64_microsoft.windows.common-controls_6595b64144ccf1df_6.0.22621.4830_none_270fe7d773858e80;c:\Users\ASUS\.vscode\extensions\redhat.java-1.40.0-win32-x64\jre\21.0.6-win32-x86_64\bin\server;C:\Users\ASUS\AppData\Roaming\Code\User\globalStorage\redhat.java\1.40.0\config_win\org.eclipse.equinox.launcher\org.eclipse.equinox.launcher.win32.win32.x86_64_1.2.1200.v20250212-0927;C:\Users\ASUS\AppData\Local\Temp\jna-2018896

VM Arguments:
jvm_args: --add-modules=ALL-SYSTEM --add-opens=java.base/java.util=ALL-UNNAMED --add-opens=java.base/java.lang=ALL-UNNAMED --add-opens=java.base/sun.nio.fs=ALL-UNNAMED -Declipse.application=org.eclipse.jdt.ls.core.id1 -Dosgi.bundles.defaultStartLevel=4 -Declipse.product=org.eclipse.jdt.ls.core.product -Djava.import.generatesMetadataFilesAtProjectRoot=false -DDetectVMInstallationsJob.disabled=true -Dfile.encoding=utf8 -XX:+UseParallelGC -XX:GCTimeRatio=4 -XX:AdaptiveSizePolicyWeight=90 -Dsun.zip.disableMemoryMapping=true -Xmx1G -Xms100m -Xlog:disable -javaagent:c:\Users\ASUS\.vscode\extensions\redhat.java-1.40.0-win32-x64\lombok\lombok-1.18.36.jar -XX:+HeapDumpOnOutOfMemoryError -XX:HeapDumpPath=c:\Users\ASUS\AppData\Roaming\Code\User\workspaceStorage\b386038ac4fada495da08a274342fa16\redhat.java -Daether.dependencyCollector.impl=bf 
java_command: c:\Users\ASUS\.vscode\extensions\redhat.java-1.40.0-win32-x64\server\plugins\org.eclipse.equinox.launcher_1.6.1000.v20250131-0606.jar -configuration c:\Users\ASUS\AppData\Roaming\Code\User\globalStorage\redhat.java\1.40.0\config_win -data c:\Users\ASUS\AppData\Roaming\Code\User\workspaceStorage\b386038ac4fada495da08a274342fa16\redhat.java\jdt_ws --pipe=\\.\pipe\lsp-92dc78e267f668bceaf39bd047e656fa-sock
java_class_path (initial): c:\Users\ASUS\.vscode\extensions\redhat.java-1.40.0-win32-x64\server\plugins\org.eclipse.equinox.launcher_1.6.1000.v20250131-0606.jar
Launcher Type: SUN_STANDARD

[Global flags]
    uintx AdaptiveSizePolicyWeight                 = 90                                        {product} {command line}
     intx CICompilerCount                          = 4                                         {product} {ergonomic}
    uintx GCTimeRatio                              = 4                                         {product} {command line}
     bool HeapDumpOnOutOfMemoryError               = true                                   {manageable} {command line}
    ccstr HeapDumpPath                             = c:\Users\ASUS\AppData\Roaming\Code\User\workspaceStorage\b386038ac4fada495da08a274342fa16\redhat.java         {manageable} {command line}
   size_t InitialHeapSize                          = 104857600                                 {product} {command line}
   size_t MaxHeapSize                              = 1073741824                                {product} {command line}
   size_t MaxNewSize                               = 357564416                                 {product} {ergonomic}
   size_t MinHeapDeltaBytes                        = 524288                                    {product} {ergonomic}
   size_t MinHeapSize                              = 104857600                                 {product} {command line}
   size_t NewSize                                  = 34603008                                  {product} {ergonomic}
    uintx NonNMethodCodeHeapSize                   = 5839372                                {pd product} {ergonomic}
    uintx NonProfiledCodeHeapSize                  = 122909434                              {pd product} {ergonomic}
   size_t OldSize                                  = 70254592                                  {product} {ergonomic}
    uintx ProfiledCodeHeapSize                     = 122909434                              {pd product} {ergonomic}
    uintx ReservedCodeCacheSize                    = 251658240                              {pd product} {ergonomic}
     bool SegmentedCodeCache                       = true                                      {product} {ergonomic}
   size_t SoftMaxHeapSize                          = 1073741824                             {manageable} {ergonomic}
     bool UseCompressedOops                        = true                           {product lp64_product} {ergonomic}
     bool UseLargePagesIndividualAllocation        = false                                  {pd product} {ergonomic}
     bool UseParallelGC                            = true                                      {product} {command line}

Logging:
Log output configuration:
 #0: stdout all=off uptime,level,tags foldmultilines=false
 #1: stderr all=off uptime,level,tags foldmultilines=false

Environment Variables:
JAVA_HOME=C:\Users\ASUS\AppData\Local\Programs\Eclipse Adoptium\jdk-17.0.8.101-hotspot\
PATH=C:\Users\ASUS\AppData\Local\cloud-code\installer\google-cloud-sdk\bin;C:\Program Files\jdk-21.0.5\bin;C:\Users\ASUS\AppData\Local\Programs\Python\Python312\Scripts\;C:\Users\ASUS\AppData\Local\Programs\Python\Python312\;C:\Program Files (x86)\Common Files\Oracle\Java\javapath;C:\ProgramData\Oracle\Java\javapath;C:\Windows\system32;C:\Windows;C:\Windows\System32\Wbem;C:\Windows\System32\WindowsPowerShell\v1.0\;C:\Windows\System32\OpenSSH\;C:\Program Files (x86)\NVIDIA Corporation\PhysX\Common;C:\Program Files\NVIDIA Corporation\NVIDIA NvDLISR;C:\Program Files\Calibre2\;C:\WINDOWS\system32;C:\WINDOWS;C:\WINDOWS\System32\Wbem;C:\WINDOWS\System32\WindowsPowerShell\v1.0\;C:\WINDOWS\System32\OpenSSH\;C:\Program Files\Git\cmd;C:\Program Files\nodejs\;C:\ProgramData\chocolatey\bin;C:\Program Files\MySQL\MySQL Shell 8.0\bin\;C:\Users\ASUS\AppData\Local\Programs\Eclipse Adoptium\jdk-17.0.8.101-hotspot\bin;C:\Users\ASUS\AppData\Local\Microsoft\WindowsApps;C:\Users\ASUS\AppData\Local\Programs\Microsoft VS Code\bin;C:\msys64\ucrt64\bin;C:\Users\ASUS\AppData\Local\GitHubDesktop\bin;C:\Users\ASUS\AppData\Roaming\npm;C:\Users\ASUS\AppData\Local\Programs\Python\Python312\python.exe;;C:\Users\ASUS\AppData\Local\Google\Cloud SDK\google-cloud-sdk\bin;C:\Program Files (x86)\Google\Cloud SDK\google-cloud-sdk\bin;C:\Program Files\Google\Cloud SDK\google-cloud-sdk\bin
USERNAME=ASUS
OS=Windows_NT
PROCESSOR_IDENTIFIER=Intel64 Family 6 Model 140 Stepping 1, GenuineIntel
TMP=C:\Users\ASUS\AppData\Local\Temp
TEMP=C:\Users\ASUS\AppData\Local\Temp




Periodic native trim disabled

---------------  S Y S T E M  ---------------

OS:
 Windows 11 , 64 bit Build 22621 (10.0.22621.4974)
OS uptime: 4 days 6:13 hours

CPU: total 8 (initial active 8) (4 cores per cpu, 2 threads per core) family 6 model 140 stepping 1 microcode 0x86, cx8, cmov, fxsr, ht, mmx, 3dnowpref, sse, sse2, sse3, ssse3, sse4.1, sse4.2, popcnt, lzcnt, tsc, tscinvbit, avx, avx2, aes, erms, clmul, bmi1, bmi2, adx, avx512f, avx512dq, avx512cd, avx512bw, avx512vl, sha, fma, vzeroupper, avx512_vpopcntdq, avx512_vpclmulqdq, avx512_vaes, avx512_vnni, clflush, clflushopt, clwb, avx512_vbmi2, avx512_vbmi, rdtscp, rdpid, fsrm, gfni, avx512_bitalg, f16c, pku, cet_ibt, cet_ss, avx512_ifma
Processor Information for the first 8 processors :
  Max Mhz: 3302, Current Mhz: 3302, Mhz Limit: 3302

Memory: 4k page, system-wide physical 16075M (3142M free)
TotalPageFile size 20267M (AvailPageFile size 6M)
current process WorkingSet (physical memory assigned to process): 524M, peak: 525M
current process commit charge ("private bytes"): 494M, peak: 980M

vm_info: OpenJDK 64-Bit Server VM (21.0.6+7-LTS) for windows-amd64 JRE (21.0.6+7-LTS), built on 2025-01-21T00:00:00Z by "admin" with MS VC++ 17.7 (VS2022)

END.
